TN:
SF:src\Alert.js
FN:6,(anonymous_0)
FN:16,(anonymous_1)
FN:21,(anonymous_2)
FN:25,(anonymous_3)
FNF:4
FNH:4
FNDA:7,(anonymous_0)
FNDA:7,(anonymous_1)
FNDA:2,(anonymous_2)
FNDA:6,(anonymous_3)
DA:4,3
DA:6,3
DA:14,7
DA:16,7
DA:17,7
DA:18,1
DA:21,6
DA:22,2
DA:25,6
DA:28,7
DA:29,1
DA:32,6
LF:12
LH:12
BRDA:10,0,0,4
BRDA:11,1,0,6
BRDA:12,2,0,7
BRDA:14,3,0,7
BRDA:14,3,1,0
BRDA:17,4,0,1
BRDA:17,4,1,6
BRDA:17,5,0,7
BRDA:17,5,1,6
BRDA:17,5,2,6
BRDA:28,6,0,1
BRDA:28,6,1,6
BRDA:38,7,0,6
BRDA:38,7,1,2
BRDA:39,8,0,6
BRDA:39,8,1,6
BRF:16
BRH:15
end_of_record
TN:
SF:src\AlertElect.js
FN:6,(anonymous_0)
FN:16,(anonymous_1)
FN:21,(anonymous_2)
FN:25,(anonymous_3)
FNF:4
FNH:3
FNDA:8,(anonymous_0)
FNDA:8,(anonymous_1)
FNDA:0,(anonymous_2)
FNDA:7,(anonymous_3)
DA:4,2
DA:6,2
DA:14,8
DA:16,8
DA:17,8
DA:18,1
DA:21,7
DA:22,0
DA:25,7
DA:28,8
DA:29,1
DA:32,7
LF:12
LH:11
BRDA:9,0,0,7
BRDA:10,1,0,4
BRDA:11,2,0,8
BRDA:12,3,0,8
BRDA:14,4,0,8
BRDA:14,4,1,0
BRDA:17,5,0,1
BRDA:17,5,1,7
BRDA:17,6,0,8
BRDA:17,6,1,7
BRDA:17,6,2,7
BRDA:28,7,0,1
BRDA:28,7,1,7
BRDA:39,8,0,7
BRDA:39,8,1,7
BRF:15
BRH:14
end_of_record
TN:
SF:src\App.js
FN:42,App
FN:131,WrappedApp
FNF:2
FNH:2
FNDA:5,App
FNDA:3,WrappedApp
DA:44,5
DA:45,5
DA:132,3
LF:3
LH:3
BRF:0
BRH:0
end_of_record
TN:
SF:src\AprobarMonitoriasHU010.js
FN:8,AprobarMonitoriasHU010
FN:38,(anonymous_1)
FN:42,(anonymous_2)
FN:46,(anonymous_3)
FN:76,(anonymous_4)
FN:80,(anonymous_5)
FN:90,(anonymous_6)
FN:92,(anonymous_7)
FN:113,(anonymous_8)
FN:129,(anonymous_9)
FN:202,(anonymous_10)
FN:212,(anonymous_11)
FN:234,(anonymous_12)
FN:235,(anonymous_13)
FN:272,(anonymous_14)
FN:305,(anonymous_15)
FN:312,(anonymous_16)
FN:319,(anonymous_17)
FN:337,(anonymous_18)
FN:337,(anonymous_19)
FN:344,(anonymous_20)
FN:344,(anonymous_21)
FN:360,(anonymous_22)
FN:400,(anonymous_23)
FN:410,(anonymous_24)
FN:419,(anonymous_25)
FN:428,(anonymous_26)
FN:440,(anonymous_27)
FN:452,(anonymous_28)
FN:484,(anonymous_29)
FN:499,(anonymous_30)
FNF:31
FNH:18
FNDA:23,AprobarMonitoriasHU010
FNDA:3,(anonymous_1)
FNDA:6,(anonymous_2)
FNDA:6,(anonymous_3)
FNDA:6,(anonymous_4)
FNDA:0,(anonymous_5)
FNDA:16,(anonymous_6)
FNDA:3,(anonymous_7)
FNDA:3,(anonymous_8)
FNDA:3,(anonymous_9)
FNDA:0,(anonymous_10)
FNDA:32,(anonymous_11)
FNDA:0,(anonymous_12)
FNDA:38,(anonymous_13)
FNDA:10,(anonymous_14)
FNDA:1,(anonymous_15)
FNDA:1,(anonymous_16)
FNDA:1,(anonymous_17)
FNDA:0,(anonymous_18)
FNDA:0,(anonymous_19)
FNDA:0,(anonymous_20)
FNDA:0,(anonymous_21)
FNDA:3,(anonymous_22)
FNDA:1,(anonymous_23)
FNDA:0,(anonymous_24)
FNDA:0,(anonymous_25)
FNDA:0,(anonymous_26)
FNDA:0,(anonymous_27)
FNDA:0,(anonymous_28)
FNDA:0,(anonymous_29)
FNDA:3,(anonymous_30)
DA:9,23
DA:10,22
DA:11,22
DA:12,22
DA:13,22
DA:15,22
DA:16,22
DA:17,22
DA:20,22
DA:21,22
DA:22,22
DA:23,22
DA:26,22
DA:36,22
DA:38,22
DA:39,3
DA:42,22
DA:43,6
DA:46,22
DA:47,6
DA:48,6
DA:50,6
DA:58,6
DA:59,0
DA:62,6
DA:63,6
DA:64,6
DA:65,6
DA:66,6
DA:68,0
DA:69,0
DA:70,0
DA:72,6
DA:76,22
DA:77,6
DA:79,6
DA:80,0
DA:81,0
DA:82,0
DA:86,6
DA:87,6
DA:90,22
DA:92,22
DA:93,3
DA:94,3
DA:95,3
DA:98,3
DA:99,1
DA:110,3
DA:113,22
DA:114,3
DA:115,3
DA:116,3
DA:117,3
DA:118,3
DA:129,22
DA:130,3
DA:131,0
DA:132,0
DA:133,0
DA:136,3
DA:138,3
DA:139,3
DA:140,3
DA:142,3
DA:144,1
DA:145,1
DA:149,2
DA:151,1
DA:152,1
DA:156,1
DA:158,1
DA:159,1
DA:160,1
DA:173,3
DA:174,3
DA:183,3
DA:184,0
DA:185,0
DA:188,3
DA:189,3
DA:190,3
DA:191,3
DA:192,3
DA:194,0
DA:195,0
DA:196,0
DA:198,3
DA:202,22
DA:203,0
DA:207,22
DA:208,22
DA:209,22
DA:210,22
DA:212,22
DA:213,32
DA:214,32
DA:215,32
DA:218,22
DA:234,0
DA:236,38
DA:274,10
DA:275,10
DA:276,10
DA:277,10
DA:278,10
DA:279,10
DA:281,10
DA:305,1
DA:312,1
DA:319,1
DA:337,0
DA:344,0
DA:360,3
DA:400,1
DA:410,0
DA:419,0
DA:428,0
DA:440,0
DA:452,0
DA:484,0
DA:499,3
LF:122
LH:97
BRDA:58,0,0,0
BRDA:58,0,1,6
BRDA:65,1,0,6
BRDA:65,1,1,0
BRDA:66,2,0,6
BRDA:66,2,1,0
BRDA:79,3,0,0
BRDA:79,3,1,6
BRDA:81,4,0,0
BRDA:81,4,1,0
BRDA:90,5,0,16
BRDA:90,5,1,0
BRDA:98,6,0,1
BRDA:98,6,1,2
BRDA:100,7,0,1
BRDA:100,7,1,0
BRDA:101,8,0,1
BRDA:101,8,1,0
BRDA:102,9,0,1
BRDA:102,9,1,0
BRDA:103,10,0,1
BRDA:103,10,1,0
BRDA:104,11,0,1
BRDA:104,11,1,0
BRDA:105,12,0,1
BRDA:105,12,1,0
BRDA:106,13,0,1
BRDA:106,13,1,0
BRDA:130,14,0,0
BRDA:130,14,1,3
BRDA:142,15,0,1
BRDA:142,15,1,2
BRDA:149,16,0,1
BRDA:149,16,1,1
BRDA:156,17,0,1
BRDA:156,17,1,0
BRDA:183,18,0,0
BRDA:183,18,1,3
BRDA:189,19,0,3
BRDA:189,19,1,0
BRDA:213,20,0,0
BRDA:213,20,1,32
BRDA:246,21,0,6
BRDA:246,21,1,16
BRDA:250,22,0,6
BRDA:250,22,1,10
BRDA:274,23,0,10
BRDA:274,23,1,0
BRDA:275,24,0,10
BRDA:275,24,1,0
BRDA:276,25,0,10
BRDA:276,25,1,0
BRDA:277,26,0,10
BRDA:277,26,1,0
BRDA:289,27,0,10
BRDA:289,27,1,0
BRDA:289,28,0,10
BRDA:289,28,1,10
BRDA:298,29,0,10
BRDA:298,29,1,0
BRDA:334,30,0,10
BRDA:334,30,1,0
BRDA:358,31,0,22
BRDA:358,31,1,10
BRDA:358,31,2,10
BRDA:363,32,0,10
BRDA:363,32,1,3
BRDA:364,33,0,10
BRDA:364,33,1,3
BRDA:365,34,0,10
BRDA:365,34,1,4
BRDA:375,35,0,10
BRDA:375,35,1,0
BRDA:381,36,0,10
BRDA:381,36,1,0
BRDA:387,37,0,10
BRDA:387,37,1,0
BRDA:392,38,0,4
BRDA:392,38,1,6
BRDA:463,39,0,6
BRDA:463,39,1,0
BRDA:469,40,0,6
BRDA:469,40,1,0
BRDA:469,41,0,6
BRDA:469,41,1,6
BRDA:480,42,0,4
BRDA:480,42,1,6
BRDA:490,43,0,6
BRDA:490,43,1,0
BRDA:501,44,0,3
BRDA:501,44,1,7
BRDA:503,45,0,3
BRDA:503,45,1,4
BRDA:510,46,0,6
BRDA:510,46,1,4
BRDA:511,47,0,4
BRDA:511,47,1,6
BRDA:515,48,0,10
BRDA:515,48,1,3
BRDA:528,49,0,10
BRDA:528,49,1,3
BRDA:540,50,0,10
BRDA:540,50,1,4
BRDA:556,51,0,3
BRDA:556,51,1,7
BRDA:557,52,0,3
BRDA:557,52,1,4
BRDA:563,53,0,10
BRDA:563,53,1,3
BRDA:564,54,0,10
BRDA:564,54,1,3
BRDA:565,55,0,10
BRDA:565,55,1,4
BRF:113
BRH:81
end_of_record
TN:
SF:src\CerrarMonitorias.js
FN:8,CerrarMonitorias
FN:10,(anonymous_1)
FN:11,(anonymous_2)
FN:32,(anonymous_3)
FN:36,(anonymous_4)
FN:67,(anonymous_5)
FN:68,(anonymous_6)
FN:70,(anonymous_7)
FN:77,(anonymous_8)
FN:81,(anonymous_9)
FN:85,(anonymous_10)
FN:94,(anonymous_11)
FN:159,(anonymous_12)
FN:182,(anonymous_13)
FN:201,(anonymous_14)
FN:202,(anonymous_15)
FN:213,(anonymous_16)
FN:219,(anonymous_17)
FN:265,(anonymous_18)
FN:271,(anonymous_19)
FN:296,(anonymous_20)
FN:323,(anonymous_21)
FN:339,(anonymous_22)
FN:340,(anonymous_23)
FN:343,(anonymous_24)
FN:352,(anonymous_25)
FN:364,(anonymous_26)
FN:376,(anonymous_27)
FN:389,(anonymous_28)
FN:390,(anonymous_29)
FN:393,(anonymous_30)
FN:447,(anonymous_31)
FN:456,(anonymous_32)
FNF:33
FNH:17
FNDA:44,CerrarMonitorias
FNDA:9,(anonymous_1)
FNDA:9,(anonymous_2)
FNDA:10,(anonymous_3)
FNDA:11,(anonymous_4)
FNDA:5,(anonymous_5)
FNDA:5,(anonymous_6)
FNDA:0,(anonymous_7)
FNDA:0,(anonymous_8)
FNDA:0,(anonymous_9)
FNDA:4,(anonymous_10)
FNDA:3,(anonymous_11)
FNDA:0,(anonymous_12)
FNDA:1,(anonymous_13)
FNDA:0,(anonymous_14)
FNDA:86,(anonymous_15)
FNDA:0,(anonymous_16)
FNDA:1,(anonymous_17)
FNDA:19,(anonymous_18)
FNDA:5,(anonymous_19)
FNDA:1,(anonymous_20)
FNDA:0,(anonymous_21)
FNDA:0,(anonymous_22)
FNDA:3,(anonymous_23)
FNDA:0,(anonymous_24)
FNDA:2,(anonymous_25)
FNDA:0,(anonymous_26)
FNDA:0,(anonymous_27)
FNDA:0,(anonymous_28)
FNDA:0,(anonymous_29)
FNDA:0,(anonymous_30)
FNDA:0,(anonymous_31)
FNDA:0,(anonymous_32)
DA:9,44
DA:10,44
DA:11,43
DA:12,43
DA:13,43
DA:14,43
DA:15,43
DA:16,43
DA:17,43
DA:20,43
DA:21,43
DA:22,43
DA:25,43
DA:26,43
DA:29,43
DA:30,43
DA:32,43
DA:33,10
DA:36,43
DA:37,11
DA:38,11
DA:39,11
DA:43,11
DA:49,11
DA:51,11
DA:53,11
DA:54,10
DA:56,1
DA:59,0
DA:60,0
DA:61,0
DA:63,11
DA:67,43
DA:68,5
DA:69,5
DA:70,0
DA:72,5
DA:77,43
DA:78,0
DA:79,0
DA:81,0
DA:85,43
DA:86,4
DA:87,0
DA:88,0
DA:89,0
DA:91,4
DA:94,43
DA:95,3
DA:96,1
DA:97,1
DA:98,1
DA:101,2
DA:102,2
DA:103,2
DA:108,2
DA:110,2
DA:119,2
DA:120,1
DA:121,1
DA:125,0
DA:138,0
DA:139,0
DA:140,0
DA:144,1
DA:145,1
DA:146,1
DA:147,1
DA:148,1
DA:149,1
DA:151,1
DA:152,1
DA:153,1
DA:155,2
DA:159,43
DA:160,0
DA:161,0
DA:162,0
DA:168,0
DA:170,0
DA:171,0
DA:172,0
DA:174,0
DA:175,0
DA:176,0
DA:178,0
DA:182,43
DA:183,1
DA:184,1
DA:185,0
DA:188,43
DA:201,0
DA:203,86
DA:213,0
DA:219,1
DA:266,19
DA:271,5
DA:297,1
DA:323,0
DA:339,0
DA:340,3
DA:343,0
DA:352,2
DA:364,0
DA:376,0
DA:389,0
DA:390,0
DA:393,0
DA:447,0
DA:456,0
LF:110
LH:72
BRDA:39,0,0,10
BRDA:39,0,1,1
BRDA:49,1,0,0
BRDA:49,1,1,11
BRDA:53,2,0,10
BRDA:53,2,1,1
BRDA:69,3,0,0
BRDA:69,3,1,5
BRDA:78,4,0,0
BRDA:78,4,1,0
BRDA:86,5,0,0
BRDA:86,5,1,4
BRDA:95,6,0,1
BRDA:95,6,1,2
BRDA:108,7,0,2
BRDA:108,7,1,0
BRDA:119,8,0,1
BRDA:119,8,1,1
BRDA:138,9,0,0
BRDA:138,9,1,0
BRDA:144,10,0,1
BRDA:144,10,1,0
BRDA:144,11,0,0
BRDA:144,11,1,1
BRDA:168,12,0,0
BRDA:168,12,1,0
BRDA:183,13,0,0
BRDA:183,13,1,1
BRDA:184,14,0,1
BRDA:184,14,1,0
BRDA:212,15,0,40
BRDA:212,15,1,3
BRDA:218,16,0,3
BRDA:218,16,1,40
BRDA:225,17,0,13
BRDA:225,17,1,30
BRDA:229,18,0,29
BRDA:229,18,1,1
BRDA:232,19,0,29
BRDA:232,19,1,19
BRDA:238,20,0,19
BRDA:238,20,1,13
BRDA:244,21,0,13
BRDA:244,21,1,6
BRDA:258,22,0,10
BRDA:258,22,1,19
BRDA:273,23,0,19
BRDA:273,23,1,0
BRDA:276,24,0,19
BRDA:276,24,1,0
BRDA:277,25,0,19
BRDA:277,25,1,0
BRDA:278,26,0,19
BRDA:278,26,1,0
BRDA:279,27,0,19
BRDA:279,27,1,0
BRDA:290,28,0,0
BRDA:290,28,1,1
BRDA:299,29,0,1
BRDA:299,29,1,0
BRDA:303,30,0,1
BRDA:303,30,1,0
BRDA:304,31,0,1
BRDA:304,31,1,0
BRDA:305,32,0,1
BRDA:305,32,1,0
BRDA:307,33,0,1
BRDA:307,33,1,1
BRDA:338,34,0,43
BRDA:338,34,1,10
BRDA:346,35,0,0
BRDA:346,35,1,10
BRDA:369,36,0,10
BRDA:369,36,1,0
BRDA:388,37,0,43
BRDA:388,37,1,0
BRDA:388,37,2,0
BRDA:407,38,0,0
BRDA:407,38,1,0
BRDA:408,39,0,0
BRDA:408,39,1,0
BRDA:409,40,0,0
BRDA:409,40,1,0
BRDA:432,41,0,0
BRDA:432,41,1,0
BRDA:436,42,0,0
BRDA:436,42,1,0
BRF:87
BRH:49
end_of_record
TN:
SF:src\Chat.js
FN:7,Chat
FN:24,(anonymous_1)
FN:26,(anonymous_2)
FN:54,(anonymous_3)
FN:54,(anonymous_4)
FN:58,(anonymous_5)
FN:66,(anonymous_6)
FN:86,(anonymous_7)
FN:93,(anonymous_8)
FN:94,(anonymous_9)
FN:111,(anonymous_10)
FN:139,(anonymous_11)
FN:143,(anonymous_12)
FN:149,(anonymous_13)
FN:151,(anonymous_14)
FN:155,(anonymous_15)
FN:158,(anonymous_16)
FN:167,(anonymous_17)
FN:174,(anonymous_18)
FN:178,(anonymous_19)
FN:181,(anonymous_20)
FN:185,(anonymous_21)
FN:190,(anonymous_22)
FN:191,(anonymous_23)
FN:194,(anonymous_24)
FN:198,(anonymous_25)
FN:203,(anonymous_26)
FN:209,(anonymous_27)
FN:228,(anonymous_28)
FN:253,(anonymous_29)
FN:281,(anonymous_30)
FN:285,(anonymous_31)
FN:308,(anonymous_32)
FN:320,(anonymous_33)
FN:344,(anonymous_34)
FN:352,(anonymous_35)
FN:361,(anonymous_36)
FNF:37
FNH:25
FNDA:63,Chat
FNDA:5,(anonymous_1)
FNDA:7,(anonymous_2)
FNDA:8,(anonymous_3)
FNDA:4,(anonymous_4)
FNDA:17,(anonymous_5)
FNDA:7,(anonymous_6)
FNDA:0,(anonymous_7)
FNDA:4,(anonymous_8)
FNDA:0,(anonymous_9)
FNDA:7,(anonymous_10)
FNDA:4,(anonymous_11)
FNDA:8,(anonymous_12)
FNDA:8,(anonymous_13)
FNDA:0,(anonymous_14)
FNDA:4,(anonymous_15)
FNDA:6,(anonymous_16)
FNDA:0,(anonymous_17)
FNDA:0,(anonymous_18)
FNDA:1,(anonymous_19)
FNDA:1,(anonymous_20)
FNDA:1,(anonymous_21)
FNDA:0,(anonymous_22)
FNDA:0,(anonymous_23)
FNDA:0,(anonymous_24)
FNDA:3,(anonymous_25)
FNDA:0,(anonymous_26)
FNDA:3,(anonymous_27)
FNDA:1,(anonymous_28)
FNDA:1,(anonymous_29)
FNDA:54,(anonymous_30)
FNDA:0,(anonymous_31)
FNDA:3,(anonymous_32)
FNDA:0,(anonymous_33)
FNDA:3,(anonymous_34)
FNDA:0,(anonymous_35)
FNDA:40,(anonymous_36)
DA:8,63
DA:15,63
DA:16,63
DA:17,63
DA:18,63
DA:24,63
DA:26,63
DA:27,7
DA:28,5
DA:29,5
DA:30,5
DA:31,5
DA:32,5
DA:33,5
DA:34,5
DA:40,63
DA:41,62
DA:42,62
DA:43,62
DA:44,62
DA:45,62
DA:47,62
DA:48,62
DA:49,62
DA:50,62
DA:51,62
DA:53,62
DA:54,8
DA:58,62
DA:59,17
DA:60,17
DA:61,17
DA:66,62
DA:67,7
DA:68,7
DA:69,7
DA:70,7
DA:71,7
DA:78,7
DA:79,0
DA:80,0
DA:82,7
DA:83,7
DA:85,7
DA:86,7
DA:87,0
DA:88,0
DA:89,0
DA:92,7
DA:93,7
DA:94,4
DA:95,4
DA:98,0
DA:99,0
DA:102,0
DA:103,0
DA:104,0
DA:105,0
DA:107,7
DA:111,62
DA:112,7
DA:113,7
DA:114,7
DA:115,7
DA:116,7
DA:123,7
DA:124,0
DA:125,0
DA:127,7
DA:128,7
DA:129,7
DA:130,7
DA:132,0
DA:133,0
DA:135,7
DA:139,62
DA:140,4
DA:143,62
DA:144,8
DA:145,4
DA:149,62
DA:150,8
DA:151,4
DA:152,0
DA:153,0
DA:155,4
DA:158,62
DA:159,6
DA:160,6
DA:162,6
DA:163,6
DA:167,62
DA:168,0
DA:169,0
DA:170,0
DA:171,0
DA:174,62
DA:175,0
DA:178,62
DA:179,1
DA:180,1
DA:181,1
DA:185,1
DA:187,1
DA:190,62
DA:191,0
DA:192,0
DA:193,0
DA:194,0
DA:198,62
DA:199,3
DA:200,3
DA:203,62
DA:204,0
DA:205,0
DA:206,0
DA:209,62
DA:210,3
DA:211,3
DA:213,3
DA:221,3
DA:222,3
DA:225,3
DA:226,1
DA:227,1
DA:228,1
DA:230,1
DA:238,2
DA:248,3
DA:249,0
DA:250,0
DA:253,3
DA:254,1
DA:256,3
DA:257,3
DA:258,3
DA:259,3
DA:261,0
DA:265,62
DA:282,54
DA:285,0
DA:309,3
DA:321,0
DA:345,3
DA:352,0
DA:361,40
LF:146
LH:111
BRDA:15,0,0,63
BRDA:15,0,1,0
BRDA:16,1,0,63
BRDA:16,1,1,0
BRDA:17,2,0,63
BRDA:17,2,1,63
BRDA:18,3,0,27
BRDA:18,3,1,36
BRDA:20,4,0,36
BRDA:20,4,1,0
BRDA:27,5,0,2
BRDA:27,5,1,5
BRDA:27,6,0,7
BRDA:27,6,1,7
BRDA:27,6,2,7
BRDA:29,7,0,0
BRDA:29,7,1,5
BRDA:32,8,0,5
BRDA:32,8,1,3
BRDA:60,9,0,0
BRDA:60,9,1,17
BRDA:62,10,0,17
BRDA:62,10,1,0
BRDA:67,11,0,0
BRDA:67,11,1,7
BRDA:67,12,0,7
BRDA:67,12,1,7
BRDA:78,13,0,0
BRDA:78,13,1,7
BRDA:80,14,0,0
BRDA:80,14,1,0
BRDA:83,15,0,7
BRDA:83,15,1,0
BRDA:86,16,0,0
BRDA:86,16,1,7
BRDA:86,17,0,7
BRDA:86,17,1,0
BRDA:86,17,2,0
BRDA:92,18,0,7
BRDA:92,18,1,0
BRDA:92,19,0,7
BRDA:92,19,1,7
BRDA:94,20,0,0
BRDA:94,20,1,4
BRDA:94,21,0,4
BRDA:94,21,1,0
BRDA:102,22,0,0
BRDA:102,22,1,0
BRDA:112,23,0,0
BRDA:112,23,1,7
BRDA:123,24,0,0
BRDA:123,24,1,7
BRDA:125,25,0,0
BRDA:125,25,1,0
BRDA:128,26,0,7
BRDA:128,26,1,0
BRDA:132,27,0,0
BRDA:132,27,1,0
BRDA:144,28,0,4
BRDA:144,28,1,4
BRDA:150,29,0,4
BRDA:150,29,1,4
BRDA:160,30,0,0
BRDA:160,30,1,6
BRDA:162,31,0,6
BRDA:162,31,1,0
BRDA:169,32,0,0
BRDA:169,32,1,0
BRDA:175,33,0,0
BRDA:175,33,1,0
BRDA:179,34,0,1
BRDA:179,34,1,0
BRDA:180,35,0,0
BRDA:180,35,1,1
BRDA:183,36,0,0
BRDA:183,36,1,1
BRDA:193,37,0,0
BRDA:193,37,1,0
BRDA:199,38,0,0
BRDA:199,38,1,3
BRDA:204,39,0,0
BRDA:204,39,1,0
BRDA:205,40,0,0
BRDA:205,40,1,0
BRDA:205,41,0,0
BRDA:205,41,1,0
BRDA:210,42,0,0
BRDA:210,42,1,3
BRDA:210,43,0,3
BRDA:210,43,1,1
BRDA:211,44,0,0
BRDA:211,44,1,3
BRDA:211,45,0,3
BRDA:211,45,1,3
BRDA:211,45,2,3
BRDA:211,45,3,3
BRDA:225,46,0,1
BRDA:225,46,1,2
BRDA:248,47,0,0
BRDA:248,47,1,3
BRDA:250,48,0,0
BRDA:250,48,1,0
BRDA:254,49,0,0
BRDA:254,49,1,1
BRDA:261,50,0,0
BRDA:261,50,1,0
BRDA:279,51,0,62
BRDA:279,51,1,4
BRDA:280,52,0,62
BRDA:280,52,1,58
BRDA:280,52,2,4
BRDA:284,53,0,54
BRDA:284,53,1,0
BRDA:305,54,0,62
BRDA:305,54,1,0
BRDA:306,55,0,62
BRDA:306,55,1,47
BRDA:307,56,0,62
BRDA:307,56,1,15
BRDA:307,56,2,12
BRDA:311,57,0,0
BRDA:311,57,1,3
BRDA:314,58,0,0
BRDA:314,58,1,3
BRDA:314,59,0,3
BRDA:314,59,1,0
BRDA:317,60,0,3
BRDA:317,60,1,3
BRDA:318,61,0,3
BRDA:318,61,1,3
BRDA:318,61,2,0
BRDA:322,62,0,0
BRDA:322,62,1,0
BRDA:322,63,0,0
BRDA:322,63,1,0
BRDA:331,64,0,0
BRDA:331,64,1,0
BRDA:343,65,0,3
BRDA:343,65,1,59
BRDA:346,66,0,0
BRDA:346,66,1,3
BRDA:346,67,0,3
BRDA:346,67,1,0
BRF:143
BRH:77
end_of_record
TN:
SF:src\CreateActivity.js
FN:7,CreateActivity
FN:34,(anonymous_1)
FN:41,(anonymous_2)
FN:42,(anonymous_3)
FN:43,(anonymous_4)
FN:50,(anonymous_5)
FN:51,(anonymous_6)
FN:52,(anonymous_7)
FN:56,(anonymous_8)
FN:63,(anonymous_9)
FN:64,(anonymous_10)
FN:65,(anonymous_11)
FN:68,(anonymous_12)
FN:70,(anonymous_13)
FN:90,(anonymous_14)
FN:97,(anonymous_15)
FN:98,(anonymous_16)
FN:102,(anonymous_17)
FN:112,(anonymous_18)
FN:117,(anonymous_19)
FN:169,(anonymous_20)
FN:222,(anonymous_21)
FN:231,(anonymous_22)
FN:263,(anonymous_23)
FN:279,(anonymous_24)
FN:282,(anonymous_25)
FN:294,(anonymous_26)
FN:298,(anonymous_27)
FN:311,(anonymous_28)
FN:322,(anonymous_29)
FN:326,(anonymous_30)
FN:328,(anonymous_31)
FN:344,(anonymous_32)
FN:348,(anonymous_33)
FN:357,(anonymous_34)
FN:369,(anonymous_35)
FN:391,(anonymous_36)
FN:402,(anonymous_37)
FN:404,(anonymous_38)
FN:416,(anonymous_39)
FN:429,(anonymous_40)
FN:437,(anonymous_41)
FN:438,(anonymous_42)
FN:445,(anonymous_43)
FN:449,(anonymous_44)
FN:450,(anonymous_45)
FN:456,(anonymous_46)
FN:461,(anonymous_47)
FN:476,(anonymous_48)
FNF:49
FNH:33
FNDA:58,CreateActivity
FNDA:10,(anonymous_1)
FNDA:9,(anonymous_2)
FNDA:9,(anonymous_3)
FNDA:1,(anonymous_4)
FNDA:10,(anonymous_5)
FNDA:10,(anonymous_6)
FNDA:0,(anonymous_7)
FNDA:5,(anonymous_8)
FNDA:5,(anonymous_9)
FNDA:5,(anonymous_10)
FNDA:0,(anonymous_11)
FNDA:5,(anonymous_12)
FNDA:5,(anonymous_13)
FNDA:5,(anonymous_14)
FNDA:5,(anonymous_15)
FNDA:5,(anonymous_16)
FNDA:0,(anonymous_17)
FNDA:0,(anonymous_18)
FNDA:6,(anonymous_19)
FNDA:0,(anonymous_20)
FNDA:1,(anonymous_21)
FNDA:1,(anonymous_22)
FNDA:1,(anonymous_23)
FNDA:16,(anonymous_24)
FNDA:4,(anonymous_25)
FNDA:0,(anonymous_26)
FNDA:1,(anonymous_27)
FNDA:0,(anonymous_28)
FNDA:4,(anonymous_29)
FNDA:5,(anonymous_30)
FNDA:36,(anonymous_31)
FNDA:4,(anonymous_32)
FNDA:87,(anonymous_33)
FNDA:2,(anonymous_34)
FNDA:1,(anonymous_35)
FNDA:4,(anonymous_36)
FNDA:4,(anonymous_37)
FNDA:23,(anonymous_38)
FNDA:1,(anonymous_39)
FNDA:0,(anonymous_40)
FNDA:0,(anonymous_41)
FNDA:0,(anonymous_42)
FNDA:0,(anonymous_43)
FNDA:0,(anonymous_44)
FNDA:0,(anonymous_45)
FNDA:0,(anonymous_46)
FNDA:0,(anonymous_47)
FNDA:0,(anonymous_48)
DA:9,58
DA:10,55
DA:11,55
DA:12,55
DA:13,55
DA:14,55
DA:15,55
DA:16,55
DA:17,55
DA:18,55
DA:19,55
DA:21,55
DA:22,55
DA:23,55
DA:24,55
DA:26,55
DA:27,55
DA:28,55
DA:30,55
DA:31,55
DA:32,55
DA:34,55
DA:35,10
DA:41,9
DA:42,9
DA:43,1
DA:44,10
DA:50,10
DA:51,10
DA:52,0
DA:56,55
DA:57,5
DA:63,5
DA:64,5
DA:65,0
DA:68,55
DA:70,5
DA:72,5
DA:73,5
DA:74,5
DA:80,5
DA:81,0
DA:83,5
DA:84,5
DA:86,0
DA:90,55
DA:91,5
DA:97,5
DA:99,5
DA:100,5
DA:102,0
DA:112,55
DA:113,0
DA:114,0
DA:117,55
DA:118,6
DA:120,6
DA:122,2
DA:123,2
DA:124,2
DA:127,4
DA:143,4
DA:145,4
DA:146,4
DA:155,3
DA:156,1
DA:157,1
DA:159,2
DA:160,2
DA:163,2
DA:164,2
DA:165,2
DA:167,2
DA:168,0
DA:169,0
DA:170,0
DA:174,0
DA:176,0
DA:183,0
DA:184,0
DA:185,0
DA:186,0
DA:187,0
DA:188,0
DA:190,0
DA:191,0
DA:192,0
DA:195,0
DA:200,2
DA:201,2
DA:202,2
DA:203,2
DA:204,2
DA:205,2
DA:206,2
DA:207,2
DA:210,2
DA:212,2
DA:213,2
DA:219,55
DA:220,55
DA:222,55
DA:223,1
DA:225,0
DA:226,0
DA:227,0
DA:230,1
DA:231,1
DA:233,1
DA:234,1
DA:251,1
DA:252,0
DA:253,0
DA:254,0
DA:257,1
DA:259,1
DA:261,1
DA:263,1
DA:266,1
DA:267,1
DA:269,1
DA:270,1
DA:272,0
DA:274,0
DA:275,0
DA:279,55
DA:280,16
DA:282,4
DA:284,4
DA:285,4
DA:287,0
DA:292,55
DA:294,0
DA:298,55
DA:299,1
DA:300,1
DA:305,55
DA:311,0
DA:322,4
DA:326,5
DA:328,36
DA:344,4
DA:349,87
DA:357,2
DA:369,1
DA:391,4
DA:402,4
DA:404,23
DA:416,1
DA:429,0
DA:438,0
DA:439,0
DA:446,0
DA:449,0
DA:451,0
DA:457,0
DA:458,0
DA:459,0
DA:461,0
DA:476,0
LF:160
LH:115
BRDA:80,0,0,0
BRDA:80,0,1,5
BRDA:120,1,0,2
BRDA:120,1,1,4
BRDA:120,2,0,6
BRDA:120,2,1,4
BRDA:120,2,2,4
BRDA:120,2,3,4
BRDA:120,2,4,4
BRDA:133,3,0,4
BRDA:133,3,1,4
BRDA:155,4,0,1
BRDA:155,4,1,2
BRDA:167,5,0,0
BRDA:167,5,1,2
BRDA:167,6,0,2
BRDA:167,6,1,2
BRDA:183,7,0,0
BRDA:183,7,1,0
BRDA:223,8,0,0
BRDA:223,8,1,1
BRDA:223,9,0,1
BRDA:223,9,1,1
BRDA:251,10,0,0
BRDA:251,10,1,1
BRDA:261,11,0,1
BRDA:261,11,1,0
BRDA:280,12,0,12
BRDA:280,12,1,4
BRDA:284,13,0,4
BRDA:284,13,1,0
BRDA:292,14,0,55
BRDA:292,14,1,0
BRDA:294,15,0,0
BRDA:294,15,1,0
BRDA:362,16,0,55
BRDA:362,16,1,3
BRDA:434,17,0,1
BRDA:434,17,1,54
BRDA:441,18,0,0
BRDA:441,18,1,0
BRDA:442,19,0,0
BRDA:442,19,1,0
BRDA:446,20,0,0
BRDA:446,20,1,0
BRDA:451,21,0,0
BRDA:451,21,1,0
BRDA:457,22,0,0
BRDA:457,22,1,0
BRDA:458,23,0,0
BRDA:458,23,1,0
BRDA:469,24,0,55
BRDA:469,24,1,1
BRF:53
BRH:30
end_of_record
TN:
SF:src\CreateConvocatoria.js
FN:10,CreateConvocatoria
FN:13,(anonymous_1)
FN:14,(anonymous_2)
FN:41,(anonymous_3)
FN:46,(anonymous_4)
FN:52,(anonymous_5)
FN:58,(anonymous_6)
FN:69,(anonymous_7)
FN:98,(anonymous_8)
FN:114,(anonymous_9)
FN:131,(anonymous_10)
FN:142,(anonymous_11)
FN:232,(anonymous_12)
FN:248,(anonymous_13)
FN:286,(anonymous_14)
FN:316,(anonymous_15)
FN:320,(anonymous_16)
FN:330,(anonymous_17)
FN:335,(anonymous_18)
FN:345,(anonymous_19)
FN:350,(anonymous_20)
FN:362,(anonymous_21)
FN:365,(anonymous_22)
FN:376,(anonymous_23)
FN:405,(anonymous_24)
FN:422,(anonymous_25)
FN:436,(anonymous_26)
FN:452,(anonymous_27)
FN:468,(anonymous_28)
FN:508,(anonymous_29)
FN:519,(anonymous_30)
FN:543,(anonymous_31)
FN:543,(anonymous_32)
FN:553,(anonymous_33)
FN:553,(anonymous_34)
FNF:35
FNH:29
FNDA:138,CreateConvocatoria
FNDA:18,(anonymous_1)
FNDA:18,(anonymous_2)
FNDA:18,(anonymous_3)
FNDA:28,(anonymous_4)
FNDA:28,(anonymous_5)
FNDA:18,(anonymous_6)
FNDA:9,(anonymous_7)
FNDA:9,(anonymous_8)
FNDA:19,(anonymous_9)
FNDA:142,(anonymous_10)
FNDA:11,(anonymous_11)
FNDA:1,(anonymous_12)
FNDA:2,(anonymous_13)
FNDA:0,(anonymous_14)
FNDA:9,(anonymous_15)
FNDA:116,(anonymous_16)
FNDA:9,(anonymous_17)
FNDA:94,(anonymous_18)
FNDA:9,(anonymous_19)
FNDA:76,(anonymous_20)
FNDA:9,(anonymous_21)
FNDA:272,(anonymous_22)
FNDA:9,(anonymous_23)
FNDA:9,(anonymous_24)
FNDA:9,(anonymous_25)
FNDA:1,(anonymous_26)
FNDA:1,(anonymous_27)
FNDA:9,(anonymous_28)
FNDA:2,(anonymous_29)
FNDA:0,(anonymous_30)
FNDA:0,(anonymous_31)
FNDA:0,(anonymous_32)
FNDA:0,(anonymous_33)
FNDA:0,(anonymous_34)
DA:11,138
DA:13,138
DA:14,136
DA:16,136
DA:17,136
DA:18,136
DA:19,136
DA:21,136
DA:22,136
DA:23,136
DA:24,136
DA:25,136
DA:26,136
DA:27,136
DA:28,136
DA:29,136
DA:30,136
DA:31,136
DA:33,136
DA:34,136
DA:35,136
DA:36,136
DA:37,136
DA:39,136
DA:41,136
DA:42,18
DA:43,18
DA:46,136
DA:47,28
DA:48,9
DA:52,136
DA:53,28
DA:54,9
DA:58,136
DA:59,18
DA:60,18
DA:61,18
DA:62,18
DA:63,18
DA:65,0
DA:69,136
DA:70,9
DA:71,9
DA:72,9
DA:83,9
DA:84,9
DA:85,0
DA:86,0
DA:87,0
DA:89,9
DA:90,9
DA:91,9
DA:93,0
DA:94,0
DA:98,136
DA:99,9
DA:100,9
DA:101,9
DA:102,0
DA:103,0
DA:104,0
DA:106,9
DA:107,9
DA:109,0
DA:110,0
DA:114,136
DA:115,19
DA:116,19
DA:121,19
DA:122,19
DA:123,19
DA:126,0
DA:131,136
DA:132,142
DA:133,142
DA:134,142
DA:135,142
DA:137,0
DA:140,136
DA:142,136
DA:143,11
DA:145,11
DA:146,2
DA:147,2
DA:148,2
DA:151,9
DA:152,1
DA:153,1
DA:154,1
DA:158,8
DA:159,1
DA:160,1
DA:161,1
DA:163,7
DA:164,1
DA:165,1
DA:166,1
DA:170,6
DA:171,6
DA:172,1
DA:173,1
DA:174,1
DA:176,5
DA:177,1
DA:178,1
DA:179,1
DA:181,4
DA:182,1
DA:183,1
DA:184,1
DA:187,3
DA:189,3
DA:204,3
DA:205,3
DA:214,2
DA:215,1
DA:216,1
DA:217,1
DA:218,1
DA:220,1
DA:221,1
DA:222,1
DA:225,1
DA:226,1
DA:228,3
DA:232,136
DA:233,1
DA:234,1
DA:235,1
DA:236,1
DA:237,1
DA:238,1
DA:239,1
DA:240,1
DA:241,1
DA:242,1
DA:243,1
DA:244,1
DA:245,1
DA:248,136
DA:249,2
DA:257,2
DA:261,2
DA:276,136
DA:277,136
DA:278,136
DA:279,136
DA:281,136
DA:286,0
DA:316,9
DA:321,116
DA:330,9
DA:336,94
DA:345,9
DA:351,76
DA:362,9
DA:366,272
DA:376,9
DA:405,9
DA:422,9
DA:436,1
DA:452,1
DA:468,9
DA:509,2
DA:519,0
DA:543,0
DA:553,0
LF:167
LH:150
BRDA:47,0,0,9
BRDA:47,0,1,19
BRDA:53,1,0,9
BRDA:53,1,1,19
BRDA:63,2,0,18
BRDA:63,2,1,0
BRDA:84,3,0,0
BRDA:84,3,1,9
BRDA:91,4,0,9
BRDA:91,4,1,0
BRDA:101,5,0,0
BRDA:101,5,1,9
BRDA:107,6,0,9
BRDA:107,6,1,0
BRDA:121,7,0,19
BRDA:121,7,1,0
BRDA:123,8,0,19
BRDA:123,8,1,0
BRDA:132,9,0,0
BRDA:132,9,1,142
BRDA:134,10,0,142
BRDA:134,10,1,0
BRDA:145,11,0,2
BRDA:145,11,1,9
BRDA:145,12,0,11
BRDA:145,12,1,9
BRDA:145,12,2,9
BRDA:145,12,3,9
BRDA:145,12,4,9
BRDA:145,12,5,9
BRDA:151,13,0,1
BRDA:151,13,1,8
BRDA:158,14,0,1
BRDA:158,14,1,7
BRDA:163,15,0,1
BRDA:163,15,1,6
BRDA:171,16,0,1
BRDA:171,16,1,5
BRDA:171,17,0,6
BRDA:171,17,1,6
BRDA:176,18,0,1
BRDA:176,18,1,4
BRDA:176,19,0,5
BRDA:176,19,1,5
BRDA:181,20,0,1
BRDA:181,20,1,3
BRDA:214,21,0,1
BRDA:214,21,1,1
BRDA:257,22,0,2
BRDA:257,22,1,0
BRDA:258,23,0,0
BRDA:258,23,1,0
BRDA:285,24,0,136
BRDA:285,24,1,3
BRDA:410,25,0,136
BRDA:410,25,1,136
BRDA:423,26,0,136
BRDA:423,26,1,87
BRDA:442,27,0,136
BRDA:442,27,1,2
BRDA:458,28,0,136
BRDA:458,28,1,2
BRDA:474,29,0,116
BRDA:474,29,1,20
BRDA:480,30,0,3
BRDA:480,30,1,133
BRDA:489,31,0,135
BRDA:489,31,1,1
BRDA:517,32,0,2
BRDA:517,32,1,1
BRDA:540,33,0,1
BRDA:540,33,1,0
BRF:72
BRH:59
end_of_record
TN:
SF:src\CreateMonitoria.js
FN:10,CreateMonitoria
FN:18,(anonymous_1)
FN:19,(anonymous_2)
FN:49,(anonymous_3)
FN:54,(anonymous_4)
FN:60,(anonymous_5)
FN:67,(anonymous_6)
FN:83,(anonymous_7)
FN:84,(anonymous_8)
FN:85,(anonymous_9)
FN:92,(anonymous_10)
FN:93,(anonymous_11)
FN:99,(anonymous_12)
FN:116,(anonymous_13)
FN:121,(anonymous_14)
FN:152,(anonymous_15)
FN:164,(anonymous_16)
FN:170,(anonymous_17)
FN:179,(anonymous_18)
FN:183,(anonymous_19)
FN:194,(anonymous_20)
FN:200,(anonymous_21)
FN:208,(anonymous_22)
FN:212,(anonymous_23)
FN:217,(anonymous_24)
FN:222,(anonymous_25)
FN:227,(anonymous_26)
FN:232,(anonymous_27)
FN:237,(anonymous_28)
FN:241,(anonymous_29)
FN:255,(anonymous_30)
FN:297,(anonymous_31)
FN:321,(anonymous_32)
FN:326,(anonymous_33)
FN:402,(anonymous_34)
FN:408,(anonymous_35)
FN:414,(anonymous_36)
FN:415,(anonymous_37)
FN:429,(anonymous_38)
FN:439,(anonymous_39)
FN:451,(anonymous_40)
FN:476,(anonymous_41)
FN:484,(anonymous_42)
FN:488,(anonymous_43)
FN:505,(anonymous_44)
FN:522,(anonymous_45)
FN:539,(anonymous_46)
FN:556,(anonymous_47)
FN:567,(anonymous_48)
FN:580,(anonymous_49)
FN:617,(anonymous_50)
FN:631,(anonymous_51)
FN:674,(anonymous_52)
FN:688,(anonymous_53)
FN:697,(anonymous_54)
FN:736,(anonymous_55)
FNF:56
FNH:35
FNDA:60,CreateMonitoria
FNDA:11,(anonymous_1)
FNDA:11,(anonymous_2)
FNDA:11,(anonymous_3)
FNDA:11,(anonymous_4)
FNDA:11,(anonymous_5)
FNDA:0,(anonymous_6)
FNDA:0,(anonymous_7)
FNDA:0,(anonymous_8)
FNDA:0,(anonymous_9)
FNDA:11,(anonymous_10)
FNDA:11,(anonymous_11)
FNDA:26,(anonymous_12)
FNDA:0,(anonymous_13)
FNDA:0,(anonymous_14)
FNDA:17,(anonymous_15)
FNDA:17,(anonymous_16)
FNDA:17,(anonymous_17)
FNDA:0,(anonymous_18)
FNDA:17,(anonymous_19)
FNDA:17,(anonymous_20)
FNDA:17,(anonymous_21)
FNDA:0,(anonymous_22)
FNDA:5,(anonymous_23)
FNDA:5,(anonymous_24)
FNDA:4,(anonymous_25)
FNDA:0,(anonymous_26)
FNDA:4,(anonymous_27)
FNDA:4,(anonymous_28)
FNDA:0,(anonymous_29)
FNDA:0,(anonymous_30)
FNDA:2,(anonymous_31)
FNDA:0,(anonymous_32)
FNDA:5,(anonymous_33)
FNDA:1,(anonymous_34)
FNDA:1,(anonymous_35)
FNDA:58,(anonymous_36)
FNDA:18,(anonymous_37)
FNDA:54,(anonymous_38)
FNDA:0,(anonymous_39)
FNDA:0,(anonymous_40)
FNDA:5,(anonymous_41)
FNDA:0,(anonymous_42)
FNDA:0,(anonymous_43)
FNDA:51,(anonymous_44)
FNDA:39,(anonymous_45)
FNDA:28,(anonymous_46)
FNDA:116,(anonymous_47)
FNDA:3,(anonymous_48)
FNDA:0,(anonymous_49)
FNDA:0,(anonymous_50)
FNDA:0,(anonymous_51)
FNDA:18,(anonymous_52)
FNDA:2,(anonymous_53)
FNDA:0,(anonymous_54)
FNDA:0,(anonymous_55)
DA:12,60
DA:13,58
DA:14,58
DA:15,58
DA:16,58
DA:18,58
DA:19,58
DA:21,58
DA:22,58
DA:23,58
DA:24,58
DA:25,58
DA:26,58
DA:27,58
DA:28,58
DA:29,58
DA:30,58
DA:31,58
DA:32,58
DA:33,58
DA:34,58
DA:35,58
DA:36,58
DA:37,58
DA:38,58
DA:39,58
DA:40,58
DA:41,58
DA:42,58
DA:43,58
DA:44,58
DA:45,58
DA:49,58
DA:50,11
DA:51,11
DA:52,11
DA:53,11
DA:55,11
DA:56,0
DA:58,11
DA:61,11
DA:62,11
DA:64,0
DA:67,0
DA:70,11
DA:71,11
DA:73,11
DA:77,11
DA:78,0
DA:83,0
DA:84,0
DA:86,0
DA:87,0
DA:92,58
DA:93,11
DA:94,11
DA:96,11
DA:99,58
DA:100,26
DA:101,26
DA:102,26
DA:103,26
DA:104,26
DA:105,26
DA:110,26
DA:111,26
DA:112,26
DA:113,0
DA:116,58
DA:117,0
DA:118,0
DA:121,58
DA:122,0
DA:123,0
DA:124,0
DA:132,0
DA:133,0
DA:134,0
DA:136,0
DA:137,0
DA:139,0
DA:141,0
DA:142,0
DA:143,0
DA:145,0
DA:146,0
DA:152,58
DA:153,17
DA:157,17
DA:165,17
DA:166,0
DA:168,17
DA:171,17
DA:172,17
DA:173,17
DA:175,0
DA:176,0
DA:179,0
DA:183,58
DA:184,17
DA:187,17
DA:195,17
DA:196,0
DA:198,17
DA:201,17
DA:202,17
DA:204,0
DA:205,0
DA:208,0
DA:212,58
DA:213,5
DA:217,58
DA:218,5
DA:222,58
DA:223,4
DA:227,58
DA:228,0
DA:232,58
DA:233,4
DA:237,58
DA:238,4
DA:241,58
DA:242,0
DA:243,0
DA:244,0
DA:245,0
DA:246,0
DA:249,0
DA:250,0
DA:251,0
DA:255,58
DA:256,0
DA:258,0
DA:259,0
DA:260,0
DA:261,0
DA:264,0
DA:265,0
DA:267,0
DA:268,0
DA:269,0
DA:272,0
DA:273,0
DA:281,0
DA:282,0
DA:283,0
DA:285,0
DA:286,0
DA:289,0
DA:290,0
DA:291,0
DA:297,58
DA:298,2
DA:299,2
DA:306,2
DA:307,2
DA:308,1
DA:309,1
DA:311,1
DA:313,2
DA:315,0
DA:316,0
DA:317,0
DA:321,58
DA:322,0
DA:323,0
DA:326,58
DA:327,5
DA:342,5
DA:343,1
DA:344,1
DA:345,1
DA:347,4
DA:348,1
DA:349,1
DA:350,1
DA:352,3
DA:353,3
DA:354,0
DA:355,0
DA:356,0
DA:359,3
DA:360,3
DA:368,3
DA:369,3
DA:370,3
DA:373,3
DA:374,2
DA:375,2
DA:376,2
DA:377,2
DA:378,2
DA:379,2
DA:380,2
DA:381,2
DA:382,2
DA:383,2
DA:384,2
DA:385,2
DA:388,3
DA:390,0
DA:391,0
DA:392,0
DA:396,58
DA:397,58
DA:398,58
DA:400,58
DA:402,58
DA:403,1
DA:404,1
DA:408,58
DA:409,1
DA:410,1
DA:414,58
DA:415,58
DA:416,18
DA:417,18
DA:418,18
DA:429,58
DA:430,54
DA:431,54
DA:432,54
DA:433,54
DA:435,0
DA:439,58
DA:441,0
DA:442,0
DA:444,0
DA:447,58
DA:451,0
DA:476,5
DA:484,0
DA:489,0
DA:506,51
DA:523,39
DA:540,28
DA:557,116
DA:567,3
DA:580,0
DA:617,0
DA:631,0
DA:675,18
DA:688,2
DA:697,0
DA:736,0
LF:245
LH:160
BRDA:40,0,0,58
BRDA:40,0,1,0
BRDA:51,1,0,11
BRDA:51,1,1,0
BRDA:55,2,0,0
BRDA:55,2,1,11
BRDA:61,3,0,11
BRDA:61,3,1,0
BRDA:70,4,0,0
BRDA:70,4,1,11
BRDA:71,5,0,11
BRDA:71,5,1,0
BRDA:71,6,0,11
BRDA:71,6,1,0
BRDA:77,7,0,0
BRDA:77,7,1,11
BRDA:83,8,0,0
BRDA:83,8,1,0
BRDA:84,9,0,0
BRDA:84,9,1,0
BRDA:102,10,0,26
BRDA:102,10,1,0
BRDA:103,11,0,0
BRDA:103,11,1,26
BRDA:104,12,0,0
BRDA:104,12,1,26
BRDA:110,13,0,0
BRDA:110,13,1,26
BRDA:112,14,0,26
BRDA:112,14,1,0
BRDA:122,15,0,0
BRDA:122,15,1,0
BRDA:133,16,0,0
BRDA:133,16,1,0
BRDA:134,17,0,0
BRDA:134,17,1,0
BRDA:136,18,0,0
BRDA:136,18,1,0
BRDA:165,19,0,0
BRDA:165,19,1,17
BRDA:171,20,0,17
BRDA:171,20,1,0
BRDA:195,21,0,0
BRDA:195,21,1,17
BRDA:201,22,0,17
BRDA:201,22,1,0
BRDA:242,23,0,0
BRDA:242,23,1,0
BRDA:243,24,0,0
BRDA:243,24,1,0
BRDA:243,25,0,0
BRDA:243,25,1,0
BRDA:249,26,0,0
BRDA:249,26,1,0
BRDA:256,27,0,0
BRDA:256,27,1,0
BRDA:258,28,0,0
BRDA:258,28,1,0
BRDA:268,29,0,0
BRDA:268,29,1,0
BRDA:268,30,0,0
BRDA:268,30,1,0
BRDA:285,31,0,0
BRDA:285,31,1,0
BRDA:307,32,0,1
BRDA:307,32,1,1
BRDA:333,33,0,0
BRDA:333,33,1,5
BRDA:333,34,0,5
BRDA:333,34,1,0
BRDA:335,35,0,5
BRDA:335,35,1,2
BRDA:336,36,0,5
BRDA:336,36,1,0
BRDA:337,37,0,5
BRDA:337,37,1,0
BRDA:338,38,0,5
BRDA:338,38,1,0
BRDA:342,39,0,1
BRDA:342,39,1,4
BRDA:342,40,0,5
BRDA:342,40,1,4
BRDA:342,40,2,4
BRDA:342,40,3,4
BRDA:342,40,4,4
BRDA:342,40,5,4
BRDA:347,41,0,1
BRDA:347,41,1,3
BRDA:347,42,0,4
BRDA:347,42,1,3
BRDA:352,43,0,3
BRDA:352,43,1,0
BRDA:353,44,0,0
BRDA:353,44,1,3
BRDA:353,45,0,3
BRDA:353,45,1,0
BRDA:373,46,0,2
BRDA:373,46,1,1
BRDA:403,47,0,1
BRDA:403,47,1,0
BRDA:409,48,0,1
BRDA:409,48,1,0
BRDA:422,49,0,18
BRDA:422,49,1,0
BRDA:423,50,0,18
BRDA:423,50,1,0
BRDA:424,51,0,18
BRDA:424,51,1,0
BRDA:424,52,0,18
BRDA:424,52,1,0
BRDA:431,53,0,0
BRDA:431,53,1,54
BRDA:478,54,0,58
BRDA:478,54,1,0
BRDA:651,55,0,50
BRDA:651,55,1,8
BRDA:694,56,0,0
BRDA:694,56,1,18
BRDA:711,57,0,8
BRDA:711,57,1,3
BRDA:738,58,0,0
BRDA:738,58,1,58
BRDA:738,59,0,0
BRDA:738,59,1,0
BRDA:739,60,0,0
BRDA:739,60,1,58
BRDA:739,61,0,0
BRDA:739,61,1,0
BRF:128
BRH:58
end_of_record
TN:
SF:src\CustomComponents.js
FN:5,(anonymous_0)
FN:23,(anonymous_1)
FN:26,(anonymous_2)
FNF:3
FNH:3
FNDA:34,(anonymous_0)
FNDA:1,(anonymous_1)
FNDA:1,(anonymous_2)
DA:5,4
DA:6,34
DA:23,4
DA:26,4
LF:4
LH:4
BRDA:5,0,0,1
BRDA:5,1,0,33
BRF:2
BRH:2
end_of_record
TN:
SF:src\EvaluacionMonitoriaEstudiante.js
FN:77,(anonymous_0)
FN:79,(anonymous_1)
FN:85,EvaluacionMonitoriaEstudiante
FN:88,(anonymous_3)
FN:89,(anonymous_4)
FN:117,(anonymous_5)
FN:140,(anonymous_6)
FN:141,(anonymous_7)
FN:146,(anonymous_8)
FN:166,(anonymous_9)
FN:182,(anonymous_10)
FN:187,(anonymous_11)
FN:193,(anonymous_12)
FN:198,(anonymous_13)
FN:198,(anonymous_14)
FN:199,(anonymous_15)
FN:202,(anonymous_16)
FN:210,(anonymous_17)
FN:224,(anonymous_18)
FN:236,(anonymous_19)
FN:250,(anonymous_20)
FN:270,(anonymous_21)
FN:276,(anonymous_22)
FN:277,(anonymous_23)
FN:283,(anonymous_24)
FN:305,(anonymous_25)
FN:306,(anonymous_26)
FN:316,(anonymous_27)
FN:317,(anonymous_28)
FN:319,(anonymous_29)
FN:323,(anonymous_30)
FN:345,(anonymous_31)
FN:351,(anonymous_32)
FN:360,(anonymous_33)
FN:381,(anonymous_34)
FN:398,(anonymous_35)
FN:411,(anonymous_36)
FN:415,(anonymous_37)
FN:421,(anonymous_38)
FN:467,(anonymous_39)
FN:477,(anonymous_40)
FN:488,(anonymous_41)
FN:499,(anonymous_42)
FN:506,(anonymous_43)
FN:509,(anonymous_44)
FN:513,(anonymous_45)
FN:518,(anonymous_46)
FN:519,(anonymous_47)
FN:544,(anonymous_48)
FN:553,(anonymous_49)
FN:605,(anonymous_50)
FN:614,(anonymous_51)
FN:623,(anonymous_52)
FN:719,(anonymous_53)
FN:808,(anonymous_54)
FN:850,(anonymous_55)
FNF:56
FNH:33
FNDA:18,(anonymous_0)
FNDA:162,(anonymous_1)
FNDA:14,EvaluacionMonitoriaEstudiante
FNDA:4,(anonymous_3)
FNDA:4,(anonymous_4)
FNDA:4,(anonymous_5)
FNDA:4,(anonymous_6)
FNDA:4,(anonymous_7)
FNDA:0,(anonymous_8)
FNDA:0,(anonymous_9)
FNDA:2,(anonymous_10)
FNDA:0,(anonymous_11)
FNDA:0,(anonymous_12)
FNDA:6,(anonymous_13)
FNDA:0,(anonymous_14)
FNDA:0,(anonymous_15)
FNDA:1,(anonymous_16)
FNDA:1,(anonymous_17)
FNDA:0,(anonymous_18)
FNDA:0,(anonymous_19)
FNDA:0,(anonymous_20)
FNDA:4,(anonymous_21)
FNDA:0,(anonymous_22)
FNDA:0,(anonymous_23)
FNDA:0,(anonymous_24)
FNDA:4,(anonymous_25)
FNDA:36,(anonymous_26)
FNDA:5,(anonymous_27)
FNDA:45,(anonymous_28)
FNDA:45,(anonymous_29)
FNDA:2,(anonymous_30)
FNDA:1,(anonymous_31)
FNDA:2,(anonymous_32)
FNDA:9,(anonymous_33)
FNDA:9,(anonymous_34)
FNDA:9,(anonymous_35)
FNDA:1,(anonymous_36)
FNDA:0,(anonymous_37)
FNDA:0,(anonymous_38)
FNDA:16,(anonymous_39)
FNDA:1,(anonymous_40)
FNDA:2,(anonymous_41)
FNDA:0,(anonymous_42)
FNDA:32,(anonymous_43)
FNDA:72,(anonymous_44)
FNDA:504,(anonymous_45)
FNDA:0,(anonymous_46)
FNDA:0,(anonymous_47)
FNDA:0,(anonymous_48)
FNDA:0,(anonymous_49)
FNDA:1,(anonymous_50)
FNDA:0,(anonymous_51)
FNDA:0,(anonymous_52)
FNDA:4,(anonymous_53)
FNDA:0,(anonymous_54)
FNDA:0,(anonymous_55)
DA:9,2
DA:11,2
DA:77,2
DA:78,18
DA:79,18
DA:80,162
DA:82,18
DA:86,14
DA:87,14
DA:88,14
DA:89,13
DA:90,13
DA:91,13
DA:92,13
DA:93,13
DA:94,13
DA:95,13
DA:96,13
DA:97,13
DA:98,13
DA:99,13
DA:100,13
DA:101,13
DA:102,13
DA:104,13
DA:105,13
DA:106,13
DA:107,13
DA:112,13
DA:113,13
DA:114,13
DA:115,13
DA:117,13
DA:118,4
DA:119,4
DA:120,4
DA:121,4
DA:122,4
DA:124,4
DA:125,4
DA:126,0
DA:127,4
DA:128,1
DA:130,4
DA:131,4
DA:132,0
DA:133,0
DA:135,4
DA:136,0
DA:140,13
DA:141,4
DA:142,4
DA:143,4
DA:146,4
DA:147,4
DA:148,0
DA:151,4
DA:152,4
DA:153,0
DA:156,4
DA:157,4
DA:158,4
DA:159,4
DA:160,4
DA:161,4
DA:164,0
DA:166,0
DA:167,0
DA:168,0
DA:169,0
DA:170,0
DA:172,0
DA:173,0
DA:174,0
DA:175,0
DA:179,4
DA:182,13
DA:183,2
DA:184,2
DA:187,13
DA:188,0
DA:191,13
DA:193,13
DA:194,0
DA:195,0
DA:198,13
DA:199,0
DA:202,13
DA:203,1
DA:204,1
DA:205,1
DA:206,1
DA:207,1
DA:210,13
DA:211,1
DA:212,0
DA:213,0
DA:216,1
DA:217,1
DA:218,1
DA:219,1
DA:220,1
DA:224,1
DA:225,1
DA:226,0
DA:228,1
DA:230,0
DA:232,1
DA:236,13
DA:237,0
DA:238,0
DA:239,0
DA:242,0
DA:243,0
DA:244,0
DA:245,0
DA:249,0
DA:250,0
DA:251,0
DA:253,0
DA:254,0
DA:255,0
DA:256,0
DA:257,0
DA:258,0
DA:259,0
DA:260,0
DA:261,0
DA:262,0
DA:264,0
DA:266,0
DA:270,13
DA:271,4
DA:272,1
DA:276,13
DA:277,0
DA:283,13
DA:284,0
DA:285,0
DA:286,0
DA:287,0
DA:288,0
DA:290,0
DA:291,0
DA:292,0
DA:293,0
DA:295,0
DA:296,0
DA:297,0
DA:299,0
DA:300,0
DA:301,0
DA:305,13
DA:306,4
DA:307,36
DA:308,36
DA:309,16
DA:311,36
DA:312,36
DA:316,13
DA:317,45
DA:318,5
DA:319,45
DA:320,5
DA:323,13
DA:324,2
DA:325,0
DA:327,2
DA:328,1
DA:330,1
DA:331,0
DA:333,1
DA:334,9
DA:335,9
DA:336,0
DA:338,9
DA:339,0
DA:342,1
DA:345,13
DA:346,1
DA:347,1
DA:348,1
DA:351,13
DA:352,2
DA:354,2
DA:355,2
DA:356,1
DA:357,1
DA:360,9
DA:368,1
DA:369,1
DA:371,1
DA:381,9
DA:388,1
DA:389,1
DA:391,0
DA:392,0
DA:394,1
DA:398,13
DA:399,9
DA:400,9
DA:401,9
DA:402,9
DA:403,9
DA:404,9
DA:405,9
DA:406,9
DA:409,13
DA:411,13
DA:412,1
DA:413,1
DA:414,1
DA:415,1
DA:417,0
DA:421,13
DA:422,0
DA:423,0
DA:424,0
DA:425,0
DA:428,13
DA:429,13
DA:431,13
DA:468,16
DA:477,1
DA:488,2
DA:499,0
DA:507,32
DA:510,72
DA:514,504
DA:518,0
DA:519,0
DA:544,0
DA:553,0
DA:605,1
DA:614,0
DA:623,0
DA:720,4
DA:809,0
DA:851,0
LF:239
LH:157
BRDA:124,0,0,0
BRDA:124,0,1,4
BRDA:125,1,0,0
BRDA:125,1,1,4
BRDA:127,2,0,1
BRDA:127,2,1,3
BRDA:128,3,0,1
BRDA:128,3,1,0
BRDA:130,4,0,0
BRDA:130,4,1,4
BRDA:131,5,0,0
BRDA:131,5,1,4
BRDA:131,6,0,4
BRDA:131,6,1,0
BRDA:135,7,0,0
BRDA:135,7,1,4
BRDA:135,8,0,4
BRDA:135,8,1,4
BRDA:135,8,2,4
BRDA:147,9,0,0
BRDA:147,9,1,4
BRDA:148,10,0,0
BRDA:148,10,1,0
BRDA:151,11,0,4
BRDA:151,11,1,0
BRDA:152,12,0,0
BRDA:152,12,1,4
BRDA:152,13,0,4
BRDA:152,13,1,0
BRDA:156,14,0,4
BRDA:156,14,1,0
BRDA:166,15,0,0
BRDA:166,15,1,0
BRDA:166,16,0,0
BRDA:166,16,1,0
BRDA:175,17,0,0
BRDA:175,17,1,0
BRDA:191,18,0,13
BRDA:191,18,1,0
BRDA:204,19,0,1
BRDA:204,19,1,0
BRDA:205,20,0,0
BRDA:205,20,1,1
BRDA:206,21,0,0
BRDA:206,21,1,1
BRDA:211,22,0,0
BRDA:211,22,1,1
BRDA:221,23,0,1
BRDA:221,23,1,0
BRDA:225,24,0,0
BRDA:225,24,1,1
BRDA:226,25,0,0
BRDA:226,25,1,0
BRDA:230,26,0,0
BRDA:230,26,1,0
BRDA:237,27,0,0
BRDA:237,27,1,0
BRDA:246,28,0,0
BRDA:246,28,1,0
BRDA:249,29,0,0
BRDA:249,29,1,0
BRDA:251,30,0,0
BRDA:251,30,1,0
BRDA:256,31,0,0
BRDA:256,31,1,0
BRDA:264,32,0,0
BRDA:264,32,1,0
BRDA:271,33,0,1
BRDA:271,33,1,3
BRDA:285,34,0,0
BRDA:285,34,1,0
BRDA:285,35,0,0
BRDA:285,35,1,0
BRDA:290,36,0,0
BRDA:290,36,1,0
BRDA:290,37,0,0
BRDA:290,37,1,0
BRDA:295,38,0,0
BRDA:295,38,1,0
BRDA:299,39,0,0
BRDA:299,39,1,0
BRDA:307,40,0,36
BRDA:307,40,1,0
BRDA:308,41,0,16
BRDA:308,41,1,20
BRDA:317,42,0,45
BRDA:317,42,1,0
BRDA:318,43,0,0
BRDA:318,43,1,5
BRDA:319,44,0,45
BRDA:319,44,1,0
BRDA:324,45,0,0
BRDA:324,45,1,2
BRDA:327,46,0,1
BRDA:327,46,1,1
BRDA:330,47,0,0
BRDA:330,47,1,1
BRDA:335,48,0,0
BRDA:335,48,1,9
BRDA:338,49,0,0
BRDA:338,49,1,9
BRDA:338,50,0,9
BRDA:338,50,1,9
BRDA:355,51,0,1
BRDA:355,51,1,1
BRDA:401,52,0,0
BRDA:401,52,1,9
BRDA:401,53,0,9
BRDA:401,53,1,0
BRDA:402,54,0,3
BRDA:402,54,1,6
BRDA:403,55,0,4
BRDA:403,55,1,5
BRDA:404,56,0,0
BRDA:404,56,1,9
BRDA:406,57,0,5
BRDA:406,57,1,4
BRDA:409,58,0,13
BRDA:409,58,1,5
BRDA:422,59,0,0
BRDA:422,59,1,0
BRDA:424,60,0,0
BRDA:424,60,1,0
BRDA:428,61,0,13
BRDA:428,61,1,13
BRDA:429,62,0,13
BRDA:429,62,1,13
BRDA:438,63,0,13
BRDA:438,63,1,8
BRDA:444,64,0,8
BRDA:444,64,1,1
BRDA:445,65,0,1
BRDA:445,65,1,0
BRDA:465,66,0,8
BRDA:465,66,1,0
BRDA:517,67,0,72
BRDA:517,67,1,432
BRDA:522,68,0,72
BRDA:522,68,1,432
BRDA:565,69,0,1
BRDA:565,69,1,7
BRDA:572,70,0,13
BRDA:572,70,1,3
BRDA:583,71,0,3
BRDA:583,71,1,0
BRDA:642,72,0,0
BRDA:642,72,1,3
BRDA:645,73,0,0
BRDA:645,73,1,3
BRDA:698,74,0,13
BRDA:698,74,1,2
BRDA:750,75,0,1
BRDA:750,75,1,1
BRDA:756,76,0,2
BRDA:756,76,1,2
BRDA:758,77,0,0
BRDA:758,77,1,2
BRDA:761,78,0,2
BRDA:761,78,1,0
BRDA:767,79,0,2
BRDA:767,79,1,2
BRDA:771,80,0,2
BRDA:771,80,1,2
BRDA:775,81,0,2
BRDA:775,81,1,2
BRDA:786,82,0,1
BRDA:786,82,1,1
BRDA:790,83,0,1
BRDA:790,83,1,0
BRDA:812,84,0,0
BRDA:812,84,1,0
BRDA:829,85,0,1
BRDA:829,85,1,1
BRDA:833,86,0,1
BRDA:833,86,1,0
BRDA:854,87,0,0
BRDA:854,87,1,0
BRDA:855,88,0,0
BRDA:855,88,1,0
BRDA:855,88,2,0
BRDA:856,89,0,0
BRDA:856,89,1,0
BRDA:869,90,0,13
BRDA:869,90,1,10
BRDA:869,90,2,2
BRDA:869,90,3,2
BRDA:869,90,4,0
BRF:187
BRH:98
end_of_record
TN:
SF:src\EvaluarMonitoresHU015.js
FN:25,(anonymous_0)
FN:38,(anonymous_1)
FN:44,(anonymous_2)
FN:55,EvaluarMonitoresHU015
FN:77,(anonymous_4)
FN:82,(anonymous_5)
FN:86,(anonymous_6)
FN:107,(anonymous_7)
FN:121,(anonymous_8)
FN:126,(anonymous_9)
FN:127,(anonymous_10)
FN:131,(anonymous_11)
FN:136,(anonymous_12)
FN:136,(anonymous_13)
FN:141,(anonymous_14)
FN:141,(anonymous_15)
FN:145,(anonymous_16)
FN:157,(anonymous_17)
FN:158,(anonymous_18)
FN:164,(anonymous_19)
FN:171,(anonymous_20)
FN:196,(anonymous_21)
FN:202,(anonymous_22)
FN:210,(anonymous_23)
FN:212,(anonymous_24)
FN:224,(anonymous_25)
FN:262,(anonymous_26)
FN:278,(anonymous_27)
FN:286,(anonymous_28)
FN:325,(anonymous_29)
FN:387,(anonymous_30)
FN:392,(anonymous_31)
FN:393,(anonymous_32)
FN:413,(anonymous_33)
FN:418,(anonymous_34)
FN:419,(anonymous_35)
FN:439,(anonymous_36)
FN:444,(anonymous_37)
FN:445,(anonymous_38)
FN:465,(anonymous_39)
FN:470,(anonymous_40)
FN:471,(anonymous_41)
FN:493,(anonymous_42)
FN:493,(anonymous_43)
FN:504,(anonymous_44)
FNF:45
FNH:28
FNDA:0,(anonymous_0)
FNDA:44,(anonymous_1)
FNDA:22,(anonymous_2)
FNDA:24,EvaluarMonitoresHU015
FNDA:4,(anonymous_4)
FNDA:0,(anonymous_5)
FNDA:8,(anonymous_6)
FNDA:0,(anonymous_7)
FNDA:7,(anonymous_8)
FNDA:7,(anonymous_9)
FNDA:0,(anonymous_10)
FNDA:7,(anonymous_11)
FNDA:13,(anonymous_12)
FNDA:5,(anonymous_13)
FNDA:13,(anonymous_14)
FNDA:5,(anonymous_15)
FNDA:4,(anonymous_16)
FNDA:1,(anonymous_17)
FNDA:1,(anonymous_18)
FNDA:12,(anonymous_19)
FNDA:0,(anonymous_20)
FNDA:13,(anonymous_21)
FNDA:8,(anonymous_22)
FNDA:8,(anonymous_23)
FNDA:1,(anonymous_24)
FNDA:2,(anonymous_25)
FNDA:0,(anonymous_26)
FNDA:14,(anonymous_27)
FNDA:4,(anonymous_28)
FNDA:0,(anonymous_29)
FNDA:40,(anonymous_30)
FNDA:1,(anonymous_31)
FNDA:0,(anonymous_32)
FNDA:40,(anonymous_33)
FNDA:0,(anonymous_34)
FNDA:0,(anonymous_35)
FNDA:40,(anonymous_36)
FNDA:0,(anonymous_37)
FNDA:0,(anonymous_38)
FNDA:40,(anonymous_39)
FNDA:0,(anonymous_40)
FNDA:0,(anonymous_41)
FNDA:0,(anonymous_42)
FNDA:0,(anonymous_43)
FNDA:0,(anonymous_44)
DA:8,2
DA:9,2
DA:16,2
DA:23,2
DA:25,2
DA:26,0
DA:27,0
DA:29,0
DA:30,0
DA:31,0
DA:33,0
DA:34,0
DA:35,0
DA:38,44
DA:44,2
DA:45,22
DA:46,0
DA:48,22
DA:49,22
DA:50,0
DA:52,22
DA:56,24
DA:57,24
DA:59,24
DA:60,23
DA:61,23
DA:62,23
DA:63,23
DA:64,23
DA:66,23
DA:74,23
DA:75,23
DA:77,23
DA:78,4
DA:79,4
DA:82,23
DA:83,0
DA:86,23
DA:87,8
DA:88,1
DA:89,1
DA:91,7
DA:92,7
DA:93,7
DA:94,7
DA:95,0
DA:98,7
DA:106,6
DA:107,0
DA:108,0
DA:111,6
DA:112,6
DA:114,1
DA:115,1
DA:117,7
DA:121,23
DA:122,7
DA:126,23
DA:127,7
DA:128,0
DA:131,7
DA:135,23
DA:136,13
DA:140,23
DA:141,13
DA:145,23
DA:146,4
DA:147,4
DA:154,4
DA:157,23
DA:158,1
DA:164,23
DA:165,12
DA:166,12
DA:168,0
DA:171,23
DA:172,0
DA:173,0
DA:175,0
DA:176,0
DA:177,0
DA:178,0
DA:179,0
DA:181,0
DA:182,0
DA:183,0
DA:184,0
DA:186,0
DA:187,0
DA:188,0
DA:190,0
DA:191,0
DA:192,0
DA:196,23
DA:197,13
DA:198,13
DA:199,13
DA:202,23
DA:203,8
DA:204,8
DA:205,8
DA:206,7
DA:207,0
DA:210,23
DA:212,23
DA:213,1
DA:214,1
DA:221,1
DA:224,23
DA:225,2
DA:226,2
DA:227,0
DA:228,0
DA:230,2
DA:231,0
DA:232,0
DA:234,2
DA:246,2
DA:247,2
DA:251,2
DA:252,2
DA:253,2
DA:262,2
DA:263,2
DA:264,1
DA:267,1
DA:268,1
DA:269,1
DA:271,1
DA:272,1
DA:274,2
DA:278,23
DA:279,14
DA:280,14
DA:281,14
DA:282,14
DA:286,4
DA:308,23
DA:325,0
DA:388,40
DA:392,1
DA:393,0
DA:414,40
DA:418,0
DA:419,0
DA:440,40
DA:444,0
DA:445,0
DA:466,40
DA:470,0
DA:471,0
DA:493,0
DA:504,0
LF:153
LH:105
BRDA:26,0,0,0
BRDA:26,0,1,0
BRDA:30,1,0,0
BRDA:30,1,1,0
BRDA:38,2,0,44
BRDA:38,2,1,0
BRDA:45,3,0,0
BRDA:45,3,1,22
BRDA:49,4,0,0
BRDA:49,4,1,22
BRDA:86,5,0,7
BRDA:87,6,0,1
BRDA:87,6,1,7
BRDA:94,7,0,0
BRDA:94,7,1,7
BRDA:94,8,0,7
BRDA:94,8,1,0
BRDA:106,9,0,0
BRDA:106,9,1,6
BRDA:108,10,0,0
BRDA:108,10,1,0
BRDA:112,11,0,6
BRDA:112,11,1,0
BRDA:148,12,0,4
BRDA:148,12,1,4
BRDA:149,13,0,4
BRDA:149,13,1,4
BRDA:150,14,0,4
BRDA:150,14,1,4
BRDA:151,15,0,4
BRDA:151,15,1,4
BRDA:152,16,0,4
BRDA:152,16,1,4
BRDA:154,17,0,4
BRDA:154,17,1,3
BRDA:165,18,0,12
BRDA:165,18,1,0
BRDA:165,19,0,12
BRDA:165,19,1,4
BRDA:172,20,0,0
BRDA:172,20,1,0
BRDA:172,21,0,0
BRDA:172,21,1,0
BRDA:176,22,0,0
BRDA:176,22,1,0
BRDA:176,23,0,0
BRDA:176,23,1,0
BRDA:181,24,0,0
BRDA:181,24,1,0
BRDA:181,25,0,0
BRDA:181,25,1,0
BRDA:186,26,0,0
BRDA:186,26,1,0
BRDA:190,27,0,0
BRDA:190,27,1,0
BRDA:204,28,0,0
BRDA:204,28,1,8
BRDA:205,29,0,1
BRDA:205,29,1,7
BRDA:206,30,0,7
BRDA:206,30,1,0
BRDA:226,31,0,0
BRDA:226,31,1,2
BRDA:230,32,0,0
BRDA:230,32,1,2
BRDA:246,33,0,0
BRDA:246,33,1,2
BRDA:247,34,0,0
BRDA:247,34,1,2
BRDA:263,35,0,1
BRDA:263,35,1,1
BRDA:264,36,0,1
BRDA:264,36,1,0
BRDA:279,37,0,14
BRDA:279,37,1,9
BRDA:279,37,2,8
BRDA:280,38,0,14
BRDA:280,38,1,10
BRDA:285,39,0,8
BRDA:285,39,1,6
BRDA:289,40,0,14
BRDA:289,40,1,0
BRDA:291,41,0,2
BRDA:291,41,1,12
BRDA:291,42,0,2
BRDA:291,42,1,0
BRDA:294,43,0,14
BRDA:294,43,1,14
BRDA:295,44,0,14
BRDA:295,44,1,0
BRDA:297,45,0,14
BRDA:297,45,1,0
BRDA:297,46,0,14
BRDA:297,46,1,0
BRDA:298,47,0,14
BRDA:298,47,1,2
BRDA:330,48,0,8
BRDA:330,48,1,15
BRDA:338,49,0,3
BRDA:338,49,1,12
BRDA:349,50,0,13
BRDA:349,50,1,2
BRDA:362,51,0,15
BRDA:362,51,1,8
BRDA:372,52,0,8
BRDA:372,52,1,8
BRDA:372,52,2,8
BRDA:391,53,0,8
BRDA:391,53,1,32
BRDA:394,54,0,40
BRDA:394,54,1,30
BRDA:396,55,0,8
BRDA:396,55,1,32
BRDA:417,56,0,8
BRDA:417,56,1,32
BRDA:420,57,0,40
BRDA:420,57,1,30
BRDA:422,58,0,8
BRDA:422,58,1,32
BRDA:443,59,0,8
BRDA:443,59,1,32
BRDA:446,60,0,40
BRDA:446,60,1,30
BRDA:448,61,0,8
BRDA:448,61,1,32
BRDA:469,62,0,8
BRDA:469,62,1,32
BRDA:472,63,0,40
BRDA:472,63,1,30
BRDA:474,64,0,8
BRDA:474,64,1,32
BRDA:495,65,0,8
BRDA:495,65,1,6
BRDA:505,66,0,8
BRDA:505,66,1,6
BRDA:509,67,0,8
BRDA:509,67,1,0
BRDA:514,68,0,8
BRDA:514,68,1,0
BRDA:520,69,0,8
BRDA:520,69,1,6
BRDA:521,70,0,2
BRDA:521,70,1,6
BRDA:521,71,0,0
BRDA:521,71,1,6
BRF:145
BRH:100
end_of_record
TN:
SF:src\EvaluarSupervisorHU021.js
FN:12,(anonymous_0)
FN:31,(anonymous_1)
FN:37,(anonymous_2)
FN:48,(anonymous_3)
FN:50,(anonymous_4)
FN:56,EvaluarSupervisorHU021
FN:75,(anonymous_6)
FN:80,(anonymous_7)
FN:84,(anonymous_8)
FN:100,(anonymous_9)
FN:114,(anonymous_10)
FN:119,(anonymous_11)
FN:132,(anonymous_12)
FN:138,(anonymous_13)
FN:157,(anonymous_14)
FN:162,(anonymous_15)
FN:174,(anonymous_16)
FN:174,(anonymous_17)
FN:179,(anonymous_18)
FN:179,(anonymous_19)
FN:183,(anonymous_20)
FN:191,(anonymous_21)
FN:192,(anonymous_22)
FN:198,(anonymous_23)
FN:203,(anonymous_24)
FN:212,(anonymous_25)
FN:223,(anonymous_26)
FN:240,(anonymous_27)
FN:264,(anonymous_28)
FN:271,(anonymous_29)
FN:286,(anonymous_30)
FN:295,(anonymous_31)
FN:317,(anonymous_32)
FN:320,(anonymous_33)
FN:354,(anonymous_34)
FN:359,(anonymous_35)
FN:360,(anonymous_36)
FN:396,(anonymous_37)
FN:470,(anonymous_38)
FN:480,(anonymous_39)
FNF:40
FNH:30
FNDA:24,(anonymous_0)
FNDA:36,(anonymous_1)
FNDA:18,(anonymous_2)
FNDA:2,(anonymous_3)
FNDA:2,(anonymous_4)
FNDA:13,EvaluarSupervisorHU021
FNDA:2,(anonymous_6)
FNDA:0,(anonymous_7)
FNDA:3,(anonymous_8)
FNDA:0,(anonymous_9)
FNDA:2,(anonymous_10)
FNDA:2,(anonymous_11)
FNDA:0,(anonymous_12)
FNDA:1,(anonymous_13)
FNDA:5,(anonymous_14)
FNDA:0,(anonymous_15)
FNDA:5,(anonymous_16)
FNDA:3,(anonymous_17)
FNDA:5,(anonymous_18)
FNDA:3,(anonymous_19)
FNDA:2,(anonymous_20)
FNDA:2,(anonymous_21)
FNDA:2,(anonymous_22)
FNDA:6,(anonymous_23)
FNDA:6,(anonymous_24)
FNDA:5,(anonymous_25)
FNDA:1,(anonymous_26)
FNDA:2,(anonymous_27)
FNDA:0,(anonymous_28)
FNDA:1,(anonymous_29)
FNDA:10,(anonymous_30)
FNDA:2,(anonymous_31)
FNDA:10,(anonymous_32)
FNDA:0,(anonymous_33)
FNDA:70,(anonymous_34)
FNDA:2,(anonymous_35)
FNDA:0,(anonymous_36)
FNDA:0,(anonymous_37)
FNDA:0,(anonymous_38)
FNDA:0,(anonymous_39)
DA:9,2
DA:10,2
DA:12,2
DA:13,24
DA:14,24
DA:17,2
DA:24,2
DA:31,36
DA:37,2
DA:38,18
DA:39,0
DA:41,18
DA:42,18
DA:43,0
DA:45,18
DA:48,2
DA:49,2
DA:50,2
DA:51,2
DA:53,2
DA:57,13
DA:58,13
DA:60,13
DA:61,12
DA:62,12
DA:63,12
DA:64,12
DA:65,12
DA:66,12
DA:67,12
DA:68,12
DA:69,12
DA:70,12
DA:72,12
DA:73,12
DA:75,12
DA:76,2
DA:77,2
DA:80,12
DA:81,0
DA:84,12
DA:85,3
DA:86,0
DA:87,0
DA:89,3
DA:90,3
DA:91,3
DA:99,3
DA:100,0
DA:101,0
DA:104,3
DA:105,3
DA:107,0
DA:108,0
DA:110,3
DA:114,12
DA:115,2
DA:119,12
DA:120,2
DA:121,2
DA:122,2
DA:123,2
DA:124,2
DA:132,2
DA:133,2
DA:134,0
DA:137,2
DA:138,1
DA:141,2
DA:142,2
DA:144,2
DA:145,1
DA:148,0
DA:149,0
DA:150,0
DA:151,0
DA:153,2
DA:157,12
DA:158,5
DA:159,5
DA:161,0
DA:162,0
DA:163,0
DA:173,12
DA:174,5
DA:178,12
DA:179,5
DA:183,12
DA:184,2
DA:185,2
DA:186,2
DA:187,2
DA:188,2
DA:191,12
DA:192,2
DA:198,12
DA:199,6
DA:200,3
DA:203,3
DA:204,6
DA:205,6
DA:208,3
DA:209,3
DA:212,12
DA:213,5
DA:214,5
DA:215,4
DA:216,3
DA:217,2
DA:220,12
DA:221,12
DA:223,12
DA:224,1
DA:225,1
DA:226,1
DA:227,0
DA:228,0
DA:230,1
DA:231,0
DA:232,0
DA:235,1
DA:236,0
DA:237,0
DA:240,2
DA:245,1
DA:253,1
DA:254,1
DA:255,1
DA:264,1
DA:265,1
DA:266,0
DA:269,1
DA:270,1
DA:271,1
DA:277,1
DA:279,0
DA:280,0
DA:282,1
DA:286,12
DA:287,10
DA:288,10
DA:289,10
DA:291,10
DA:295,2
DA:317,12
DA:318,10
DA:320,10
DA:321,0
DA:322,0
DA:325,0
DA:327,0
DA:328,0
DA:329,0
DA:330,0
DA:331,0
DA:332,0
DA:333,0
DA:334,0
DA:336,0
DA:339,0
DA:340,0
DA:343,10
DA:344,10
DA:346,10
DA:355,70
DA:359,2
DA:360,0
DA:379,12
DA:396,0
DA:470,0
DA:480,0
LF:171
LH:127
BRDA:13,0,0,24
BRDA:13,0,1,4
BRDA:14,1,0,20
BRDA:14,1,1,4
BRDA:31,2,0,36
BRDA:31,2,1,0
BRDA:38,3,0,0
BRDA:38,3,1,18
BRDA:42,4,0,0
BRDA:42,4,1,18
BRDA:85,5,0,0
BRDA:85,5,1,3
BRDA:99,6,0,0
BRDA:99,6,1,3
BRDA:101,7,0,0
BRDA:101,7,1,0
BRDA:105,8,0,3
BRDA:105,8,1,0
BRDA:121,9,0,2
BRDA:121,9,1,0
BRDA:133,10,0,0
BRDA:133,10,1,2
BRDA:134,11,0,0
BRDA:134,11,1,0
BRDA:137,12,0,2
BRDA:137,12,1,0
BRDA:138,13,0,1
BRDA:138,13,1,0
BRDA:138,14,0,1
BRDA:138,14,1,0
BRDA:144,15,0,1
BRDA:144,15,1,1
BRDA:158,16,0,5
BRDA:158,16,1,0
BRDA:164,17,0,0
BRDA:164,17,1,0
BRDA:164,17,2,0
BRDA:164,17,3,0
BRDA:164,17,4,0
BRDA:199,18,0,3
BRDA:199,18,1,3
BRDA:204,19,0,6
BRDA:204,19,1,0
BRDA:214,20,0,1
BRDA:214,20,1,4
BRDA:215,21,0,1
BRDA:215,21,1,3
BRDA:216,22,0,1
BRDA:216,22,1,2
BRDA:221,23,0,12
BRDA:221,23,1,4
BRDA:226,24,0,0
BRDA:226,24,1,1
BRDA:230,25,0,0
BRDA:230,25,1,1
BRDA:235,26,0,0
BRDA:235,26,1,1
BRDA:242,27,0,2
BRDA:242,27,1,0
BRDA:265,28,0,0
BRDA:265,28,1,1
BRDA:266,29,0,0
BRDA:266,29,1,0
BRDA:271,30,0,1
BRDA:271,30,1,0
BRDA:287,31,0,10
BRDA:287,31,1,8
BRDA:294,32,0,8
BRDA:294,32,1,2
BRDA:298,33,0,10
BRDA:298,33,1,0
BRDA:299,34,0,1
BRDA:299,34,1,9
BRDA:300,35,0,10
BRDA:300,35,1,0
BRDA:300,36,0,0
BRDA:300,36,1,0
BRDA:303,37,0,10
BRDA:303,37,1,0
BRDA:304,38,0,0
BRDA:304,38,1,0
BRDA:306,39,0,10
BRDA:306,39,1,0
BRDA:306,40,0,10
BRDA:306,40,1,0
BRDA:307,41,0,10
BRDA:307,41,1,1
BRDA:307,41,2,0
BRDA:318,42,0,10
BRDA:318,42,1,0
BRDA:321,43,0,0
BRDA:321,43,1,0
BRDA:327,44,0,0
BRDA:327,44,1,0
BRDA:327,45,0,0
BRDA:327,45,1,0
BRDA:329,46,0,0
BRDA:329,46,1,0
BRDA:329,47,0,0
BRDA:329,47,1,0
BRDA:331,48,0,0
BRDA:331,48,1,0
BRDA:333,49,0,0
BRDA:333,49,1,0
BRDA:358,50,0,10
BRDA:358,50,1,60
BRDA:364,51,0,10
BRDA:364,51,1,60
BRDA:401,52,0,2
BRDA:401,52,1,10
BRDA:409,53,0,1
BRDA:409,53,1,9
BRDA:420,54,0,9
BRDA:420,54,1,1
BRDA:433,55,0,4
BRDA:433,55,1,8
BRDA:442,56,0,8
BRDA:442,56,1,0
BRDA:443,57,0,8
BRDA:443,57,1,8
BRDA:443,57,2,0
BRDA:454,58,0,2
BRDA:454,58,1,6
BRDA:458,59,0,1
BRDA:458,59,1,5
BRDA:486,60,0,8
BRDA:486,60,1,1
BRDA:492,61,0,8
BRDA:492,61,1,1
BRDA:497,62,0,8
BRDA:497,62,1,7
BRDA:497,62,2,6
BRDA:497,62,3,4
BRDA:499,63,0,1
BRDA:499,63,1,7
BRF:135
BRH:78
end_of_record
TN:
SF:src\GenerateSimonFile.js
FN:9,GenerateSimonFile
FN:10,(anonymous_1)
FN:11,(anonymous_2)
FN:22,(anonymous_3)
FN:27,(anonymous_4)
FN:56,(anonymous_5)
FN:77,(anonymous_6)
FN:128,(anonymous_7)
FN:162,(anonymous_8)
FN:165,(anonymous_9)
FN:191,(anonymous_10)
FN:202,(anonymous_11)
FN:227,(anonymous_12)
FN:269,(anonymous_13)
FNF:14
FNH:9
FNDA:10,GenerateSimonFile
FNDA:2,(anonymous_1)
FNDA:2,(anonymous_2)
FNDA:2,(anonymous_3)
FNDA:2,(anonymous_4)
FNDA:4,(anonymous_5)
FNDA:2,(anonymous_6)
FNDA:0,(anonymous_7)
FNDA:0,(anonymous_8)
FNDA:8,(anonymous_9)
FNDA:0,(anonymous_10)
FNDA:0,(anonymous_11)
FNDA:4,(anonymous_12)
FNDA:0,(anonymous_13)
DA:10,10
DA:11,8
DA:12,8
DA:13,8
DA:14,8
DA:15,8
DA:16,8
DA:17,8
DA:18,8
DA:20,8
DA:22,8
DA:23,2
DA:24,2
DA:27,8
DA:28,2
DA:29,2
DA:30,2
DA:31,2
DA:39,2
DA:40,0
DA:43,2
DA:44,2
DA:45,2
DA:46,2
DA:48,0
DA:49,0
DA:50,0
DA:52,2
DA:56,8
DA:57,4
DA:58,4
DA:66,4
DA:67,0
DA:70,4
DA:71,4
DA:73,0
DA:77,8
DA:78,2
DA:79,0
DA:80,0
DA:81,0
DA:84,2
DA:85,2
DA:86,2
DA:96,2
DA:97,0
DA:98,0
DA:100,0
DA:104,2
DA:105,2
DA:106,2
DA:107,2
DA:108,2
DA:109,2
DA:110,2
DA:111,2
DA:112,2
DA:114,2
DA:115,2
DA:118,2
DA:120,0
DA:121,0
DA:122,0
DA:124,2
DA:128,8
DA:129,0
DA:130,0
DA:131,0
DA:140,8
DA:162,0
DA:166,8
DA:192,0
DA:193,0
DA:194,0
DA:202,0
DA:228,4
DA:270,0
LF:77
LH:53
BRDA:39,0,0,0
BRDA:39,0,1,2
BRDA:66,1,0,0
BRDA:66,1,1,4
BRDA:78,2,0,0
BRDA:78,2,1,2
BRDA:78,3,0,2
BRDA:78,3,1,2
BRDA:96,4,0,0
BRDA:96,4,1,2
BRDA:97,5,0,0
BRDA:97,5,1,0
BRDA:121,6,0,0
BRDA:121,6,1,0
BRDA:129,7,0,0
BRDA:129,7,1,0
BRDA:147,8,0,8
BRDA:147,8,1,4
BRDA:152,9,0,8
BRDA:152,9,1,4
BRDA:172,10,0,4
BRDA:172,10,1,0
BRDA:173,11,0,4
BRDA:173,11,1,0
BRDA:185,12,0,8
BRDA:185,12,1,4
BRDA:185,12,2,4
BRDA:187,13,0,4
BRDA:187,13,1,4
BRDA:204,14,0,0
BRDA:204,14,1,8
BRDA:209,15,0,8
BRDA:209,15,1,4
BRDA:209,15,2,4
BRDA:209,15,3,4
BRDA:241,16,0,4
BRDA:241,16,1,0
BRDA:251,17,0,8
BRDA:251,17,1,0
BRDA:254,18,0,0
BRDA:254,18,1,0
BRDA:298,19,0,8
BRDA:298,19,1,0
BRF:43
BRH:25
end_of_record
TN:
SF:src\GestionEncuestaMonitoresHU026.js
FN:9,GestionEncuestaMonitoresHU026
FN:11,(anonymous_1)
FN:12,(anonymous_2)
FN:37,(anonymous_3)
FN:42,(anonymous_4)
FN:49,(anonymous_5)
FN:51,(anonymous_6)
FN:54,(anonymous_7)
FN:55,(anonymous_8)
FN:56,(anonymous_9)
FN:60,(anonymous_10)
FN:71,(anonymous_11)
FN:72,(anonymous_12)
FN:73,(anonymous_13)
FN:92,(anonymous_14)
FN:101,(anonymous_15)
FN:114,(anonymous_16)
FN:119,(anonymous_17)
FN:120,(anonymous_18)
FN:121,(anonymous_19)
FN:124,(anonymous_20)
FN:128,(anonymous_21)
FN:129,(anonymous_22)
FN:131,(anonymous_23)
FN:134,(anonymous_24)
FN:139,(anonymous_25)
FN:143,(anonymous_26)
FN:149,(anonymous_27)
FN:154,(anonymous_28)
FN:165,(anonymous_29)
FN:168,(anonymous_30)
FN:169,(anonymous_31)
FN:173,(anonymous_32)
FN:174,(anonymous_33)
FN:177,(anonymous_34)
FN:178,(anonymous_35)
FN:189,(anonymous_36)
FN:203,(anonymous_37)
FN:216,(anonymous_38)
FN:221,(anonymous_39)
FN:226,(anonymous_40)
FN:239,(anonymous_41)
FN:250,(anonymous_42)
FN:257,(anonymous_43)
FN:266,(anonymous_44)
FN:272,(anonymous_45)
FN:300,(anonymous_46)
FN:313,(anonymous_47)
FN:324,(anonymous_48)
FN:328,(anonymous_49)
FN:357,(anonymous_50)
FN:370,(anonymous_51)
FN:380,(anonymous_52)
FN:396,(anonymous_53)
FN:397,(anonymous_54)
FN:398,(anonymous_55)
FN:402,(anonymous_56)
FN:415,(anonymous_57)
FN:426,(anonymous_58)
FN:448,(anonymous_59)
FN:467,(anonymous_60)
FN:467,(anonymous_61)
FN:472,(anonymous_62)
FN:472,(anonymous_63)
FN:481,(anonymous_64)
FN:500,(anonymous_65)
FN:500,(anonymous_66)
FN:504,(anonymous_67)
FN:504,(anonymous_68)
FN:507,(anonymous_69)
FN:515,(anonymous_70)
FN:518,(anonymous_71)
FN:519,(anonymous_72)
FN:535,(anonymous_73)
FN:538,(anonymous_74)
FN:538,(anonymous_75)
FN:543,(anonymous_76)
FN:543,(anonymous_77)
FN:545,(anonymous_78)
FN:551,(anonymous_79)
FN:551,(anonymous_80)
FN:563,(anonymous_81)
FN:570,(anonymous_82)
FN:571,(anonymous_83)
FN:607,(anonymous_84)
FN:610,(anonymous_85)
FN:622,(anonymous_86)
FN:626,(anonymous_87)
FN:645,(anonymous_88)
FN:648,(anonymous_89)
FN:651,(anonymous_90)
FN:657,(anonymous_91)
FN:666,(anonymous_92)
FNF:93
FNH:55
FNDA:55,GestionEncuestaMonitoresHU026
FNDA:19,(anonymous_1)
FNDA:19,(anonymous_2)
FNDA:8,(anonymous_3)
FNDA:0,(anonymous_4)
FNDA:25,(anonymous_5)
FNDA:36,(anonymous_6)
FNDA:0,(anonymous_7)
FNDA:0,(anonymous_8)
FNDA:0,(anonymous_9)
FNDA:26,(anonymous_10)
FNDA:0,(anonymous_11)
FNDA:0,(anonymous_12)
FNDA:0,(anonymous_13)
FNDA:16,(anonymous_14)
FNDA:0,(anonymous_15)
FNDA:19,(anonymous_16)
FNDA:39,(anonymous_17)
FNDA:40,(anonymous_18)
FNDA:2,(anonymous_19)
FNDA:35,(anonymous_20)
FNDA:16,(anonymous_21)
FNDA:16,(anonymous_22)
FNDA:0,(anonymous_23)
FNDA:35,(anonymous_24)
FNDA:0,(anonymous_25)
FNDA:35,(anonymous_26)
FNDA:36,(anonymous_27)
FNDA:0,(anonymous_28)
FNDA:1,(anonymous_29)
FNDA:0,(anonymous_30)
FNDA:0,(anonymous_31)
FNDA:2,(anonymous_32)
FNDA:2,(anonymous_33)
FNDA:0,(anonymous_34)
FNDA:0,(anonymous_35)
FNDA:2,(anonymous_36)
FNDA:0,(anonymous_37)
FNDA:2,(anonymous_38)
FNDA:2,(anonymous_39)
FNDA:1,(anonymous_40)
FNDA:0,(anonymous_41)
FNDA:1,(anonymous_42)
FNDA:0,(anonymous_43)
FNDA:2,(anonymous_44)
FNDA:2,(anonymous_45)
FNDA:0,(anonymous_46)
FNDA:1,(anonymous_47)
FNDA:1,(anonymous_48)
FNDA:0,(anonymous_49)
FNDA:0,(anonymous_50)
FNDA:1,(anonymous_51)
FNDA:0,(anonymous_52)
FNDA:1,(anonymous_53)
FNDA:1,(anonymous_54)
FNDA:0,(anonymous_55)
FNDA:1,(anonymous_56)
FNDA:0,(anonymous_57)
FNDA:1,(anonymous_58)
FNDA:108,(anonymous_59)
FNDA:1,(anonymous_60)
FNDA:1,(anonymous_61)
FNDA:1,(anonymous_62)
FNDA:1,(anonymous_63)
FNDA:64,(anonymous_64)
FNDA:0,(anonymous_65)
FNDA:0,(anonymous_66)
FNDA:0,(anonymous_67)
FNDA:0,(anonymous_68)
FNDA:1,(anonymous_69)
FNDA:2,(anonymous_70)
FNDA:2,(anonymous_71)
FNDA:1,(anonymous_72)
FNDA:0,(anonymous_73)
FNDA:1,(anonymous_74)
FNDA:1,(anonymous_75)
FNDA:0,(anonymous_76)
FNDA:0,(anonymous_77)
FNDA:66,(anonymous_78)
FNDA:0,(anonymous_79)
FNDA:0,(anonymous_80)
FNDA:4,(anonymous_81)
FNDA:0,(anonymous_82)
FNDA:0,(anonymous_83)
FNDA:0,(anonymous_84)
FNDA:32,(anonymous_85)
FNDA:32,(anonymous_86)
FNDA:0,(anonymous_87)
FNDA:1,(anonymous_88)
FNDA:1,(anonymous_89)
FNDA:1,(anonymous_90)
FNDA:1,(anonymous_91)
FNDA:0,(anonymous_92)
DA:10,55
DA:11,55
DA:12,54
DA:13,54
DA:14,54
DA:15,54
DA:16,54
DA:17,54
DA:18,54
DA:19,54
DA:21,54
DA:22,54
DA:23,54
DA:24,54
DA:25,54
DA:26,54
DA:28,54
DA:29,54
DA:30,54
DA:32,54
DA:34,54
DA:35,54
DA:37,54
DA:38,8
DA:39,8
DA:42,54
DA:44,54
DA:49,54
DA:51,54
DA:52,36
DA:54,0
DA:55,0
DA:56,0
DA:60,54
DA:61,26
DA:62,26
DA:63,26
DA:64,26
DA:70,25
DA:71,0
DA:72,0
DA:73,0
DA:76,25
DA:77,25
DA:78,25
DA:80,25
DA:82,25
DA:83,25
DA:85,25
DA:86,25
DA:90,25
DA:91,25
DA:92,25
DA:93,16
DA:99,25
DA:100,0
DA:101,0
DA:102,0
DA:108,1
DA:110,26
DA:114,54
DA:115,19
DA:119,54
DA:120,40
DA:121,39
DA:124,54
DA:125,35
DA:128,16
DA:129,16
DA:131,0
DA:134,54
DA:135,35
DA:136,35
DA:138,0
DA:139,0
DA:143,54
DA:144,35
DA:145,0
DA:149,54
DA:150,36
DA:151,36
DA:153,0
DA:154,0
DA:155,0
DA:156,0
DA:157,0
DA:159,0
DA:162,0
DA:165,54
DA:166,1
DA:168,0
DA:169,0
DA:173,54
DA:174,2
DA:177,54
DA:178,0
DA:179,0
DA:180,0
DA:181,0
DA:182,0
DA:183,0
DA:184,0
DA:185,0
DA:189,54
DA:190,2
DA:191,2
DA:192,1
DA:193,1
DA:196,1
DA:197,1
DA:198,1
DA:203,1
DA:204,1
DA:206,1
DA:207,1
DA:208,1
DA:210,0
DA:212,1
DA:216,54
DA:217,2
DA:218,2
DA:221,54
DA:222,2
DA:223,2
DA:226,54
DA:227,1
DA:228,0
DA:229,0
DA:232,1
DA:233,1
DA:234,1
DA:239,1
DA:240,1
DA:242,1
DA:243,1
DA:244,1
DA:246,0
DA:250,54
DA:251,1
DA:252,1
DA:257,1
DA:258,1
DA:260,1
DA:262,0
DA:266,54
DA:267,2
DA:268,2
DA:269,2
DA:272,54
DA:273,2
DA:274,2
DA:275,1
DA:276,1
DA:278,1
DA:279,1
DA:280,0
DA:281,0
DA:283,1
DA:284,0
DA:285,0
DA:288,1
DA:289,1
DA:290,1
DA:300,1
DA:301,1
DA:303,1
DA:304,1
DA:305,1
DA:307,0
DA:309,1
DA:313,54
DA:314,1
DA:315,1
DA:316,1
DA:321,1
DA:324,54
DA:325,1
DA:328,54
DA:329,0
DA:331,0
DA:332,0
DA:333,0
DA:335,0
DA:336,0
DA:337,0
DA:338,0
DA:340,0
DA:341,0
DA:342,0
DA:345,0
DA:346,0
DA:347,0
DA:357,0
DA:358,0
DA:360,0
DA:361,0
DA:362,0
DA:364,0
DA:366,0
DA:370,54
DA:371,1
DA:372,1
DA:374,1
DA:375,1
DA:376,1
DA:380,1
DA:381,1
DA:383,1
DA:384,0
DA:387,1
DA:388,1
DA:390,0
DA:392,1
DA:396,54
DA:397,1
DA:398,1
DA:402,54
DA:403,1
DA:404,1
DA:405,0
DA:406,0
DA:409,1
DA:410,1
DA:415,1
DA:416,1
DA:418,1
DA:419,1
DA:420,1
DA:422,0
DA:426,54
DA:427,1
DA:428,1
DA:429,1
DA:432,54
DA:449,108
DA:467,1
DA:472,1
DA:482,64
DA:483,64
DA:484,64
DA:486,64
DA:500,0
DA:504,0
DA:507,1
DA:515,2
DA:518,2
DA:519,1
DA:535,0
DA:538,1
DA:543,0
DA:546,66
DA:551,0
DA:564,4
DA:570,0
DA:571,0
DA:607,0
DA:611,32
DA:623,32
DA:624,32
DA:626,0
DA:627,32
DA:629,32
DA:645,1
DA:648,1
DA:651,1
DA:657,1
DA:667,0
LF:267
LH:191
BRDA:49,0,0,25
BRDA:49,0,1,0
BRDA:52,1,0,36
BRDA:52,1,1,0
BRDA:54,2,0,0
BRDA:54,2,1,0
BRDA:54,3,0,0
BRDA:54,3,1,0
BRDA:56,4,0,0
BRDA:56,4,1,0
BRDA:61,5,0,7
BRDA:61,5,1,19
BRDA:76,6,0,0
BRDA:76,6,1,25
BRDA:76,7,0,0
BRDA:76,7,1,0
BRDA:77,8,0,0
BRDA:77,8,1,25
BRDA:77,9,0,0
BRDA:77,9,1,0
BRDA:78,10,0,0
BRDA:78,10,1,25
BRDA:78,11,0,0
BRDA:78,11,1,0
BRDA:80,12,0,25
BRDA:80,12,1,0
BRDA:83,13,0,25
BRDA:83,13,1,0
BRDA:85,14,0,25
BRDA:85,14,1,18
BRDA:85,14,2,0
BRDA:88,15,0,25
BRDA:88,15,1,0
BRDA:90,16,0,25
BRDA:90,16,1,0
BRDA:90,17,0,25
BRDA:90,17,1,25
BRDA:93,18,0,0
BRDA:93,18,1,16
BRDA:93,19,0,16
BRDA:93,19,1,0
BRDA:99,20,0,0
BRDA:99,20,1,25
BRDA:99,21,0,25
BRDA:99,21,1,0
BRDA:102,22,0,0
BRDA:102,22,1,0
BRDA:102,23,0,0
BRDA:102,23,1,0
BRDA:108,24,0,1
BRDA:108,24,1,0
BRDA:128,25,0,16
BRDA:128,25,1,0
BRDA:135,26,0,35
BRDA:135,26,1,0
BRDA:139,27,0,0
BRDA:139,27,1,0
BRDA:144,28,0,0
BRDA:144,28,1,35
BRDA:144,29,0,35
BRDA:144,29,1,0
BRDA:151,30,0,36
BRDA:151,30,1,0
BRDA:153,31,0,0
BRDA:153,31,1,0
BRDA:156,32,0,0
BRDA:156,32,1,0
BRDA:156,33,0,0
BRDA:156,33,1,0
BRDA:156,33,2,0
BRDA:162,34,0,0
BRDA:162,34,1,0
BRDA:166,35,0,1
BRDA:166,35,1,0
BRDA:168,36,0,0
BRDA:168,36,1,0
BRDA:168,37,0,0
BRDA:168,37,1,0
BRDA:174,38,0,0
BRDA:174,38,1,2
BRDA:180,39,0,0
BRDA:180,39,1,0
BRDA:181,40,0,0
BRDA:181,40,1,0
BRDA:182,41,0,0
BRDA:182,41,1,0
BRDA:182,42,0,0
BRDA:182,42,1,0
BRDA:191,43,0,1
BRDA:191,43,1,1
BRDA:191,44,0,2
BRDA:191,44,1,1
BRDA:204,45,0,0
BRDA:204,45,1,1
BRDA:204,46,0,0
BRDA:204,46,1,0
BRDA:210,47,0,0
BRDA:210,47,1,0
BRDA:218,48,0,2
BRDA:218,48,1,0
BRDA:218,49,0,2
BRDA:218,49,1,0
BRDA:227,50,0,0
BRDA:227,50,1,1
BRDA:227,51,0,1
BRDA:227,51,1,1
BRDA:233,52,0,1
BRDA:233,52,1,0
BRDA:240,53,0,0
BRDA:240,53,1,1
BRDA:240,54,0,0
BRDA:240,54,1,0
BRDA:246,55,0,0
BRDA:246,55,1,0
BRDA:258,56,0,0
BRDA:258,56,1,1
BRDA:258,57,0,0
BRDA:258,57,1,0
BRDA:262,58,0,0
BRDA:262,58,1,0
BRDA:274,59,0,1
BRDA:274,59,1,1
BRDA:278,60,0,1
BRDA:278,60,1,0
BRDA:279,61,0,0
BRDA:279,61,1,1
BRDA:283,62,0,0
BRDA:283,62,1,1
BRDA:301,63,0,0
BRDA:301,63,1,1
BRDA:301,64,0,0
BRDA:301,64,1,0
BRDA:307,65,0,0
BRDA:307,65,1,0
BRDA:317,66,0,1
BRDA:317,66,1,0
BRDA:318,67,0,1
BRDA:318,67,1,0
BRDA:319,68,0,1
BRDA:319,68,1,0
BRDA:319,68,2,0
BRDA:329,69,0,0
BRDA:329,69,1,0
BRDA:331,70,0,0
BRDA:331,70,1,0
BRDA:335,71,0,0
BRDA:335,71,1,0
BRDA:336,72,0,0
BRDA:336,72,1,0
BRDA:340,73,0,0
BRDA:340,73,1,0
BRDA:358,74,0,0
BRDA:358,74,1,0
BRDA:358,75,0,0
BRDA:358,75,1,0
BRDA:364,76,0,0
BRDA:364,76,1,0
BRDA:372,77,0,0
BRDA:372,77,1,1
BRDA:381,78,0,0
BRDA:381,78,1,1
BRDA:381,79,0,0
BRDA:381,79,1,0
BRDA:383,80,0,0
BRDA:383,80,1,1
BRDA:390,81,0,0
BRDA:390,81,1,0
BRDA:398,82,0,0
BRDA:398,82,1,1
BRDA:403,83,0,1
BRDA:403,83,1,0
BRDA:404,84,0,0
BRDA:404,84,1,1
BRDA:416,85,0,0
BRDA:416,85,1,1
BRDA:416,86,0,0
BRDA:416,86,1,0
BRDA:422,87,0,0
BRDA:422,87,1,0
BRDA:455,88,0,21
BRDA:455,88,1,33
BRDA:476,89,0,1
BRDA:476,89,1,32
BRDA:487,90,0,4
BRDA:487,90,1,60
BRDA:489,91,0,32
BRDA:489,91,1,32
BRDA:490,92,0,32
BRDA:490,92,1,32
BRDA:493,93,0,64
BRDA:493,93,1,4
BRDA:496,94,0,2
BRDA:496,94,1,62
BRDA:515,95,0,62
BRDA:515,95,1,30
BRDA:516,96,0,4
BRDA:516,96,1,58
BRDA:520,97,0,30
BRDA:520,97,1,32
BRDA:532,98,0,1
BRDA:532,98,1,32
BRDA:535,99,0,1
BRDA:535,99,1,32
BRDA:559,100,0,29
BRDA:559,100,1,4
BRDA:579,101,0,1
BRDA:579,101,1,32
BRDA:582,102,0,0
BRDA:582,102,1,1
BRDA:589,103,0,1
BRDA:589,103,1,31
BRDA:617,104,0,1
BRDA:617,104,1,32
BRDA:619,105,0,0
BRDA:619,105,1,32
BRDA:624,106,0,32
BRDA:624,106,1,0
BRDA:626,107,0,0
BRDA:626,107,1,0
BRDA:626,108,0,0
BRDA:626,108,1,0
BRDA:634,109,0,0
BRDA:634,109,1,32
BRDA:635,110,0,0
BRDA:635,110,1,32
BRDA:638,111,0,32
BRDA:638,111,1,0
BRDA:640,112,0,32
BRDA:640,112,1,0
BRDA:640,113,0,32
BRDA:640,113,1,32
BRDA:646,114,0,1
BRDA:646,114,1,31
BRDA:660,115,0,1
BRDA:660,115,1,31
BRDA:664,116,0,32
BRDA:664,116,1,1
BRF:237
BRH:103
end_of_record
TN:
SF:src\GestionEncuestaProfesoresHU027.js
FN:11,(anonymous_0)
FN:16,GestionEncuestaProfesoresHU027
FN:18,(anonymous_2)
FN:19,(anonymous_3)
FN:44,(anonymous_4)
FN:49,(anonymous_5)
FN:56,(anonymous_6)
FN:59,(anonymous_7)
FN:60,(anonymous_8)
FN:61,(anonymous_9)
FN:65,(anonymous_10)
FN:76,(anonymous_11)
FN:77,(anonymous_12)
FN:78,(anonymous_13)
FN:86,(anonymous_14)
FN:101,(anonymous_15)
FN:110,(anonymous_16)
FN:123,(anonymous_17)
FN:128,(anonymous_18)
FN:129,(anonymous_19)
FN:130,(anonymous_20)
FN:133,(anonymous_21)
FN:137,(anonymous_22)
FN:138,(anonymous_23)
FN:140,(anonymous_24)
FN:143,(anonymous_25)
FN:148,(anonymous_26)
FN:152,(anonymous_27)
FN:158,(anonymous_28)
FN:163,(anonymous_29)
FN:174,(anonymous_30)
FN:177,(anonymous_31)
FN:178,(anonymous_32)
FN:182,(anonymous_33)
FN:183,(anonymous_34)
FN:186,(anonymous_35)
FN:187,(anonymous_36)
FN:198,(anonymous_37)
FN:212,(anonymous_38)
FN:225,(anonymous_39)
FN:230,(anonymous_40)
FN:235,(anonymous_41)
FN:248,(anonymous_42)
FN:259,(anonymous_43)
FN:266,(anonymous_44)
FN:275,(anonymous_45)
FN:281,(anonymous_46)
FN:310,(anonymous_47)
FN:323,(anonymous_48)
FN:334,(anonymous_49)
FN:338,(anonymous_50)
FN:367,(anonymous_51)
FN:380,(anonymous_52)
FN:390,(anonymous_53)
FN:406,(anonymous_54)
FN:407,(anonymous_55)
FN:408,(anonymous_56)
FN:412,(anonymous_57)
FN:425,(anonymous_58)
FN:436,(anonymous_59)
FN:458,(anonymous_60)
FN:477,(anonymous_61)
FN:477,(anonymous_62)
FN:482,(anonymous_63)
FN:482,(anonymous_64)
FN:491,(anonymous_65)
FN:510,(anonymous_66)
FN:510,(anonymous_67)
FN:514,(anonymous_68)
FN:514,(anonymous_69)
FN:517,(anonymous_70)
FN:525,(anonymous_71)
FN:528,(anonymous_72)
FN:529,(anonymous_73)
FN:545,(anonymous_74)
FN:548,(anonymous_75)
FN:548,(anonymous_76)
FN:553,(anonymous_77)
FN:553,(anonymous_78)
FN:555,(anonymous_79)
FN:561,(anonymous_80)
FN:561,(anonymous_81)
FN:573,(anonymous_82)
FN:580,(anonymous_83)
FN:581,(anonymous_84)
FN:617,(anonymous_85)
FN:620,(anonymous_86)
FN:632,(anonymous_87)
FN:636,(anonymous_88)
FN:655,(anonymous_89)
FN:658,(anonymous_90)
FN:661,(anonymous_91)
FN:667,(anonymous_92)
FN:676,(anonymous_93)
FNF:94
FNH:56
FNDA:65,(anonymous_0)
FNDA:53,GestionEncuestaProfesoresHU027
FNDA:18,(anonymous_2)
FNDA:18,(anonymous_3)
FNDA:8,(anonymous_4)
FNDA:0,(anonymous_5)
FNDA:34,(anonymous_6)
FNDA:0,(anonymous_7)
FNDA:0,(anonymous_8)
FNDA:0,(anonymous_9)
FNDA:25,(anonymous_10)
FNDA:0,(anonymous_11)
FNDA:0,(anonymous_12)
FNDA:0,(anonymous_13)
FNDA:24,(anonymous_14)
FNDA:15,(anonymous_15)
FNDA:0,(anonymous_16)
FNDA:18,(anonymous_17)
FNDA:37,(anonymous_18)
FNDA:38,(anonymous_19)
FNDA:2,(anonymous_20)
FNDA:33,(anonymous_21)
FNDA:15,(anonymous_22)
FNDA:15,(anonymous_23)
FNDA:0,(anonymous_24)
FNDA:33,(anonymous_25)
FNDA:0,(anonymous_26)
FNDA:33,(anonymous_27)
FNDA:34,(anonymous_28)
FNDA:0,(anonymous_29)
FNDA:1,(anonymous_30)
FNDA:0,(anonymous_31)
FNDA:0,(anonymous_32)
FNDA:2,(anonymous_33)
FNDA:2,(anonymous_34)
FNDA:0,(anonymous_35)
FNDA:0,(anonymous_36)
FNDA:2,(anonymous_37)
FNDA:0,(anonymous_38)
FNDA:2,(anonymous_39)
FNDA:2,(anonymous_40)
FNDA:1,(anonymous_41)
FNDA:0,(anonymous_42)
FNDA:1,(anonymous_43)
FNDA:0,(anonymous_44)
FNDA:2,(anonymous_45)
FNDA:2,(anonymous_46)
FNDA:0,(anonymous_47)
FNDA:1,(anonymous_48)
FNDA:1,(anonymous_49)
FNDA:0,(anonymous_50)
FNDA:0,(anonymous_51)
FNDA:1,(anonymous_52)
FNDA:0,(anonymous_53)
FNDA:1,(anonymous_54)
FNDA:1,(anonymous_55)
FNDA:0,(anonymous_56)
FNDA:1,(anonymous_57)
FNDA:0,(anonymous_58)
FNDA:1,(anonymous_59)
FNDA:104,(anonymous_60)
FNDA:1,(anonymous_61)
FNDA:1,(anonymous_62)
FNDA:1,(anonymous_63)
FNDA:1,(anonymous_64)
FNDA:62,(anonymous_65)
FNDA:0,(anonymous_66)
FNDA:0,(anonymous_67)
FNDA:0,(anonymous_68)
FNDA:0,(anonymous_69)
FNDA:1,(anonymous_70)
FNDA:2,(anonymous_71)
FNDA:2,(anonymous_72)
FNDA:1,(anonymous_73)
FNDA:0,(anonymous_74)
FNDA:1,(anonymous_75)
FNDA:1,(anonymous_76)
FNDA:0,(anonymous_77)
FNDA:0,(anonymous_78)
FNDA:64,(anonymous_79)
FNDA:0,(anonymous_80)
FNDA:0,(anonymous_81)
FNDA:4,(anonymous_82)
FNDA:0,(anonymous_83)
FNDA:0,(anonymous_84)
FNDA:0,(anonymous_85)
FNDA:31,(anonymous_86)
FNDA:31,(anonymous_87)
FNDA:0,(anonymous_88)
FNDA:1,(anonymous_89)
FNDA:1,(anonymous_90)
FNDA:1,(anonymous_91)
FNDA:1,(anonymous_92)
FNDA:0,(anonymous_93)
DA:9,3
DA:11,3
DA:12,65
DA:13,65
DA:17,53
DA:18,53
DA:19,52
DA:20,52
DA:21,52
DA:22,52
DA:23,52
DA:24,52
DA:25,52
DA:26,52
DA:28,52
DA:29,52
DA:30,52
DA:31,52
DA:32,52
DA:33,52
DA:35,52
DA:36,52
DA:37,52
DA:39,52
DA:41,52
DA:42,52
DA:44,52
DA:45,8
DA:46,8
DA:49,52
DA:51,52
DA:56,52
DA:57,34
DA:59,0
DA:60,0
DA:61,0
DA:65,52
DA:66,25
DA:67,25
DA:68,25
DA:69,25
DA:75,24
DA:76,0
DA:77,0
DA:78,0
DA:81,24
DA:82,24
DA:83,24
DA:85,24
DA:86,24
DA:91,24
DA:92,24
DA:94,24
DA:95,24
DA:99,24
DA:100,24
DA:101,24
DA:102,15
DA:108,24
DA:109,0
DA:110,0
DA:111,0
DA:117,1
DA:119,25
DA:123,52
DA:124,18
DA:128,52
DA:129,38
DA:130,37
DA:133,52
DA:134,33
DA:137,15
DA:138,15
DA:140,0
DA:143,52
DA:144,33
DA:145,33
DA:147,0
DA:148,0
DA:152,52
DA:153,33
DA:154,0
DA:158,52
DA:159,34
DA:160,34
DA:162,0
DA:163,0
DA:164,0
DA:165,0
DA:166,0
DA:168,0
DA:171,0
DA:174,52
DA:175,1
DA:177,0
DA:178,0
DA:182,52
DA:183,2
DA:186,52
DA:187,0
DA:188,0
DA:189,0
DA:190,0
DA:191,0
DA:192,0
DA:193,0
DA:194,0
DA:198,52
DA:199,2
DA:200,2
DA:201,1
DA:202,1
DA:205,1
DA:206,1
DA:207,1
DA:212,1
DA:213,1
DA:215,1
DA:216,1
DA:217,1
DA:219,0
DA:221,1
DA:225,52
DA:226,2
DA:227,2
DA:230,52
DA:231,2
DA:232,2
DA:235,52
DA:236,1
DA:237,0
DA:238,0
DA:241,1
DA:242,1
DA:243,1
DA:248,1
DA:249,1
DA:251,1
DA:252,1
DA:253,1
DA:255,0
DA:259,52
DA:260,1
DA:261,1
DA:266,1
DA:267,1
DA:269,1
DA:271,0
DA:275,52
DA:276,2
DA:277,2
DA:278,2
DA:281,52
DA:282,2
DA:283,2
DA:285,2
DA:286,1
DA:287,1
DA:289,1
DA:290,0
DA:291,0
DA:293,1
DA:294,0
DA:295,0
DA:298,1
DA:299,1
DA:300,1
DA:310,1
DA:311,1
DA:313,1
DA:314,1
DA:315,1
DA:317,0
DA:319,1
DA:323,52
DA:324,1
DA:325,1
DA:326,1
DA:331,1
DA:334,52
DA:335,1
DA:338,52
DA:339,0
DA:340,0
DA:342,0
DA:343,0
DA:344,0
DA:346,0
DA:347,0
DA:348,0
DA:350,0
DA:351,0
DA:352,0
DA:355,0
DA:356,0
DA:357,0
DA:367,0
DA:368,0
DA:370,0
DA:371,0
DA:372,0
DA:374,0
DA:376,0
DA:380,52
DA:381,1
DA:382,1
DA:384,1
DA:385,1
DA:386,1
DA:390,1
DA:391,1
DA:393,1
DA:394,0
DA:397,1
DA:398,1
DA:400,0
DA:402,1
DA:406,52
DA:407,1
DA:408,1
DA:412,52
DA:413,1
DA:414,1
DA:415,0
DA:416,0
DA:419,1
DA:420,1
DA:425,1
DA:426,1
DA:428,1
DA:429,1
DA:430,1
DA:432,0
DA:436,52
DA:437,1
DA:438,1
DA:439,1
DA:442,52
DA:459,104
DA:477,1
DA:482,1
DA:492,62
DA:493,62
DA:494,62
DA:496,62
DA:510,0
DA:514,0
DA:517,1
DA:525,2
DA:528,2
DA:529,1
DA:545,0
DA:548,1
DA:553,0
DA:556,64
DA:561,0
DA:574,4
DA:580,0
DA:581,0
DA:617,0
DA:621,31
DA:633,31
DA:634,31
DA:636,0
DA:637,31
DA:639,31
DA:655,1
DA:658,1
DA:661,1
DA:667,1
DA:677,0
LF:271
LH:195
BRDA:12,0,0,65
BRDA:12,0,1,17
BRDA:13,1,0,48
BRDA:13,1,1,17
BRDA:57,2,0,34
BRDA:57,2,1,0
BRDA:59,3,0,0
BRDA:59,3,1,0
BRDA:59,4,0,0
BRDA:59,4,1,0
BRDA:61,5,0,0
BRDA:61,5,1,0
BRDA:66,6,0,7
BRDA:66,6,1,18
BRDA:81,7,0,0
BRDA:81,7,1,24
BRDA:81,8,0,0
BRDA:81,8,1,0
BRDA:82,9,0,0
BRDA:82,9,1,24
BRDA:82,10,0,0
BRDA:82,10,1,0
BRDA:83,11,0,0
BRDA:83,11,1,24
BRDA:83,12,0,0
BRDA:83,12,1,0
BRDA:85,13,0,24
BRDA:85,13,1,0
BRDA:86,14,0,24
BRDA:86,14,1,0
BRDA:94,15,0,24
BRDA:94,15,1,17
BRDA:97,16,0,24
BRDA:97,16,1,0
BRDA:99,17,0,24
BRDA:99,17,1,0
BRDA:99,18,0,24
BRDA:99,18,1,24
BRDA:102,19,0,0
BRDA:102,19,1,15
BRDA:102,20,0,15
BRDA:102,20,1,0
BRDA:108,21,0,0
BRDA:108,21,1,24
BRDA:108,22,0,24
BRDA:108,22,1,0
BRDA:111,23,0,0
BRDA:111,23,1,0
BRDA:111,24,0,0
BRDA:111,24,1,0
BRDA:117,25,0,1
BRDA:117,25,1,0
BRDA:137,26,0,15
BRDA:137,26,1,0
BRDA:144,27,0,33
BRDA:144,27,1,0
BRDA:148,28,0,0
BRDA:148,28,1,0
BRDA:153,29,0,0
BRDA:153,29,1,33
BRDA:153,30,0,33
BRDA:153,30,1,0
BRDA:160,31,0,34
BRDA:160,31,1,0
BRDA:162,32,0,0
BRDA:162,32,1,0
BRDA:165,33,0,0
BRDA:165,33,1,0
BRDA:165,34,0,0
BRDA:165,34,1,0
BRDA:165,34,2,0
BRDA:171,35,0,0
BRDA:171,35,1,0
BRDA:175,36,0,1
BRDA:175,36,1,0
BRDA:177,37,0,0
BRDA:177,37,1,0
BRDA:177,38,0,0
BRDA:177,38,1,0
BRDA:183,39,0,0
BRDA:183,39,1,2
BRDA:189,40,0,0
BRDA:189,40,1,0
BRDA:190,41,0,0
BRDA:190,41,1,0
BRDA:191,42,0,0
BRDA:191,42,1,0
BRDA:191,43,0,0
BRDA:191,43,1,0
BRDA:200,44,0,1
BRDA:200,44,1,1
BRDA:200,45,0,2
BRDA:200,45,1,1
BRDA:213,46,0,0
BRDA:213,46,1,1
BRDA:213,47,0,0
BRDA:213,47,1,0
BRDA:219,48,0,0
BRDA:219,48,1,0
BRDA:227,49,0,2
BRDA:227,49,1,0
BRDA:227,50,0,2
BRDA:227,50,1,0
BRDA:236,51,0,0
BRDA:236,51,1,1
BRDA:236,52,0,1
BRDA:236,52,1,1
BRDA:242,53,0,1
BRDA:242,53,1,0
BRDA:249,54,0,0
BRDA:249,54,1,1
BRDA:249,55,0,0
BRDA:249,55,1,0
BRDA:255,56,0,0
BRDA:255,56,1,0
BRDA:267,57,0,0
BRDA:267,57,1,1
BRDA:267,58,0,0
BRDA:267,58,1,0
BRDA:271,59,0,0
BRDA:271,59,1,0
BRDA:283,60,0,2
BRDA:283,60,1,0
BRDA:285,61,0,1
BRDA:285,61,1,1
BRDA:289,62,0,0
BRDA:289,62,1,1
BRDA:293,63,0,0
BRDA:293,63,1,1
BRDA:311,64,0,0
BRDA:311,64,1,1
BRDA:311,65,0,0
BRDA:311,65,1,0
BRDA:317,66,0,0
BRDA:317,66,1,0
BRDA:327,67,0,1
BRDA:327,67,1,0
BRDA:328,68,0,1
BRDA:328,68,1,0
BRDA:329,69,0,1
BRDA:329,69,1,0
BRDA:329,69,2,0
BRDA:339,70,0,0
BRDA:339,70,1,0
BRDA:340,71,0,0
BRDA:340,71,1,0
BRDA:342,72,0,0
BRDA:342,72,1,0
BRDA:346,73,0,0
BRDA:346,73,1,0
BRDA:350,74,0,0
BRDA:350,74,1,0
BRDA:368,75,0,0
BRDA:368,75,1,0
BRDA:368,76,0,0
BRDA:368,76,1,0
BRDA:374,77,0,0
BRDA:374,77,1,0
BRDA:382,78,0,0
BRDA:382,78,1,1
BRDA:391,79,0,0
BRDA:391,79,1,1
BRDA:391,80,0,0
BRDA:391,80,1,0
BRDA:393,81,0,0
BRDA:393,81,1,1
BRDA:400,82,0,0
BRDA:400,82,1,0
BRDA:408,83,0,0
BRDA:408,83,1,1
BRDA:413,84,0,1
BRDA:413,84,1,0
BRDA:414,85,0,0
BRDA:414,85,1,1
BRDA:426,86,0,0
BRDA:426,86,1,1
BRDA:426,87,0,0
BRDA:426,87,1,0
BRDA:432,88,0,0
BRDA:432,88,1,0
BRDA:465,89,0,20
BRDA:465,89,1,32
BRDA:486,90,0,1
BRDA:486,90,1,31
BRDA:497,91,0,4
BRDA:497,91,1,58
BRDA:499,92,0,31
BRDA:499,92,1,31
BRDA:500,93,0,31
BRDA:500,93,1,31
BRDA:503,94,0,62
BRDA:503,94,1,4
BRDA:506,95,0,2
BRDA:506,95,1,60
BRDA:525,96,0,60
BRDA:525,96,1,29
BRDA:526,97,0,4
BRDA:526,97,1,56
BRDA:530,98,0,29
BRDA:530,98,1,31
BRDA:542,99,0,1
BRDA:542,99,1,31
BRDA:545,100,0,1
BRDA:545,100,1,31
BRDA:569,101,0,28
BRDA:569,101,1,4
BRDA:589,102,0,1
BRDA:589,102,1,31
BRDA:592,103,0,0
BRDA:592,103,1,1
BRDA:599,104,0,1
BRDA:599,104,1,30
BRDA:627,105,0,1
BRDA:627,105,1,31
BRDA:629,106,0,0
BRDA:629,106,1,31
BRDA:634,107,0,31
BRDA:634,107,1,0
BRDA:636,108,0,0
BRDA:636,108,1,0
BRDA:636,109,0,0
BRDA:636,109,1,0
BRDA:644,110,0,0
BRDA:644,110,1,31
BRDA:645,111,0,0
BRDA:645,111,1,31
BRDA:648,112,0,31
BRDA:648,112,1,0
BRDA:650,113,0,31
BRDA:650,113,1,0
BRDA:650,114,0,31
BRDA:650,114,1,31
BRDA:656,115,0,1
BRDA:656,115,1,30
BRDA:670,116,0,1
BRDA:670,116,1,30
BRDA:674,117,0,31
BRDA:674,117,1,1
BRF:238
BRH:106
end_of_record
TN:
SF:src\GestionRubricas.js
FN:13,GestionRubricas
FN:40,(anonymous_1)
FN:44,(anonymous_2)
FN:65,(anonymous_3)
FN:71,(anonymous_4)
FN:94,(anonymous_5)
FN:99,(anonymous_6)
FN:101,(anonymous_7)
FN:107,(anonymous_8)
FN:112,(anonymous_9)
FN:118,(anonymous_10)
FN:119,(anonymous_11)
FN:125,(anonymous_12)
FN:131,(anonymous_13)
FN:132,(anonymous_14)
FN:138,(anonymous_15)
FN:139,(anonymous_16)
FN:142,(anonymous_17)
FN:152,(anonymous_18)
FN:164,(anonymous_19)
FN:215,(anonymous_20)
FN:271,(anonymous_21)
FN:274,(anonymous_22)
FN:286,(anonymous_23)
FN:301,(anonymous_24)
FN:319,(anonymous_25)
FN:325,(anonymous_26)
FN:338,(anonymous_27)
FN:381,(anonymous_28)
FN:390,(anonymous_29)
FN:399,(anonymous_30)
FN:410,(anonymous_31)
FN:419,(anonymous_32)
FN:448,(anonymous_33)
FNF:34
FNH:24
FNDA:31,GestionRubricas
FNDA:6,(anonymous_1)
FNDA:7,(anonymous_2)
FNDA:4,(anonymous_3)
FNDA:0,(anonymous_4)
FNDA:1,(anonymous_5)
FNDA:2,(anonymous_6)
FNDA:2,(anonymous_7)
FNDA:3,(anonymous_8)
FNDA:3,(anonymous_9)
FNDA:1,(anonymous_10)
FNDA:1,(anonymous_11)
FNDA:1,(anonymous_12)
FNDA:0,(anonymous_13)
FNDA:0,(anonymous_14)
FNDA:13,(anonymous_15)
FNDA:14,(anonymous_16)
FNDA:2,(anonymous_17)
FNDA:2,(anonymous_18)
FNDA:1,(anonymous_19)
FNDA:0,(anonymous_20)
FNDA:4,(anonymous_21)
FNDA:0,(anonymous_22)
FNDA:0,(anonymous_23)
FNDA:0,(anonymous_24)
FNDA:0,(anonymous_25)
FNDA:0,(anonymous_26)
FNDA:2,(anonymous_27)
FNDA:13,(anonymous_28)
FNDA:1,(anonymous_29)
FNDA:1,(anonymous_30)
FNDA:1,(anonymous_31)
FNDA:1,(anonymous_32)
FNDA:0,(anonymous_33)
DA:14,31
DA:21,31
DA:22,31
DA:24,31
DA:25,30
DA:26,30
DA:27,30
DA:30,30
DA:37,30
DA:38,30
DA:40,30
DA:41,6
DA:44,30
DA:45,7
DA:46,7
DA:47,7
DA:52,6
DA:54,6
DA:55,6
DA:57,1
DA:58,1
DA:59,1
DA:61,7
DA:65,30
DA:66,4
DA:68,0
DA:71,0
DA:77,0
DA:84,4
DA:85,4
DA:91,4
DA:94,30
DA:95,1
DA:96,1
DA:99,30
DA:100,2
DA:101,2
DA:107,30
DA:108,3
DA:109,3
DA:110,3
DA:111,3
DA:112,3
DA:118,30
DA:119,1
DA:125,30
DA:126,1
DA:127,1
DA:128,1
DA:129,1
DA:131,0
DA:132,0
DA:138,30
DA:139,14
DA:142,30
DA:143,2
DA:146,2
DA:147,0
DA:148,0
DA:149,0
DA:152,2
DA:153,2
DA:154,1
DA:155,1
DA:156,1
DA:159,1
DA:161,1
DA:164,1
DA:170,1
DA:172,1
DA:181,1
DA:183,1
DA:184,1
DA:188,1
DA:190,1
DA:199,1
DA:200,0
DA:201,0
DA:204,1
DA:205,1
DA:206,1
DA:207,1
DA:209,0
DA:210,0
DA:211,0
DA:215,30
DA:216,0
DA:217,0
DA:220,0
DA:221,0
DA:228,0
DA:229,0
DA:230,0
DA:233,0
DA:234,0
DA:235,0
DA:237,0
DA:238,0
DA:239,0
DA:243,30
DA:244,6
DA:254,24
DA:271,4
DA:274,0
DA:287,0
DA:302,0
DA:319,0
DA:325,0
DA:338,2
DA:382,13
DA:390,1
DA:399,1
DA:410,1
DA:419,1
DA:448,0
LF:115
LH:83
BRDA:52,0,0,0
BRDA:52,0,1,6
BRDA:55,1,0,6
BRDA:55,1,1,0
BRDA:65,2,0,4
BRDA:66,3,0,0
BRDA:66,3,1,4
BRDA:71,4,0,0
BRDA:71,4,1,0
BRDA:72,5,0,0
BRDA:72,5,1,0
BRDA:72,5,2,0
BRDA:73,6,0,0
BRDA:73,6,1,0
BRDA:74,7,0,0
BRDA:74,7,1,0
BRDA:78,8,0,0
BRDA:78,8,1,0
BRDA:79,9,0,0
BRDA:79,9,1,0
BRDA:80,10,0,0
BRDA:80,10,1,0
BRDA:110,11,0,1
BRDA:110,11,1,2
BRDA:110,12,0,1
BRDA:110,12,1,0
BRDA:126,13,0,1
BRDA:126,13,1,0
BRDA:139,14,0,14
BRDA:139,14,1,12
BRDA:146,15,0,0
BRDA:146,15,1,2
BRDA:152,16,0,2
BRDA:152,16,1,1
BRDA:152,16,2,1
BRDA:153,17,0,1
BRDA:153,17,1,1
BRDA:184,18,0,0
BRDA:184,18,1,1
BRDA:188,19,0,0
BRDA:188,19,1,1
BRDA:199,20,0,0
BRDA:199,20,1,1
BRDA:204,21,0,0
BRDA:204,21,1,1
BRDA:216,22,0,0
BRDA:216,22,1,0
BRDA:228,23,0,0
BRDA:228,23,1,0
BRDA:243,24,0,6
BRDA:243,24,1,24
BRDA:280,25,0,24
BRDA:280,25,1,0
BRDA:298,26,0,0
BRDA:298,26,1,0
BRDA:299,27,0,0
BRDA:299,27,1,0
BRDA:299,28,0,0
BRDA:299,28,1,0
BRDA:304,29,0,0
BRDA:304,29,1,0
BRDA:304,29,2,0
BRDA:336,30,0,24
BRDA:336,30,1,12
BRDA:340,31,0,0
BRDA:340,31,1,12
BRDA:440,32,0,0
BRDA:440,32,1,12
BRF:68
BRH:27
end_of_record
TN:
SF:src\LoadingSpinner.js
FN:4,(anonymous_0)
FNF:1
FNH:1
FNDA:1,(anonymous_0)
DA:4,3
DA:5,1
LF:2
LH:2
BRF:0
BRH:0
end_of_record
TN:
SF:src\Login.js
FN:8,Login
FN:18,(anonymous_1)
FN:31,(anonymous_2)
FN:35,(anonymous_3)
FN:39,(anonymous_4)
FN:45,(anonymous_5)
FN:76,(anonymous_6)
FN:81,(anonymous_7)
FN:86,(anonymous_8)
FN:91,(anonymous_9)
FN:103,(anonymous_10)
FN:108,(anonymous_11)
FN:117,(anonymous_12)
FN:171,(anonymous_13)
FN:178,(anonymous_14)
FN:178,(anonymous_15)
FNF:16
FNH:15
FNDA:49,Login
FNDA:7,(anonymous_1)
FNDA:11,(anonymous_2)
FNDA:11,(anonymous_3)
FNDA:1,(anonymous_4)
FNDA:11,(anonymous_5)
FNDA:2,(anonymous_6)
FNDA:1,(anonymous_7)
FNDA:2,(anonymous_8)
FNDA:2,(anonymous_9)
FNDA:13,(anonymous_10)
FNDA:13,(anonymous_11)
FNDA:0,(anonymous_12)
FNDA:1,(anonymous_13)
FNDA:2,(anonymous_14)
FNDA:2,(anonymous_15)
DA:9,49
DA:10,49
DA:11,48
DA:12,48
DA:13,48
DA:14,48
DA:15,48
DA:16,48
DA:18,48
DA:19,7
DA:20,2
DA:22,5
DA:23,2
DA:25,3
DA:26,2
DA:28,1
DA:31,48
DA:32,11
DA:35,48
DA:36,11
DA:39,48
DA:40,1
DA:41,1
DA:45,48
DA:46,11
DA:47,11
DA:51,11
DA:53,11
DA:55,11
DA:56,11
DA:63,9
DA:64,9
DA:65,7
DA:66,7
DA:68,7
DA:69,7
DA:70,7
DA:71,7
DA:73,7
DA:74,2
DA:75,2
DA:76,2
DA:78,5
DA:79,1
DA:80,1
DA:81,1
DA:83,4
DA:84,2
DA:85,2
DA:86,2
DA:89,2
DA:90,2
DA:91,2
DA:94,2
DA:95,2
DA:99,2
DA:103,48
DA:105,13
DA:108,13
DA:109,13
DA:113,48
DA:117,0
DA:171,1
DA:178,2
LF:64
LH:63
BRDA:19,0,0,2
BRDA:19,0,1,5
BRDA:22,1,0,2
BRDA:22,1,1,3
BRDA:25,2,0,2
BRDA:25,2,1,1
BRDA:25,3,0,3
BRDA:25,3,1,2
BRDA:40,4,0,1
BRDA:40,4,1,0
BRDA:64,5,0,7
BRDA:64,5,1,2
BRDA:73,6,0,2
BRDA:73,6,1,5
BRDA:78,7,0,1
BRDA:78,7,1,4
BRDA:83,8,0,2
BRDA:83,8,1,2
BRDA:165,9,0,3
BRDA:165,9,1,45
BRDA:179,10,0,3
BRDA:179,10,1,45
BRDA:180,11,0,3
BRDA:180,11,1,45
BRDA:182,12,0,3
BRDA:182,12,1,45
BRDA:195,13,0,48
BRDA:195,13,1,1
BRDA:199,14,0,48
BRDA:199,14,1,2
BRF:30
BRH:29
end_of_record
TN:
SF:src\MisConvocatorias.js
FN:10,MisConvocatorias
FN:38,(anonymous_1)
FN:42,(anonymous_2)
FN:46,(anonymous_3)
FN:73,(anonymous_4)
FN:78,(anonymous_5)
FN:80,(anonymous_6)
FN:85,(anonymous_7)
FN:90,(anonymous_8)
FN:97,(anonymous_9)
FN:102,(anonymous_10)
FN:103,(anonymous_11)
FN:104,(anonymous_12)
FN:107,(anonymous_13)
FN:115,(anonymous_14)
FN:149,(anonymous_15)
FN:182,(anonymous_16)
FN:192,(anonymous_17)
FN:203,(anonymous_18)
FN:213,(anonymous_19)
FN:222,(anonymous_20)
FN:232,(anonymous_21)
FN:241,(anonymous_22)
FN:251,(anonymous_23)
FN:295,(anonymous_24)
FN:339,(anonymous_25)
FN:351,(anonymous_26)
FN:352,(anonymous_27)
FN:395,(anonymous_28)
FN:395,(anonymous_29)
FN:414,(anonymous_30)
FN:414,(anonymous_31)
FNF:32
FNH:19
FNDA:15,MisConvocatorias
FNDA:3,(anonymous_1)
FNDA:7,(anonymous_2)
FNDA:3,(anonymous_3)
FNDA:7,(anonymous_4)
FNDA:2,(anonymous_5)
FNDA:2,(anonymous_6)
FNDA:0,(anonymous_7)
FNDA:0,(anonymous_8)
FNDA:0,(anonymous_9)
FNDA:12,(anonymous_10)
FNDA:12,(anonymous_11)
FNDA:12,(anonymous_12)
FNDA:12,(anonymous_13)
FNDA:5,(anonymous_14)
FNDA:12,(anonymous_15)
FNDA:2,(anonymous_16)
FNDA:42,(anonymous_17)
FNDA:0,(anonymous_18)
FNDA:21,(anonymous_19)
FNDA:0,(anonymous_20)
FNDA:27,(anonymous_21)
FNDA:0,(anonymous_22)
FNDA:60,(anonymous_23)
FNDA:5,(anonymous_24)
FNDA:0,(anonymous_25)
FNDA:0,(anonymous_26)
FNDA:0,(anonymous_27)
FNDA:0,(anonymous_28)
FNDA:0,(anonymous_29)
FNDA:0,(anonymous_30)
FNDA:0,(anonymous_31)
DA:11,15
DA:19,15
DA:21,15
DA:22,15
DA:23,15
DA:24,15
DA:25,15
DA:28,15
DA:29,15
DA:30,15
DA:32,15
DA:33,15
DA:34,15
DA:36,15
DA:38,15
DA:39,3
DA:42,15
DA:43,7
DA:46,15
DA:47,3
DA:48,3
DA:49,3
DA:57,2
DA:58,0
DA:61,2
DA:62,2
DA:63,2
DA:65,1
DA:66,1
DA:67,1
DA:69,3
DA:73,15
DA:74,7
DA:77,7
DA:78,4
DA:79,3
DA:80,2
DA:84,7
DA:85,0
DA:89,7
DA:90,0
DA:93,7
DA:94,7
[...]
BRDA:192,12,0,9
BRDA:192,12,1,78
BRDA:203,13,0,87
BRDA:203,13,1,18
BRDA:203,14,0,51
BRDA:203,14,1,36
BRDA:208,15,0,9
BRDA:208,15,1,78
BRDA:223,16,0,92
BRDA:223,16,1,3
BRDA:243,17,0,92
BRDA:243,17,1,17
BRDA:258,18,0,9
BRDA:258,18,1,8
BRF:38
BRH:33
end_of_record
TN:
SF:src\VerticalNavbar.js
FN:27,VerticalNavbar
FN:44,(anonymous_1)
FN:49,(anonymous_2)
FN:54,(anonymous_3)
FN:72,(anonymous_4)
FN:80,(anonymous_5)
FN:89,(anonymous_6)
FN:98,(anonymous_7)
FN:107,(anonymous_8)
FN:115,(anonymous_9)
FN:124,(anonymous_10)
FN:132,(anonymous_11)
FN:140,(anonymous_12)
FN:144,(anonymous_13)
FN:145,(anonymous_14)
FN:154,(anonymous_15)
FN:157,(anonymous_16)
FN:163,(anonymous_17)
FN:169,(anonymous_18)
FN:170,(anonymous_19)
FN:173,(anonymous_20)
FN:179,getInitials
FN:193,(anonymous_22)
FN:224,(anonymous_23)
FN:257,(anonymous_24)
FN:268,(anonymous_25)
FN:282,(anonymous_26)
FN:294,(anonymous_27)
FN:302,(anonymous_28)
FN:310,(anonymous_29)
FN:318,(anonymous_30)
FN:336,(anonymous_31)
FN:345,(anonymous_32)
FN:355,(anonymous_33)
FN:364,(anonymous_34)
FN:373,(anonymous_35)
FN:382,(anonymous_36)
FN:398,(anonymous_37)
FN:407,(anonymous_38)
FN:416,(anonymous_39)
FN:425,(anonymous_40)
FN:434,(anonymous_41)
FN:443,(anonymous_42)
FN:452,(anonymous_43)
FN:465,(anonymous_44)
FN:478,(anonymous_45)
FNF:46
FNH:35
FNDA:12,VerticalNavbar
FNDA:5,(anonymous_1)
FNDA:0,(anonymous_2)
FNDA:5,(anonymous_3)
FNDA:1,(anonymous_4)
FNDA:1,(anonymous_5)
FNDA:0,(anonymous_6)
FNDA:1,(anonymous_7)
FNDA:1,(anonymous_8)
FNDA:0,(anonymous_9)
FNDA:1,(anonymous_10)
FNDA:1,(anonymous_11)
FNDA:0,(anonymous_12)
FNDA:5,(anonymous_13)
FNDA:0,(anonymous_14)
FNDA:5,(anonymous_15)
FNDA:0,(anonymous_16)
FNDA:0,(anonymous_17)
FNDA:0,(anonymous_18)
FNDA:0,(anonymous_19)
FNDA:0,(anonymous_20)
FNDA:3,getInitials
FNDA:1,(anonymous_22)
FNDA:0,(anonymous_23)
FNDA:4,(anonymous_24)
FNDA:4,(anonymous_25)
FNDA:4,(anonymous_26)
FNDA:2,(anonymous_27)
FNDA:2,(anonymous_28)
FNDA:2,(anonymous_29)
FNDA:2,(anonymous_30)
FNDA:1,(anonymous_31)
FNDA:1,(anonymous_32)
FNDA:1,(anonymous_33)
FNDA:1,(anonymous_34)
FNDA:1,(anonymous_35)
FNDA:1,(anonymous_36)
FNDA:1,(anonymous_37)
FNDA:1,(anonymous_38)
FNDA:1,(anonymous_39)
FNDA:1,(anonymous_40)
FNDA:1,(anonymous_41)
FNDA:1,(anonymous_42)
FNDA:1,(anonymous_43)
FNDA:2,(anonymous_44)
FNDA:11,(anonymous_45)
DA:28,12
DA:36,12
DA:37,11
DA:38,11
DA:39,11
DA:40,11
DA:41,11
DA:42,11
DA:43,11
DA:44,11
DA:45,11
DA:47,11
DA:49,11
DA:50,0
DA:51,0
DA:54,11
DA:55,5
DA:56,5
DA:57,5
DA:58,0
DA:59,0
DA:61,5
DA:62,5
DA:63,5
DA:64,5
DA:65,1
DA:66,1
DA:73,1
DA:74,0
DA:75,0
DA:78,1
DA:81,1
DA:82,1
DA:83,1
DA:84,1
DA:86,0
DA:89,0
DA:91,4
DA:92,1
DA:99,1
DA:100,0
DA:101,0
DA:102,0
DA:105,1
DA:108,1
DA:109,1
DA:110,1
DA:112,0
DA:115,0
DA:117,3
DA:118,1
DA:125,1
DA:126,0
DA:127,0
DA:130,1
DA:133,1
DA:134,1
DA:135,1
DA:137,0
DA:140,0
DA:144,11
DA:145,5
DA:146,0
DA:147,0
DA:148,0
DA:149,0
DA:153,5
DA:154,5
DA:157,11
DA:158,0
DA:159,0
DA:163,11
DA:164,0
DA:165,0
DA:169,11
DA:170,0
DA:173,11
DA:174,0
DA:175,0
DA:180,3
DA:182,3
DA:183,0
DA:184,0
DA:185,0
DA:187,3
DA:188,3
DA:189,3
DA:193,11
DA:194,1
DA:195,1
DA:196,1
DA:197,1
DA:198,1
DA:199,1
DA:200,0
DA:204,11
DA:224,0
DA:257,4
DA:268,4
DA:282,4
DA:294,2
DA:302,2
DA:310,2
DA:318,2
DA:336,1
DA:345,1
DA:355,1
DA:364,1
DA:373,1
DA:382,1
DA:398,1
DA:407,1
DA:416,1
DA:425,1
DA:434,1
DA:443,1
DA:452,1
DA:465,2
DA:479,11
LF:119
LH:86
BRDA:47,0,0,0
BRDA:47,0,1,11
BRDA:57,1,0,0
BRDA:57,1,1,5
BRDA:57,2,0,5
BRDA:57,2,1,5
BRDA:58,3,0,0
BRDA:58,3,1,0
BRDA:64,4,0,1
BRDA:64,4,1,4
BRDA:73,5,0,0
BRDA:73,5,1,1
BRDA:81,6,0,1
BRDA:81,6,1,0
BRDA:91,7,0,1
BRDA:91,7,1,3
BRDA:99,8,0,0
BRDA:99,8,1,1
BRDA:108,9,0,1
BRDA:108,9,1,0
BRDA:117,10,0,1
BRDA:117,10,1,2
BRDA:125,11,0,0
BRDA:125,11,1,1
BRDA:133,12,0,1
BRDA:133,12,1,0
BRDA:148,13,0,0
BRDA:148,13,1,0
BRDA:158,14,0,0
BRDA:158,14,1,0
BRDA:164,15,0,0
BRDA:164,15,1,0
BRDA:174,16,0,0
BRDA:174,16,1,0
BRDA:182,17,0,0
BRDA:182,17,1,3
BRDA:183,18,0,0
BRDA:183,18,1,0
BRDA:184,19,0,0
BRDA:184,19,1,0
BRDA:187,20,0,3
BRDA:187,20,1,0
BRDA:188,21,0,3
BRDA:188,21,1,0
BRDA:199,22,0,0
BRDA:199,22,1,1
BRDA:206,23,0,11
BRDA:206,23,1,0
BRDA:211,24,0,0
BRDA:211,24,1,0
BRDA:213,25,0,0
BRDA:213,25,1,0
BRDA:218,26,0,0
BRDA:218,26,1,11
BRDA:218,27,0,0
BRDA:218,27,1,11
BRDA:218,28,0,0
BRDA:218,28,1,0
BRDA:242,29,0,11
BRDA:242,29,1,9
BRDA:242,29,2,8
BRDA:242,29,3,4
BRDA:246,30,0,0
BRDA:246,30,1,4
BRDA:254,31,0,11
BRDA:254,31,1,9
BRDA:254,31,2,4
BRDA:257,32,0,0
BRDA:257,32,1,4
BRDA:265,33,0,11
BRDA:265,33,1,9
BRDA:265,33,2,4
BRDA:268,34,0,0
BRDA:268,34,1,4
BRDA:277,35,0,11
BRDA:277,35,1,9
BRDA:277,35,2,8
BRDA:277,35,3,4
BRDA:279,36,0,4
BRDA:279,36,1,2
BRDA:279,36,2,1
BRDA:279,36,3,4
BRDA:282,37,0,0
BRDA:282,37,1,4
BRDA:290,38,0,4
BRDA:290,38,1,2
BRDA:294,39,0,0
BRDA:294,39,1,2
BRDA:302,40,0,0
BRDA:302,40,1,2
BRDA:310,41,0,0
BRDA:310,41,1,2
BRDA:318,42,0,0
BRDA:318,42,1,2
BRDA:331,43,0,11
BRDA:331,43,1,1
BRDA:336,44,0,0
BRDA:336,44,1,1
BRDA:345,45,0,0
BRDA:345,45,1,1
BRDA:355,46,0,0
BRDA:355,46,1,1
BRDA:364,47,0,0
BRDA:364,47,1,1
BRDA:373,48,0,0
BRDA:373,48,1,1
BRDA:382,49,0,0
BRDA:382,49,1,1
BRDA:393,50,0,11
BRDA:393,50,1,1
BRDA:398,51,0,0
BRDA:398,51,1,1
BRDA:407,52,0,0
BRDA:407,52,1,1
BRDA:416,53,0,0
BRDA:416,53,1,1
BRDA:425,54,0,0
BRDA:425,54,1,1
BRDA:434,55,0,0
BRDA:434,55,1,1
BRDA:443,56,0,0
BRDA:443,56,1,1
BRDA:452,57,0,0
BRDA:452,57,1,1
BRDA:461,58,0,11
BRDA:461,58,1,10
BRDA:461,58,2,2
BRDA:465,59,0,0
BRDA:465,59,1,2
BRDA:479,60,0,11
BRDA:479,60,1,0
BRDA:491,61,0,11
BRDA:491,61,1,0
BRDA:491,61,2,0
BRF:134
BRH:74
end_of_record
TN:
SF:src\VistaMonitorActividades.js
FN:12,VistaMonitorActividades
FN:46,(anonymous_1)
FN:54,(anonymous_2)
FN:61,(anonymous_3)
FN:103,(anonymous_4)
FN:111,(anonymous_5)
FN:160,(anonymous_6)
FN:162,(anonymous_7)
FN:165,(anonymous_8)
FN:168,(anonymous_9)
FN:187,(anonymous_10)
FN:193,(anonymous_11)
FN:202,(anonymous_12)
FN:209,(anonymous_13)
FN:216,(anonymous_14)
FN:218,(anonymous_15)
FN:226,(anonymous_16)
FN:235,(anonymous_17)
FN:284,(anonymous_18)
FN:296,(anonymous_19)
FN:312,(anonymous_20)
FN:324,(anonymous_21)
FN:332,(anonymous_22)
FN:361,(anonymous_23)
FN:363,(anonymous_24)
FN:381,(anonymous_25)
FN:382,(anonymous_26)
FN:385,(anonymous_27)
FN:386,(anonymous_28)
FN:409,(anonymous_29)
FN:422,(anonymous_30)
FN:439,(anonymous_31)
FN:457,(anonymous_32)
FN:473,(anonymous_33)
FN:486,(anonymous_34)
FN:498,(anonymous_35)
FN:499,(anonymous_36)
FN:502,(anonymous_37)
FN:503,(anonymous_38)
FN:509,(anonymous_39)
FN:513,(anonymous_40)
FN:526,(anonymous_41)
FN:531,(anonymous_42)
FN:546,(anonymous_43)
FN:549,(anonymous_44)
FN:552,(anonymous_45)
FN:556,(anonymous_46)
FN:560,(anonymous_47)
FN:561,(anonymous_48)
FN:570,(anonymous_49)
FN:571,(anonymous_50)
FN:580,(anonymous_51)
FN:612,(anonymous_52)
FN:625,(anonymous_53)
FN:665,(anonymous_54)
FN:682,(anonymous_55)
FN:685,(anonymous_56)
FN:690,(anonymous_57)
FN:699,(anonymous_58)
FN:715,(anonymous_59)
FN:715,(anonymous_60)
FN:720,(anonymous_61)
FN:759,(anonymous_62)
FN:760,(anonymous_63)
FN:761,(anonymous_64)
FN:780,(anonymous_65)
FN:787,(anonymous_66)
FN:797,(anonymous_67)
FN:819,(anonymous_68)
FN:831,(anonymous_69)
FN:871,(anonymous_70)
FN:883,(anonymous_71)
FN:934,(anonymous_72)
FN:942,(anonymous_73)
FN:946,(anonymous_74)
FN:953,(anonymous_75)
FN:957,(anonymous_76)
FN:964,(anonymous_77)
FN:973,(anonymous_78)
FN:994,(anonymous_79)
FN:998,(anonymous_80)
FN:1002,(anonymous_81)
FN:1006,(anonymous_82)
FN:1026,(anonymous_83)
FN:1027,(anonymous_84)
FN:1032,(anonymous_85)
FN:1124,(anonymous_86)
FN:1134,(anonymous_87)
FN:1142,(anonymous_88)
FN:1155,(anonymous_89)
FN:1164,(anonymous_90)
FN:1193,(anonymous_91)
FN:1226,(anonymous_92)
FN:1246,(anonymous_93)
FN:1262,(anonymous_94)
FN:1274,(anonymous_95)
FN:1278,(anonymous_96)
FN:1279,(anonymous_97)
FN:1284,(anonymous_98)
FN:1327,(anonymous_99)
FNF:100
FNH:44
FNDA:37,VistaMonitorActividades
FNDA:9,(anonymous_1)
FNDA:17,(anonymous_2)
FNDA:9,(anonymous_3)
FNDA:6,(anonymous_4)
FNDA:6,(anonymous_5)
FNDA:5,(anonymous_6)
FNDA:6,(anonymous_7)
FNDA:6,(anonymous_8)
FNDA:6,(anonymous_9)
FNDA:17,(anonymous_10)
FNDA:0,(anonymous_11)
FNDA:0,(anonymous_12)
FNDA:0,(anonymous_13)
FNDA:1,(anonymous_14)
FNDA:2,(anonymous_15)
FNDA:1,(anonymous_16)
FNDA:0,(anonymous_17)
FNDA:0,(anonymous_18)
FNDA:0,(anonymous_19)
FNDA:1,(anonymous_20)
FNDA:2,(anonymous_21)
FNDA:0,(anonymous_22)
FNDA:0,(anonymous_23)
FNDA:0,(anonymous_24)
FNDA:0,(anonymous_25)
FNDA:0,(anonymous_26)
FNDA:0,(anonymous_27)
FNDA:0,(anonymous_28)
FNDA:0,(anonymous_29)
FNDA:18,(anonymous_30)
FNDA:18,(anonymous_31)
FNDA:18,(anonymous_32)
FNDA:18,(anonymous_33)
FNDA:26,(anonymous_34)
FNDA:35,(anonymous_35)
FNDA:14,(anonymous_36)
FNDA:35,(anonymous_37)
FNDA:14,(anonymous_38)
FNDA:1,(anonymous_39)
FNDA:1,(anonymous_40)
FNDA:1,(anonymous_41)
FNDA:1,(anonymous_42)
FNDA:0,(anonymous_43)
FNDA:0,(anonymous_44)
FNDA:0,(anonymous_45)
FNDA:0,(anonymous_46)
FNDA:0,(anonymous_47)
FNDA:0,(anonymous_48)
FNDA:0,(anonymous_49)
FNDA:0,(anonymous_50)
FNDA:0,(anonymous_51)
FNDA:35,(anonymous_52)
FNDA:0,(anonymous_53)
FNDA:0,(anonymous_54)
FNDA:0,(anonymous_55)
FNDA:0,(anonymous_56)
FNDA:0,(anonymous_57)
FNDA:0,(anonymous_58)
FNDA:0,(anonymous_59)
FNDA:0,(anonymous_60)
FNDA:0,(anonymous_61)
FNDA:0,(anonymous_62)
FNDA:0,(anonymous_63)
FNDA:0,(anonymous_64)
FNDA:0,(anonymous_65)
FNDA:26,(anonymous_66)
FNDA:14,(anonymous_67)
FNDA:16,(anonymous_68)
FNDA:1,(anonymous_69)
FNDA:0,(anonymous_70)
FNDA:2,(anonymous_71)
FNDA:0,(anonymous_72)
FNDA:0,(anonymous_73)
FNDA:14,(anonymous_74)
FNDA:0,(anonymous_75)
FNDA:14,(anonymous_76)
FNDA:1,(anonymous_77)
FNDA:0,(anonymous_78)
FNDA:14,(anonymous_79)
FNDA:14,(anonymous_80)
FNDA:14,(anonymous_81)
FNDA:14,(anonymous_82)
FNDA:0,(anonymous_83)
FNDA:0,(anonymous_84)
FNDA:0,(anonymous_85)
FNDA:0,(anonymous_86)
FNDA:0,(anonymous_87)
FNDA:0,(anonymous_88)
FNDA:0,(anonymous_89)
FNDA:0,(anonymous_90)
FNDA:0,(anonymous_91)
FNDA:0,(anonymous_92)
FNDA:0,(anonymous_93)
FNDA:0,(anonymous_94)
FNDA:0,(anonymous_95)
FNDA:0,(anonymous_96)
FNDA:1,(anonymous_97)
FNDA:0,(anonymous_98)
FNDA:1,(anonymous_99)
DA:13,37
DA:14,37
DA:15,37
DA:18,37
DA:19,35
DA:20,35
DA:23,35
DA:24,35
DA:25,35
DA:26,35
DA:29,35
DA:30,35
DA:31,35
DA:32,35
DA:33,35
DA:34,35
DA:37,35
DA:38,35
DA:39,35
DA:40,35
DA:43,35
DA:44,35
DA:46,35
DA:47,9
DA:48,0
DA:49,0
DA:51,9
DA:54,35
DA:55,17
DA:61,35
DA:62,9
DA:63,9
DA:65,9
DA:76,7
DA:77,1
DA:80,6
DA:81,6
DA:84,6
DA:85,6
DA:87,6
DA:88,6
DA:90,2
DA:91,2
DA:92,2
DA:93,2
DA:94,2
DA:96,8
DA:103,35
DA:104,6
DA:105,1
DA:109,5
DA:111,5
DA:112,6
DA:113,6
DA:115,6
DA:117,6
DA:119,5
DA:131,6
DA:132,6
DA:160,5
DA:161,5
DA:162,5
DA:163,6
DA:165,5
DA:166,6
DA:168,5
DA:169,6
DA:172,5
DA:181,5
DA:187,35
DA:188,17
DA:191,17
DA:192,0
DA:193,0
DA:194,0
DA:201,17
DA:202,0
DA:203,0
DA:208,17
DA:209,0
DA:210,0
DA:215,17
DA:216,1
DA:219,2
DA:220,2
DA:221,0
DA:222,0
DA:224,0
DA:226,1
DA:229,17
DA:235,35
DA:236,0
DA:237,0
DA:238,0
DA:239,0
DA:242,0
DA:243,0
DA:252,0
DA:253,0
DA:256,0
DA:259,0
DA:262,0
DA:263,0
DA:264,0
DA:265,0
DA:266,0
DA:267,0
DA:268,0
DA:269,0
DA:270,0
DA:272,0
DA:273,0
DA:275,0
DA:276,0
DA:277,0
DA:284,35
DA:285,0
DA:286,0
DA:287,0
DA:288,0
DA:289,0
DA:290,0
DA:291,0
DA:292,0
DA:293,0
DA:295,0
DA:296,0
DA:297,0
DA:298,0
DA:299,0
DA:303,0
DA:304,0
DA:306,0
DA:312,35
DA:313,1
DA:314,1
DA:315,1
DA:316,1
DA:317,1
DA:318,1
DA:324,35
DA:325,2
DA:326,2
DA:332,35
DA:333,0
DA:335,0
DA:337,0
DA:338,0
DA:339,0
DA:342,0
DA:343,0
DA:344,0
DA:347,0
DA:356,0
DA:357,0
DA:361,0
DA:364,0
DA:365,0
DA:376,0
DA:381,0
DA:382,0
DA:383,0
DA:385,0
DA:386,0
DA:387,0
DA:390,0
DA:398,0
DA:400,0
DA:404,0
DA:405,0
DA:406,0
DA:409,0
DA:412,0
DA:413,0
DA:414,0
DA:415,0
DA:422,35
DA:423,18
DA:425,16
DA:427,0
DA:430,2
DA:432,0
DA:439,35
DA:440,18
DA:442,16
DA:444,0
DA:446,2
DA:448,0
DA:450,0
DA:457,35
DA:458,18
DA:460,0
DA:462,18
DA:464,0
DA:466,0
DA:473,35
DA:474,18
DA:475,18
DA:476,18
DA:486,35
DA:487,26
DA:488,26
DA:489,26
DA:490,26
DA:491,26
DA:492,26
DA:498,35
DA:499,35
DA:502,35
DA:503,35
DA:509,35
DA:510,1
DA:511,0
DA:513,1
DA:526,35
DA:527,1
DA:528,0
DA:531,1
DA:532,1
DA:533,1
DA:540,1
DA:541,0
DA:544,1
DA:545,1
DA:546,0
DA:549,1
DA:551,0
DA:552,0
DA:553,0
DA:554,0
DA:556,1
DA:560,35
DA:561,0
DA:570,35
DA:571,0
DA:580,35
DA:581,0
DA:582,0
DA:584,0
DA:585,0
DA:592,0
DA:593,0
DA:596,0
DA:597,0
DA:598,0
DA:599,0
DA:600,0
DA:601,0
DA:602,0
DA:603,0
DA:604,0
DA:606,0
DA:607,0
DA:608,0
DA:612,35
DA:613,35
DA:614,33
DA:616,2
DA:617,0
DA:619,2
DA:620,0
DA:622,2
DA:625,35
DA:626,0
DA:627,0
DA:628,0
DA:631,0
DA:632,0
DA:633,0
DA:634,0
DA:635,0
DA:638,0
DA:639,0
DA:640,0
DA:641,0
DA:642,0
DA:645,0
DA:646,0
DA:647,0
DA:648,0
DA:651,0
DA:658,0
DA:660,0
DA:661,0
DA:662,0
DA:665,0
DA:667,0
DA:668,0
DA:676,0
DA:677,0
DA:680,0
DA:682,0
DA:683,0
DA:684,0
DA:685,0
DA:687,0
DA:690,0
DA:699,0
DA:700,0
DA:701,0
DA:703,0
DA:715,0
DA:716,0
DA:717,0
DA:720,0
DA:721,0
DA:722,0
DA:725,0
DA:726,0
DA:727,0
DA:728,0
DA:729,0
DA:730,0
DA:731,0
DA:732,0
DA:734,0
DA:737,0
DA:739,0
DA:740,0
DA:742,0
DA:745,0
DA:758,0
DA:759,0
DA:760,0
DA:761,0
DA:763,0
DA:773,0
DA:774,0
DA:776,0
DA:777,0
DA:778,0
DA:780,0
DA:787,35
DA:788,26
DA:789,12
DA:797,14
DA:798,14
DA:820,16
DA:821,16
DA:822,16
DA:823,16
DA:827,16
DA:831,1
DA:872,0
DA:873,0
DA:884,2
DA:885,2
DA:904,35
DA:905,35
DA:906,35
DA:907,35
DA:908,35
DA:909,35
DA:914,35
DA:915,35
DA:916,35
DA:918,35
DA:934,0
DA:942,0
DA:947,14
DA:953,0
DA:958,14
DA:964,1
DA:974,0
DA:975,0
DA:976,0
DA:977,0
DA:994,14
DA:998,14
DA:1002,14
DA:1006,14
DA:1026,0
DA:1027,0
DA:1032,0
DA:1124,0
DA:1134,0
DA:1142,0
DA:1155,0
DA:1164,0
DA:1194,0
DA:1195,0
DA:1226,0
DA:1246,0
DA:1262,0
DA:1274,0
DA:1278,0
DA:1279,1
DA:1284,0
DA:1327,1
LF:389
LH:172
BRDA:47,0,0,0
BRDA:47,0,1,9
BRDA:76,1,0,1
BRDA:76,1,1,6
BRDA:104,2,0,1
BRDA:104,2,1,5
BRDA:104,3,0,6
BRDA:104,3,1,6
BRDA:113,4,0,0
BRDA:113,4,1,6
BRDA:117,5,0,5
BRDA:117,5,1,1
BRDA:121,6,0,5
BRDA:121,6,1,0
BRDA:122,7,0,5
BRDA:122,7,1,3
BRDA:123,8,0,5
BRDA:123,8,1,0
BRDA:124,9,0,5
BRDA:124,9,1,0
BRDA:124,10,0,5
BRDA:124,10,1,3
BRDA:125,11,0,5
BRDA:125,11,1,0
BRDA:125,11,2,0
BRDA:139,12,0,6
BRDA:139,12,1,5
BRDA:163,13,0,6
BRDA:163,13,1,5
BRDA:191,14,0,0
BRDA:191,14,1,17
BRDA:194,15,0,0
BRDA:194,15,1,0
BRDA:194,15,2,0
BRDA:201,16,0,0
BRDA:201,16,1,17
BRDA:208,17,0,0
BRDA:208,17,1,17
BRDA:215,18,0,1
BRDA:215,18,1,16
BRDA:219,19,0,2
BRDA:219,19,1,0
BRDA:221,20,0,0
BRDA:221,20,1,0
BRDA:222,21,0,0
BRDA:222,21,1,0
BRDA:226,22,0,1
BRDA:226,22,1,1
BRDA:236,23,0,0
BRDA:236,23,1,0
BRDA:252,24,0,0
BRDA:252,24,1,0
BRDA:289,25,0,0
BRDA:289,25,1,0
BRDA:295,26,0,0
BRDA:295,26,1,0
BRDA:295,27,0,0
BRDA:295,27,1,0
BRDA:297,28,0,0
BRDA:297,28,1,0
BRDA:299,29,0,0
BRDA:299,29,1,0
BRDA:333,30,0,0
BRDA:333,30,1,0
BRDA:356,31,0,0
BRDA:356,31,1,0
BRDA:364,32,0,0
BRDA:364,32,1,0
BRDA:367,33,0,0
BRDA:367,33,1,0
BRDA:373,34,0,0
BRDA:373,34,1,0
BRDA:373,34,2,0
BRDA:383,35,0,0
BRDA:383,35,1,0
BRDA:400,36,0,0
BRDA:400,36,1,0
BRDA:423,37,0,16
BRDA:423,37,1,0
BRDA:423,37,2,2
BRDA:423,37,3,2
BRDA:423,37,4,0
BRDA:440,38,0,16
BRDA:440,38,1,0
BRDA:440,38,2,2
BRDA:440,38,3,0
BRDA:440,38,4,0
BRDA:458,39,0,0
BRDA:458,39,1,18
BRDA:458,39,2,0
BRDA:458,39,3,0
BRDA:474,40,0,0
BRDA:474,40,1,18
BRDA:487,41,0,0
BRDA:487,41,1,26
BRDA:510,42,0,0
BRDA:510,42,1,1
BRDA:516,43,0,1
BRDA:516,43,1,1
BRDA:527,44,0,0
BRDA:527,44,1,1
BRDA:540,45,0,0
BRDA:540,45,1,1
BRDA:545,46,0,1
BRDA:545,46,1,0
BRDA:581,47,0,0
BRDA:581,47,1,0
BRDA:592,48,0,0
BRDA:592,48,1,0
BRDA:600,49,0,0
BRDA:600,49,1,0
BRDA:613,50,0,33
BRDA:613,50,1,2
BRDA:616,51,0,0
BRDA:616,51,1,2
BRDA:619,52,0,0
BRDA:619,52,1,2
BRDA:619,53,0,2
BRDA:619,53,1,2
BRDA:627,54,0,0
BRDA:627,54,1,0
BRDA:632,55,0,0
BRDA:632,55,1,0
BRDA:638,56,0,0
BRDA:638,56,1,0
BRDA:639,57,0,0
BRDA:639,57,1,0
BRDA:639,58,0,0
BRDA:639,58,1,0
BRDA:645,59,0,0
BRDA:645,59,1,0
BRDA:645,60,0,0
BRDA:645,60,1,0
BRDA:653,61,0,0
BRDA:653,61,1,0
BRDA:655,62,0,0
BRDA:655,62,1,0
BRDA:661,63,0,0
BRDA:661,63,1,0
BRDA:676,64,0,0
BRDA:676,64,1,0
BRDA:683,65,0,0
BRDA:683,65,1,0
BRDA:693,66,0,0
BRDA:693,66,1,0
BRDA:700,67,0,0
BRDA:700,67,1,0
BRDA:700,68,0,0
BRDA:700,68,1,0
BRDA:716,69,0,0
BRDA:716,69,1,0
BRDA:721,70,0,0
BRDA:721,70,1,0
BRDA:726,71,0,0
BRDA:726,71,1,0
BRDA:727,72,0,0
BRDA:727,72,1,0
BRDA:728,73,0,0
BRDA:728,73,1,0
BRDA:731,74,0,0
BRDA:731,74,1,0
BRDA:731,75,0,0
BRDA:731,75,1,0
BRDA:739,76,0,0
BRDA:739,76,1,0
BRDA:759,77,0,0
BRDA:759,77,1,0
BRDA:777,78,0,0
BRDA:777,78,1,0
BRDA:788,79,0,12
BRDA:788,79,1,14
BRDA:806,80,0,14
BRDA:806,80,1,14
BRDA:809,81,0,14
BRDA:809,81,1,0
BRDA:810,82,0,14
BRDA:810,82,1,0
BRDA:811,83,0,14
BRDA:811,83,1,0
BRDA:814,84,0,14
BRDA:814,84,1,11
BRDA:818,85,0,14
BRDA:818,85,1,0
BRDA:818,86,0,14
BRDA:818,86,1,14
BRDA:821,87,0,16
BRDA:821,87,1,16
BRDA:821,87,2,5
BRDA:823,88,0,0
BRDA:823,88,1,16
BRDA:830,89,0,3
BRDA:830,89,1,13
BRDA:843,90,0,16
BRDA:843,90,1,3
BRDA:844,91,0,16
BRDA:844,91,1,3
BRDA:845,92,0,16
BRDA:845,92,1,16
BRDA:861,93,0,16
BRDA:861,93,1,3
BRDA:863,94,0,3
BRDA:863,94,1,0
BRDA:868,95,0,16
BRDA:868,95,1,0
BRDA:880,96,0,16
BRDA:880,96,1,14
BRDA:905,97,0,2
BRDA:905,97,1,33
BRDA:905,98,0,2
BRDA:905,98,1,2
BRDA:906,99,0,2
BRDA:906,99,1,33
BRDA:907,100,0,2
BRDA:907,100,1,33
BRDA:908,101,0,2
BRDA:908,101,1,33
BRDA:909,102,0,35
BRDA:909,102,1,33
BRDA:909,103,0,0
BRDA:909,103,1,33
BRDA:910,104,0,0
BRDA:910,104,1,0
BRDA:914,105,0,0
BRDA:914,105,1,35
BRDA:915,106,0,2
BRDA:915,106,1,33
BRDA:915,107,0,2
BRDA:915,107,1,2
BRDA:987,108,0,35
BRDA:987,108,1,14
BRDA:994,109,0,14
BRDA:994,109,1,0
BRDA:998,110,0,14
BRDA:998,110,1,0
BRDA:1002,111,0,14
BRDA:1002,111,1,14
BRDA:1006,112,0,14
BRDA:1006,112,1,11
BRDA:1013,113,0,9
BRDA:1013,113,1,26
BRDA:1025,114,0,35
BRDA:1025,114,1,2
BRDA:1025,114,2,2
BRDA:1042,115,0,2
BRDA:1042,115,1,0
BRDA:1056,116,0,2
BRDA:1056,116,1,2
BRDA:1059,117,0,2
BRDA:1059,117,1,2
BRDA:1062,118,0,2
BRDA:1062,118,1,2
BRDA:1065,119,0,2
BRDA:1065,119,1,0
BRDA:1065,119,2,0
BRDA:1068,120,0,2
BRDA:1068,120,1,2
BRDA:1082,121,0,0
BRDA:1082,121,1,2
BRDA:1082,122,0,2
BRDA:1082,122,1,2
BRDA:1090,123,0,0
BRDA:1090,123,1,2
BRDA:1104,124,0,2
BRDA:1104,124,1,2
BRDA:1107,125,0,2
BRDA:1107,125,1,0
BRDA:1113,126,0,2
BRDA:1113,126,1,0
BRDA:1121,127,0,2
BRDA:1121,127,1,2
BRDA:1121,127,2,2
BRDA:1133,128,0,2
BRDA:1133,128,1,0
BRDA:1144,129,0,0
BRDA:1144,129,1,0
BRDA:1144,130,0,0
BRDA:1144,130,1,0
BRDA:1154,131,0,2
BRDA:1154,131,1,2
BRDA:1159,132,0,2
BRDA:1159,132,1,0
BRDA:1173,133,0,0
BRDA:1173,133,1,2
BRDA:1179,134,0,2
BRDA:1179,134,1,0
BRDA:1187,135,0,2
BRDA:1187,135,1,0
BRDA:1189,136,0,0
BRDA:1189,136,1,0
BRDA:1194,137,0,0
BRDA:1194,137,1,0
BRDA:1199,138,0,0
BRDA:1199,138,1,0
BRDA:1199,139,0,0
BRDA:1199,139,1,0
BRDA:1204,140,0,0
BRDA:1204,140,1,0
BRDA:1215,141,0,0
BRDA:1215,141,1,0
BRDA:1219,142,0,0
BRDA:1219,142,1,0
BRDA:1220,143,0,0
BRDA:1220,143,1,0
BRDA:1222,144,0,0
BRDA:1222,144,1,0
BRDA:1239,145,0,2
BRDA:1239,145,1,0
BRDA:1242,146,0,0
BRDA:1242,146,1,0
BRDA:1243,147,0,0
BRDA:1243,147,1,0
BRDA:1253,148,0,2
BRDA:1253,148,1,2
BRDA:1257,149,0,2
BRDA:1257,149,1,2
BRDA:1274,150,0,35
BRDA:1274,150,1,2
BRDA:1277,151,0,35
BRDA:1277,151,1,4
BRDA:1277,151,2,4
BRDA:1294,152,0,4
BRDA:1294,152,1,4
BRDA:1303,153,0,4
BRDA:1303,153,1,0
BRDA:1313,154,0,4
BRDA:1313,154,1,4
BRF:326
BRH:154
end_of_record
TN:
SF:src\globalFix.js
FN:2,(anonymous_0)
FN:9,(anonymous_1)
FN:15,(anonymous_2)
FN:20,(anonymous_3)
FN:25,(anonymous_4)
FNF:5
FNH:5
FNDA:3,(anonymous_0)
FNDA:81,(anonymous_1)
FNDA:82,(anonymous_2)
FNDA:2,(anonymous_3)
FNDA:6,(anonymous_4)
DA:1,15
DA:2,14
DA:3,3
DA:7,15
DA:9,15
DA:10,81
DA:11,81
DA:12,81
DA:15,82
DA:20,15
DA:21,2
DA:22,2
DA:25,15
DA:26,6
DA:27,6
LF:15
LH:15
BRDA:1,0,0,14
BRDA:1,0,1,1
BRDA:1,1,0,15
BRDA:1,1,1,15
BRDA:3,2,0,3
BRDA:3,2,1,2
BRDA:11,3,0,81
BRDA:11,3,1,0
BRDA:15,4,0,81
BRDA:21,5,0,2
BRDA:21,5,1,0
BRDA:25,6,0,4
BRDA:26,7,0,6
BRDA:26,7,1,0
BRDA:27,8,0,6
BRDA:27,8,1,6
BRF:16
BRH:13
end_of_record
TN:
SF:src\index.js
FNF:0
FNH:0
DA:7,1
DA:8,1
LF:2
LH:2
BRF:0
BRH:0
end_of_record
TN:
SF:src\config\ApiBackend.js
FN:5,(anonymous_0)
FNF:1
FNH:1
FNDA:3,(anonymous_0)
DA:1,7
DA:5,7
DA:6,3
DA:7,3
LF:4
LH:4
BRDA:1,0,0,7
BRDA:1,0,1,0
BRDA:6,1,0,1
BRDA:6,1,1,2
BRF:4
BRH:3
end_of_record
