{"numFailedTestSuites":1,"numFailedTests":1,"numPassedTestSuites":20,"numPassedTests":75,"numPendingTestSuites":0,"numPendingTests":0,"numRuntimeErrorTestSuites":0,"numTodoTests":0,"numTotalTestSuites":21,"numTotalTests":76,"openHandles":[],"snapshot":{"added":0,"didUpdate":false,"failure":false,"filesAdded":0,"filesRemoved":0,"filesRemovedList":[],"filesUnmatched":0,"filesUpdated":0,"matched":0,"total":0,"unchecked":0,"uncheckedKeysByFile":[],"unmatched":0,"updated":0},"startTime":1775575834940,"success":false,"testResults":[{"assertionResults":[{"ancestorTitles":["NotificationSettings"],"failureMessages":[],"fullName":"NotificationSettings carga preferencias guardadas desde localStorage","location":null,"status":"passed","title":"carga preferencias guardadas desde localStorage"},{"ancestorTitles":["NotificationSettings"],"failureMessages":[],"fullName":"NotificationSettings guarda cambios y muestra confirmacion temporal","location":null,"status":"passed","title":"guarda cambios y muestra confirmacion temporal"}],"endTime":1775575842505,"message":"","name":"C:\\Users\\Johan\\Desktop\\PDG\\PDG1_SistemaGestionDeMonitorias\\PDG-SIGMA-Front\\src\\__tests__\\NotificationSettings.test.js","startTime":1775575837759,"status":"passed","summary":""},{"assertionResults":[{"ancestorTitles":[],"failureMessages":[],"fullName":"muestra el formulario de inicio de sesión","location":null,"status":"passed","title":"muestra el formulario de inicio de sesión"}],"endTime":1775575842808,"message":"","name":"C:\\Users\\Johan\\Desktop\\PDG\\PDG1_SistemaGestionDeMonitorias\\PDG-SIGMA-Front\\src\\App.test.js","startTime":1775575837777,"status":"passed","summary":""},{"assertionResults":[{"ancestorTitles":["UpdateButton"],"failureMessages":[],"fullName":"UpdateButton envia actualizacion para profesor en el mismo semestre","location":null,"status":"passed","title":"envia actualizacion para profesor en el mismo semestre"},{"ancestorTitles":["UpdateButton"],"failureMessages":[],"fullName":"UpdateButton permite nuevo semestre para jefe cuando confirma y envia removeMonitors=true","location":null,"status":"passed","title":"permite nuevo semestre para jefe cuando confirma y envia removeMonitors=true"},{"ancestorTitles":["UpdateButton"],"failureMessages":[],"fullName":"UpdateButton si el jefe cancela confirmacion, mantiene sameSemester","location":null,"status":"passed","title":"si el jefe cancela confirmacion, mantiene sameSemester"}],"endTime":1775575842851,"message":"","name":"C:\\Users\\Johan\\Desktop\\PDG\\PDG1_SistemaGestionDeMonitorias\\PDG-SIGMA-Front\\src\\__tests__\\UpdateButton.test.js","startTime":1775575837805,"status":"passed","summary":""},{"assertionResults":[{"ancestorTitles":["EvaluarMonitoresHU015"],"failureMessages":[],"fullName":"EvaluarMonitoresHU015 permite seleccionar una asignación y muestra formulario de evaluación","location":null,"status":"passed","title":"permite seleccionar una asignación y muestra formulario de evaluación"}],"endTime":1775575843000,"message":"","name":"C:\\Users\\Johan\\Desktop\\PDG\\PDG1_SistemaGestionDeMonitorias\\PDG-SIGMA-Front\\src\\__tests__\\EvaluarMonitoresHU015.test.js","startTime":1775575837769,"status":"passed","summary":""},{"assertionResults":[{"ancestorTitles":["EvaluarSupervisorHU021"],"failureMessages":[],"fullName":"EvaluarSupervisorHU021 permite enviar una evaluacion con escala Likert 1-7","location":null,"status":"passed","title":"permite enviar una evaluacion con escala Likert 1-7"}],"endTime":1775575843085,"message":"","name":"C:\\Users\\Johan\\Desktop\\PDG\\PDG1_SistemaGestionDeMonitorias\\PDG-SIGMA-Front\\src\\__tests__\\EvaluarSupervisorHU021.test.js","startTime":1775575837777,"status":"passed","summary":""},{"assertionResults":[{"ancestorTitles":["Frontend: Notificaciones y configuración (visibilidad + preferencias)"],"failureMessages":["Error: Found multiple elements with the text: /Notificaciones/i\n\nHere are the matching elements:\n\nIgnored nodes: comments, script, style\n\u001b[36m<h3\u001b[39m\n  \u001b[33mclass\u001b[39m=\u001b[32m\"card-title\"\u001b[39m\n  \u001b[33mstyle\u001b[39m=\u001b[32m\"margin: 0px;\"\u001b[39m\n\u001b[36m>\u001b[39m\n  \u001b[0mNotificaciones\u001b[0m\n\u001b[36m</h3>\u001b[39m\n\nIgnored nodes: comments, script, style\n\u001b[36m<p>\u001b[39m\n  \u001b[0mNo hay notificaciones pendientes\u001b[0m\n\u001b[36m</p>\u001b[39m\n\n(If this is intentional, then use the `*AllBy*` variant of the query (like `queryAllByText`, `getAllByText`, or `findAllByText`)).\n\nIgnored nodes: comments, script, style\n\u001b[36m<body>\u001b[39m\n  \u001b[36m<div>\u001b[39m\n    \u001b[36m<div\u001b[39m\n      \u001b[33mclass\u001b[39m=\u001b[32m\"notification-container\"\u001b[39m\n    \u001b[36m>\u001b[39m\n      \u001b[36m<div\u001b[39m\n        \u001b[33mclass\u001b[39m=\u001b[32m\"bell-wrapper\"\u001b[39m\n        \u001b[33mtitle\u001b[39m=\u001b[32m\"Notificaciones\"\u001b[39m\n      \u001b[36m>\u001b[39m\n        \u001b[36m<svg\u001b[39m\n          \u001b[33mclass\u001b[39m=\u001b[32m\"bell-icon\"\u001b[39m\n          \u001b[33mfill\u001b[39m=\u001b[32m\"none\"\u001b[39m\n          \u001b[33mheight\u001b[39m=\u001b[32m\"30\"\u001b[39m\n          \u001b[33mstroke\u001b[39m=\u001b[32m\"var(--color-primary)\"\u001b[39m\n          \u001b[33mstroke-linecap\u001b[39m=\u001b[32m\"butt\"\u001b[39m\n          \u001b[33mstroke-linejoin\u001b[39m=\u001b[32m\"miter\"\u001b[39m\n          \u001b[33mstroke-width\u001b[39m=\u001b[32m\"2\"\u001b[39m\n          \u001b[33mviewBox\u001b[39m=\u001b[32m\"0 0 24 24\"\u001b[39m\n          \u001b[33mwidth\u001b[39m=\u001b[32m\"30\"\u001b[39m\n        \u001b[36m>\u001b[39m\n          \u001b[36m<path\u001b[39m\n            \u001b[33md\u001b[39m=\u001b[32m\"M12 22c1.1 0 2-.9 2-2H10a2 2 0 0 0 2 2z\"\u001b[39m\n          \u001b[36m/>\u001b[39m\n          \u001b[36m<path\u001b[39m\n            \u001b[33md\u001b[39m=\u001b[32m\"M18 8a6 6 0 1 0-12 0c0 7-3 9-3 9h18s-3-2-3-9z\"\u001b[39m\n          \u001b[36m/>\u001b[39m\n        \u001b[36m</svg>\u001b[39m\n      \u001b[36m</div>\u001b[39m\n      \u001b[36m<div\u001b[39m\n        \u001b[33mclass\u001b[39m=\u001b[32m\"custom-card\"\u001b[39m\n      \u001b[36m>\u001b[39m\n        \u001b[36m<div\u001b[39m\n          \u001b[33mstyle\u001b[39m=\u001b[32m\"display: flex; align-items: center; justify-content: space-between;\"\u001b[39m\n        \u001b[36m>\u001b[39m\n          \u001b[36m<h3\u001b[39m\n            \u001b[33mclass\u001b[39m=\u001b[32m\"card-title\"\u001b[39m\n            \u001b[33mstyle\u001b[39m=\u001b[32m\"margin: 0px;\"\u001b[39m\n          \u001b[36m>\u001b[39m\n            \u001b[0mNotificaciones\u001b[0m\n          \u001b[36m</h3>\u001b[39m\n          \u001b[36m<button\u001b[39m\n            \u001b[33mstyle\u001b[39m=\u001b[32m\"background: transparent; color: rgb(84, 84, 233); cursor: pointer; font-weight: 600;\"\u001b[39m\n          \u001b[36m>\u001b[39m\n            \u001b[36m<svg\u001b[39m\n              \u001b[33mclass\u001b[39m=\u001b[32m\"lucide lucide-settings\"\u001b[39m\n              \u001b[33mfill\u001b[39m=\u001b[32m\"none\"\u001b[39m\n              \u001b[33mheight\u001b[39m=\u001b[32m\"14\"\u001b[39m\n              \u001b[33mstroke\u001b[39m=\u001b[32m\"currentColor\"\u001b[39m\n              \u001b[33mstroke-linecap\u001b[39m=\u001b[32m\"butt\"\u001b[39m\n              \u001b[33mstroke-linejoin\u001b[39m=\u001b[32m\"miter\"\u001b[39m\n              \u001b[33mstroke-width\u001b[39m=\u001b[32m\"2\"\u001b[39m\n              \u001b[33mstyle\u001b[39m=\u001b[32m\"margin-right: 6px; vertical-align: text-bottom;\"\u001b[39m\n              \u001b[33mviewBox\u001b[39m=\u001b[32m\"0 0 24 24\"\u001b[39m\n              \u001b[33mwidth\u001b[39m=\u001b[32m\"14\"\u001b[39m\n              \u001b[33mxmlns\u001b[39m=\u001b[32m\"http://www.w3.org/2000/svg\"\u001b[39m\n            \u001b[36m>\u001b[39m\n              \u001b[36m<path\u001b[39m\n                \u001b[33md\u001b[39m=\u001b[32m\"M12.22 2h-.44a2 2 0 0 0-2 2v.18a2 2 0 0 1-1 1.73l-.43.25a2 2 0 0 1-2 0l-.15-.08a2 2 0 0 0-2.73.73l-.22.38a2 2 0 0 0 .73 2.73l.15.1a2 2 0 0 1 1 1.72v.51a2 2 0 0 1-1 1.74l-.15.09a2 2 0 0 0-.73 2.73l.22.38a2 2 0 0 0 2.73.73l.15-.08a2 2 0 0 1 2 0l.43.25a2 2 0 0 1 1 1.73V20a2 2 0 0 0 2 2h.44a2 2 0 0 0 2-2v-.18a2 2 0 0 1 1-1.73l.43-.25a2 2 0 0 1 2 0l.15.08a2 2 0 0 0 2.73-.73l.22-.39a2 2 0 0 0-.73-2.73l-.15-.08a2 2 0 0 1-1-1.74v-.5a2 2 0 0 1 1-1.74l.15-.09a2 2 0 0 0 .73-2.73l-.22-.38a2 2 0 0 0-2.73-.73l-.15.08a2 2 0 0 1-2 0l-.43-.25a2 2 0 0 1-1-1.73V4a2 2 0 0 0-2-2z\"\u001b[39m\n              \u001b[36m/>\u001b[39m\n              \u001b[36m<circle\u001b[39m\n                \u001b[33mcx\u001b[39m=\u001b[32m\"12\"\u001b[39m\n                \u001b[33mcy\u001b[39m=\u001b[32m\"12\"\u001b[39m\n                \u001b[33mr\u001b[39m=\u001b[32m\"3\"\u001b[39m\n              \u001b[36m/>\u001b[39m\n            \u001b[36m</svg>\u001b[39m\n            \u001b[0mPreferencias\u001b[0m\n          \u001b[36m</button>\u001b[39m\n        \u001b[36m</div>\u001b[39m\n        \u001b[36m<p>\u001b[39m\n          \u001b[0mNo hay notificaciones pendientes\u001b[0m\n        \u001b[36m</p>\u001b[39m\n      \u001b[36m</div>\u001b[39m\n    \u001b[36m</div>\u001b[39m\n  \u001b[36m</div>\u001b[39m\n\u001b[36m</body>\u001b[39m\n    at waitForWrapper (C:\\Users\\Johan\\Desktop\\PDG\\PDG1_SistemaGestionDeMonitorias\\PDG-SIGMA-Front\\node_modules\\@testing-library\\react\\node_modules\\@testing-library\\dom\\dist\\wait-for.js:166:27)\n    at Object.<anonymous> (C:\\Users\\Johan\\Desktop\\PDG\\PDG1_SistemaGestionDeMonitorias\\PDG-SIGMA-Front\\src\\__tests__\\NotificacionesConfiguracionFrontendHU.test.js:90:22)\n    at processTicksAndRejections (node:internal/process/task_queues:105:5)"],"fullName":"Frontend: Notificaciones y configuración (visibilidad + preferencias) Debe mostrar notificaciones visibles en el panel","location":null,"status":"failed","title":"Debe mostrar notificaciones visibles en el panel"},{"ancestorTitles":["Frontend: Notificaciones y configuración (visibilidad + preferencias)"],"failureMessages":[],"fullName":"Frontend: Notificaciones y configuración (visibilidad + preferencias) Debe permitir cambiar y guardar preferencias localmente","location":null,"status":"passed","title":"Debe permitir cambiar y guardar preferencias localmente"}],"endTime":1775575844233,"message":"\u001b[1m\u001b[31m  \u001b[1m● \u001b[22m\u001b[1mFrontend: Notificaciones y configuración (visibilidad + preferencias) › Debe mostrar notificaciones visibles en el panel\u001b[39m\u001b[22m\n\n    Found multiple elements with the text: /Notificaciones/i\n\n    Here are the matching elements:\n\n    Ignored nodes: comments, script, style\n    \u001b[36m<h3\u001b[39m\n      \u001b[33mclass\u001b[39m=\u001b[32m\"card-title\"\u001b[39m\n      \u001b[33mstyle\u001b[39m=\u001b[32m\"margin: 0px;\"\u001b[39m\n    \u001b[36m>\u001b[39m\n      \u001b[0mNotificaciones\u001b[0m\n    \u001b[36m</h3>\u001b[39m\n\n    Ignored nodes: comments, script, style\n    \u001b[36m<p>\u001b[39m\n      \u001b[0mNo hay notificaciones pendientes\u001b[0m\n    \u001b[36m</p>\u001b[39m\n\n    (If this is intentional, then use the `*AllBy*` variant of the query (like `queryAllByText`, `getAllByText`, or `findAllByText`)).\n\n    Ignored nodes: comments, script, style\n    \u001b[36m<body>\u001b[39m\n      \u001b[36m<div>\u001b[39m\n        \u001b[36m<div\u001b[39m\n          \u001b[33mclass\u001b[39m=\u001b[32m\"notification-container\"\u001b[39m\n        \u001b[36m>\u001b[39m\n          \u001b[36m<div\u001b[39m\n            \u001b[33mclass\u001b[39m=\u001b[32m\"bell-wrapper\"\u001b[39m\n            \u001b[33mtitle\u001b[39m=\u001b[32m\"Notificaciones\"\u001b[39m\n          \u001b[36m>\u001b[39m\n            \u001b[36m<svg\u001b[39m\n              \u001b[33mclass\u001b[39m=\u001b[32m\"bell-icon\"\u001b[39m\n              \u001b[33mfill\u001b[39m=\u001b[32m\"none\"\u001b[39m\n              \u001b[33mheight\u001b[39m=\u001b[32m\"30\"\u001b[39m\n              \u001b[33mstroke\u001b[39m=\u001b[32m\"var(--color-primary)\"\u001b[39m\n              \u001b[33mstroke-linecap\u001b[39m=\u001b[32m\"butt\"\u001b[39m\n              \u001b[33mstroke-linejoin\u001b[39m=\u001b[32m\"miter\"\u001b[39m\n              \u001b[33mstroke-width\u001b[39m=\u001b[32m\"2\"\u001b[39m\n              \u001b[33mviewBox\u001b[39m=\u001b[32m\"0 0 24 24\"\u001b[39m\n              \u001b[33mwidth\u001b[39m=\u001b[32m\"30\"\u001b[39m\n            \u001b[36m>\u001b[39m\n              \u001b[36m<path\u001b[39m\n                \u001b[33md\u001b[39m=\u001b[32m\"M12 22c1.1 0 2-.9 2-2H10a2 2 0 0 0 2 2z\"\u001b[39m\n              \u001b[36m/>\u001b[39m\n              \u001b[36m<path\u001b[39m\n                \u001b[33md\u001b[39m=\u001b[32m\"M18 8a6 6 0 1 0-12 0c0 7-3 9-3 9h18s-3-2-3-9z\"\u001b[39m\n              \u001b[36m/>\u001b[39m\n            \u001b[36m</svg>\u001b[39m\n          \u001b[36m</div>\u001b[39m\n          \u001b[36m<div\u001b[39m\n            \u001b[33mclass\u001b[39m=\u001b[32m\"custom-card\"\u001b[39m\n          \u001b[36m>\u001b[39m\n            \u001b[36m<div\u001b[39m\n              \u001b[33mstyle\u001b[39m=\u001b[32m\"display: flex; align-items: center; justify-content: space-between;\"\u001b[39m\n            \u001b[36m>\u001b[39m\n              \u001b[36m<h3\u001b[39m\n                \u001b[33mclass\u001b[39m=\u001b[32m\"card-title\"\u001b[39m\n                \u001b[33mstyle\u001b[39m=\u001b[32m\"margin: 0px;\"\u001b[39m\n              \u001b[36m>\u001b[39m\n                \u001b[0mNotificaciones\u001b[0m\n              \u001b[36m</h3>\u001b[39m\n              \u001b[36m<button\u001b[39m\n                \u001b[33mstyle\u001b[39m=\u001b[32m\"background: transparent; color: rgb(84, 84, 233); cursor: pointer; font-weight: 600;\"\u001b[39m\n              \u001b[36m>\u001b[39m\n                \u001b[36m<svg\u001b[39m\n                  \u001b[33mclass\u001b[39m=\u001b[32m\"lucide lucide-settings\"\u001b[39m\n                  \u001b[33mfill\u001b[39m=\u001b[32m\"none\"\u001b[39m\n                  \u001b[33mheight\u001b[39m=\u001b[32m\"14\"\u001b[39m\n                  \u001b[33mstroke\u001b[39m=\u001b[32m\"currentColor\"\u001b[39m\n                  \u001b[33mstroke-linecap\u001b[39m=\u001b[32m\"butt\"\u001b[39m\n                  \u001b[33mstroke-linejoin\u001b[39m=\u001b[32m\"miter\"\u001b[39m\n                  \u001b[33mstroke-width\u001b[39m=\u001b[32m\"2\"\u001b[39m\n                  \u001b[33mstyle\u001b[39m=\u001b[32m\"margin-right: 6px; vertical-align: text-bottom;\"\u001b[39m\n                  \u001b[33mviewBox\u001b[39m=\u001b[32m\"0 0 24 24\"\u001b[39m\n                  \u001b[33mwidth\u001b[39m=\u001b[32m\"14\"\u001b[39m\n                  \u001b[33mxmlns\u001b[39m=\u001b[32m\"http://www.w3.org/2000/svg\"\u001b[39m\n                \u001b[36m>\u001b[39m\n                  \u001b[36m<path\u001b[39m\n                    \u001b[33md\u001b[39m=\u001b[32m\"M12.22 2h-.44a2 2 0 0 0-2 2v.18a2 2 0 0 1-1 1.73l-.43.25a2 2 0 0 1-2 0l-.15-.08a2 2 0 0 0-2.73.73l-.22.38a2 2 0 0 0 .73 2.73l.15.1a2 2 0 0 1 1 1.72v.51a2 2 0 0 1-1 1.74l-.15.09a2 2 0 0 0-.73 2.73l.22.38a2 2 0 0 0 2.73.73l.15-.08a2 2 0 0 1 2 0l.43.25a2 2 0 0 1 1 1.73V20a2 2 0 0 0 2 2h.44a2 2 0 0 0 2-2v-.18a2 2 0 0 1 1-1.73l.43-.25a2 2 0 0 1 2 0l.15.08a2 2 0 0 0 2.73-.73l.22-.39a2 2 0 0 0-.73-2.73l-.15-.08a2 2 0 0 1-1-1.74v-.5a2 2 0 0 1 1-1.74l.15-.09a2 2 0 0 0 .73-2.73l-.22-.38a2 2 0 0 0-2.73-.73l-.15.08a2 2 0 0 1-2 0l-.43-.25a2 2 0 0 1-1-1.73V4a2 2 0 0 0-2-2z\"\u001b[39m\n                  \u001b[36m/>\u001b[39m\n                  \u001b[36m<circle\u001b[39m\n                    \u001b[33mcx\u001b[39m=\u001b[32m\"12\"\u001b[39m\n                    \u001b[33mcy\u001b[39m=\u001b[32m\"12\"\u001b[39m\n                    \u001b[33mr\u001b[39m=\u001b[32m\"3\"\u001b[39m\n                  \u001b[36m/>\u001b[39m\n                \u001b[36m</svg>\u001b[39m\n                \u001b[0mPreferencias\u001b[0m\n              \u001b[36m</button>\u001b[39m\n            \u001b[36m</div>\u001b[39m\n            \u001b[36m<p>\u001b[39m\n              \u001b[0mNo hay notificaciones pendientes\u001b[0m\n            \u001b[36m</p>\u001b[39m\n          \u001b[36m</div>\u001b[39m\n        \u001b[36m</div>\u001b[39m\n      \u001b[36m</div>\u001b[39m\n    \u001b[36m</body>\u001b[39m\n\u001b[2m\u001b[22m\n\u001b[2m    \u001b[0m \u001b[90m 88 |\u001b[39m         fireEvent\u001b[33m.\u001b[39mclick(screen\u001b[33m.\u001b[39mgetByTitle(\u001b[32m'Notificaciones'\u001b[39m))\u001b[33m;\u001b[39m\u001b[22m\n\u001b[2m     \u001b[90m 89 |\u001b[39m\u001b[22m\n\u001b[2m    \u001b[31m\u001b[1m>\u001b[22m\u001b[2m\u001b[39m\u001b[90m 90 |\u001b[39m         \u001b[36mawait\u001b[39m waitFor(() \u001b[33m=>\u001b[39m {\u001b[22m\n\u001b[2m     \u001b[90m    |\u001b[39m                      \u001b[31m\u001b[1m^\u001b[22m\u001b[2m\u001b[39m\u001b[22m\n\u001b[2m     \u001b[90m 91 |\u001b[39m             expect(screen\u001b[33m.\u001b[39mgetByText(\u001b[35m/Notificaciones/i\u001b[39m))\u001b[33m.\u001b[39mtoBeInTheDocument()\u001b[33m;\u001b[39m\u001b[22m\n\u001b[2m     \u001b[90m 92 |\u001b[39m         })\u001b[33m;\u001b[39m\u001b[22m\n\u001b[2m     \u001b[90m 93 |\u001b[39m         expect(\u001b[0m\u001b[22m\n\u001b[2m\u001b[22m\n\u001b[2m      \u001b[2mat waitForWrapper (\u001b[22m\u001b[2mnode_modules/@testing-library/react/node_modules/@testing-library/dom/dist/wait-for.js\u001b[2m:166:27)\u001b[22m\u001b[2m\u001b[22m\n\u001b[2m      \u001b[2mat Object.<anonymous> (\u001b[22m\u001b[2m\u001b[0m\u001b[36msrc/__tests__/NotificacionesConfiguracionFrontendHU.test.js\u001b[39m\u001b[0m\u001b[2m:90:22)\u001b[22m\u001b[2m\u001b[22m\n","name":"C:\\Users\\Johan\\Desktop\\PDG\\PDG1_SistemaGestionDeMonitorias\\PDG-SIGMA-Front\\src\\__tests__\\NotificacionesConfiguracionFrontendHU.test.js","startTime":1775575837812,"status":"failed","summary":""},{"assertionResults":[{"ancestorTitles":["HU-007: Cierre de Monitorías - Tests"],"failureMessages":[],"fullName":"HU-007: Cierre de Monitorías - Tests Debe renderizar el componente correctamente","location":null,"status":"passed","title":"Debe renderizar el componente correctamente"},{"ancestorTitles":["HU-007: Cierre de Monitorías - Tests"],"failureMessages":[],"fullName":"HU-007: Cierre de Monitorías - Tests Debe cargar y mostrar monitorías listas para cerrar","location":null,"status":"passed","title":"Debe cargar y mostrar monitorías listas para cerrar"},{"ancestorTitles":["HU-007: Cierre de Monitorías - Tests"],"failureMessages":[],"fullName":"HU-007: Cierre de Monitorías - Tests Debe mostrar mensaje cuando no hay monitorías para cerrar","location":null,"status":"passed","title":"Debe mostrar mensaje cuando no hay monitorías para cerrar"},{"ancestorTitles":["HU-007: Cierre de Monitorías - Tests"],"failureMessages":[],"fullName":"HU-007: Cierre de Monitorías - Tests Debe permitir seleccionar monitorías","location":null,"status":"passed","title":"Debe permitir seleccionar monitorías"},{"ancestorTitles":["HU-007: Cierre de Monitorías - Tests"],"failureMessages":[],"fullName":"HU-007: Cierre de Monitorías - Tests Debe abrir modal de cierre al hacer clic en \"Cerrar Seleccionadas\"","location":null,"status":"passed","title":"Debe abrir modal de cierre al hacer clic en \"Cerrar Seleccionadas\""},{"ancestorTitles":["HU-007: Cierre de Monitorías - Tests"],"failureMessages":[],"fullName":"HU-007: Cierre de Monitorías - Tests Debe cerrar monitoría exitosamente","location":null,"status":"passed","title":"Debe cerrar monitoría exitosamente"},{"ancestorTitles":["HU-007: Cierre de Monitorías - Tests"],"failureMessages":[],"fullName":"HU-007: Cierre de Monitorías - Tests Debe cambiar a tab de monitorías cerradas","location":null,"status":"passed","title":"Debe cambiar a tab de monitorías cerradas"},{"ancestorTitles":["HU-007: Cierre de Monitorías - Tests"],"failureMessages":[],"fullName":"HU-007: Cierre de Monitorías - Tests Debe mostrar error si el cierre falla","location":null,"status":"passed","title":"Debe mostrar error si el cierre falla"},{"ancestorTitles":["HU-007: Cierre de Monitorías - Tests"],"failureMessages":[],"fullName":"HU-007: Cierre de Monitorías - Tests Debe validar que se ingrese un comentario","location":null,"status":"passed","title":"Debe validar que se ingrese un comentario"}],"endTime":1775575844402,"message":"","name":"C:\\Users\\Johan\\Desktop\\PDG\\PDG1_SistemaGestionDeMonitorias\\PDG-SIGMA-Front\\src\\__tests__\\CerrarMonitoriasHU007.test.js","startTime":1775575842920,"status":"passed","summary":""},{"assertionResults":[{"ancestorTitles":["HU2-273: Mis Postulaciones - Vista del Monitor"],"failureMessages":[],"fullName":"HU2-273: Mis Postulaciones - Vista del Monitor Debe redirigir a \"/\" si el rol no es monitor","location":null,"status":"passed","title":"Debe redirigir a \"/\" si el rol no es monitor"},{"ancestorTitles":["HU2-273: Mis Postulaciones - Vista del Monitor"],"failureMessages":[],"fullName":"HU2-273: Mis Postulaciones - Vista del Monitor Debe renderizar el título y el navbar correctamente","location":null,"status":"passed","title":"Debe renderizar el título y el navbar correctamente"},{"ancestorTitles":["HU2-273: Mis Postulaciones - Vista del Monitor"],"failureMessages":[],"fullName":"HU2-273: Mis Postulaciones - Vista del Monitor Debe mostrar el estado vacío cuando no hay postulaciones","location":null,"status":"passed","title":"Debe mostrar el estado vacío cuando no hay postulaciones"},{"ancestorTitles":["HU2-273: Mis Postulaciones - Vista del Monitor"],"failureMessages":[],"fullName":"HU2-273: Mis Postulaciones - Vista del Monitor Debe mostrar las postulaciones correctamente con sus datos","location":null,"status":"passed","title":"Debe mostrar las postulaciones correctamente con sus datos"},{"ancestorTitles":["HU2-273: Mis Postulaciones - Vista del Monitor"],"failureMessages":[],"fullName":"HU2-273: Mis Postulaciones - Vista del Monitor Debe mostrar los badges de estado de postulación correctamente","location":null,"status":"passed","title":"Debe mostrar los badges de estado de postulación correctamente"},{"ancestorTitles":["HU2-273: Mis Postulaciones - Vista del Monitor"],"failureMessages":[],"fullName":"HU2-273: Mis Postulaciones - Vista del Monitor Debe mostrar los estados de la convocatoria correctamente","location":null,"status":"passed","title":"Debe mostrar los estados de la convocatoria correctamente"},{"ancestorTitles":["HU2-273: Mis Postulaciones - Vista del Monitor"],"failureMessages":[],"fullName":"HU2-273: Mis Postulaciones - Vista del Monitor Debe mostrar las estadísticas de resumen correctamente","location":null,"status":"passed","title":"Debe mostrar las estadísticas de resumen correctamente"},{"ancestorTitles":["HU2-273: Mis Postulaciones - Vista del Monitor"],"failureMessages":[],"fullName":"HU2-273: Mis Postulaciones - Vista del Monitor Debe filtrar por estado \"En revisión\" correctamente","location":null,"status":"passed","title":"Debe filtrar por estado \"En revisión\" correctamente"},{"ancestorTitles":["HU2-273: Mis Postulaciones - Vista del Monitor"],"failureMessages":[],"fullName":"HU2-273: Mis Postulaciones - Vista del Monitor Debe abrir el modal de detalle al hacer clic en una tarjeta","location":null,"status":"passed","title":"Debe abrir el modal de detalle al hacer clic en una tarjeta"},{"ancestorTitles":["HU2-273: Mis Postulaciones - Vista del Monitor"],"failureMessages":[],"fullName":"HU2-273: Mis Postulaciones - Vista del Monitor Debe mostrar el banner de seleccionado en el modal si la postulación fue exitosa","location":null,"status":"passed","title":"Debe mostrar el banner de seleccionado en el modal si la postulación fue exitosa"},{"ancestorTitles":["HU2-273: Mis Postulaciones - Vista del Monitor"],"failureMessages":[],"fullName":"HU2-273: Mis Postulaciones - Vista del Monitor Debe cerrar el modal al hacer clic en el botón cerrar","location":null,"status":"passed","title":"Debe cerrar el modal al hacer clic en el botón cerrar"},{"ancestorTitles":["HU2-273: Mis Postulaciones - Vista del Monitor"],"failureMessages":[],"fullName":"HU2-273: Mis Postulaciones - Vista del Monitor Debe mostrar un PopUp de error cuando falla la carga de postulaciones","location":null,"status":"passed","title":"Debe mostrar un PopUp de error cuando falla la carga de postulaciones"},{"ancestorTitles":["HU2-273: Mis Postulaciones - Vista del Monitor"],"failureMessages":[],"fullName":"HU2-273: Mis Postulaciones - Vista del Monitor Debe llamar al endpoint correcto con el monitorId del localStorage","location":null,"status":"passed","title":"Debe llamar al endpoint correcto con el monitorId del localStorage"}],"endTime":1775575844519,"message":"","name":"C:\\Users\\Johan\\Desktop\\PDG\\PDG1_SistemaGestionDeMonitorias\\PDG-SIGMA-Front\\src\\__tests__\\MisPostulacionesHU2273.test.js","startTime":1775575843133,"status":"passed","summary":""},{"assertionResults":[{"ancestorTitles":["HU2-212 Login jfedpto flow"],"failureMessages":[],"fullName":"HU2-212 Login jfedpto flow logs in as head department and redirects to approvals view","location":null,"status":"passed","title":"logs in as head department and redirects to approvals view"},{"ancestorTitles":["HU2-212 Login jfedpto flow"],"failureMessages":[],"fullName":"HU2-212 Login jfedpto flow handles network error in jfedpto login without navigation","location":null,"status":"passed","title":"handles network error in jfedpto login without navigation"}],"endTime":1775575844562,"message":"","name":"C:\\Users\\Johan\\Desktop\\PDG\\PDG1_SistemaGestionDeMonitorias\\PDG-SIGMA-Front\\src\\__tests__\\LoginHU212.jefe.test.js","startTime":1775575842997,"status":"passed","summary":""},{"assertionResults":[{"ancestorTitles":["HU2-212 Login professor flow"],"failureMessages":[],"fullName":"HU2-212 Login professor flow logs in as professor and redirects to own calls view","location":null,"status":"passed","title":"logs in as professor and redirects to own calls view"},{"ancestorTitles":["HU2-212 Login professor flow"],"failureMessages":[],"fullName":"HU2-212 Login professor flow shows invalid credentials for professor login failure","location":null,"status":"passed","title":"shows invalid credentials for professor login failure"}],"endTime":1775575844774,"message":"","name":"C:\\Users\\Johan\\Desktop\\PDG\\PDG1_SistemaGestionDeMonitorias\\PDG-SIGMA-Front\\src\\__tests__\\LoginHU212.professor.test.js","startTime":1775575843234,"status":"passed","summary":""},{"assertionResults":[{"ancestorTitles":["Chat HU tests"],"failureMessages":[],"fullName":"Chat HU tests muestra historial de mensajes de la conversación","location":null,"status":"passed","title":"muestra historial de mensajes de la conversación"},{"ancestorTitles":["Chat HU tests"],"failureMessages":[],"fullName":"Chat HU tests envía mensaje de texto al endpoint de chat","location":null,"status":"passed","title":"envía mensaje de texto al endpoint de chat"},{"ancestorTitles":["Chat HU tests"],"failureMessages":[],"fullName":"Chat HU tests envía mensaje con adjunto al endpoint multipart","location":null,"status":"passed","title":"envía mensaje con adjunto al endpoint multipart"},{"ancestorTitles":["Chat HU tests"],"failureMessages":[],"fullName":"Chat HU tests jefe de departamento puede ver chat con profesor y enviar mensaje","location":null,"status":"passed","title":"jefe de departamento puede ver chat con profesor y enviar mensaje"}],"endTime":1775575844830,"message":"","name":"C:\\Users\\Johan\\Desktop\\PDG\\PDG1_SistemaGestionDeMonitorias\\PDG-SIGMA-Front\\src\\__tests__\\ChatHU.test.js","startTime":1775575842643,"status":"passed","summary":""},{"assertionResults":[{"ancestorTitles":["Profile"],"failureMessages":[],"fullName":"Profile renderiza perfil de profesor, muestra update button y filtra cursos por semestre","location":null,"status":"passed","title":"renderiza perfil de profesor, muestra update button y filtra cursos por semestre"},{"ancestorTitles":["Profile"],"failureMessages":[],"fullName":"Profile en rol monitor no muestra UpdateButton y muestra columna de profesor asignado","location":null,"status":"passed","title":"en rol monitor no muestra UpdateButton y muestra columna de profesor asignado"}],"endTime":1775575845600,"message":"","name":"C:\\Users\\Johan\\Desktop\\PDG\\PDG1_SistemaGestionDeMonitorias\\PDG-SIGMA-Front\\src\\__tests__\\Profile.test.js","startTime":1775575844830,"status":"passed","summary":""},{"assertionResults":[{"ancestorTitles":["HU-010 Frontend: Convocatorias (caducidad/cierre y casos extremos)"],"failureMessages":[],"fullName":"HU-010 Frontend: Convocatorias (caducidad/cierre y casos extremos) Debe reflejar convocatorias cerradas (APROBADA) sin accion de postulantes","location":null,"status":"passed","title":"Debe reflejar convocatorias cerradas (APROBADA) sin accion de postulantes"},{"ancestorTitles":["HU-010 Frontend: Convocatorias (caducidad/cierre y casos extremos)"],"failureMessages":[],"fullName":"HU-010 Frontend: Convocatorias (caducidad/cierre y casos extremos) Debe permitir filtrar por estado cerrado y mostrar solo convocatorias APROBADAS","location":null,"status":"passed","title":"Debe permitir filtrar por estado cerrado y mostrar solo convocatorias APROBADAS"},{"ancestorTitles":["HU-010 Frontend: Convocatorias (caducidad/cierre y casos extremos)"],"failureMessages":[],"fullName":"HU-010 Frontend: Convocatorias (caducidad/cierre y casos extremos) Debe mostrar popup de error ante fallo de carga (caso extremo de gestion)","location":null,"status":"passed","title":"Debe mostrar popup de error ante fallo de carga (caso extremo de gestion)"}],"endTime":1775575845598,"message":"","name":"C:\\Users\\Johan\\Desktop\\PDG\\PDG1_SistemaGestionDeMonitorias\\PDG-SIGMA-Front\\src\\__tests__\\ConvocatoriasCaducidadGestionHU010.test.js","startTime":1775575844384,"status":"passed","summary":""},{"assertionResults":[{"ancestorTitles":["Reports contextual help"],"failureMessages":[],"fullName":"Reports contextual help muestra y alterna ayudas contextuales por hover en cada reporte","location":null,"status":"passed","title":"muestra y alterna ayudas contextuales por hover en cada reporte"},{"ancestorTitles":["Reports contextual help"],"failureMessages":[],"fullName":"Reports contextual help abre ayuda por foco y la cierra con Escape","location":null,"status":"passed","title":"abre ayuda por foco y la cierra con Escape"},{"ancestorTitles":["Reports contextual help"],"failureMessages":[],"fullName":"Reports contextual help muestra el popup inicial de ayuda de filtros","location":null,"status":"passed","title":"muestra el popup inicial de ayuda de filtros"}],"endTime":1775575845680,"message":"","name":"C:\\Users\\Johan\\Desktop\\PDG\\PDG1_SistemaGestionDeMonitorias\\PDG-SIGMA-Front\\src\\__tests__\\ReportsHelp.test.js","startTime":1775575844537,"status":"passed","summary":""},{"assertionResults":[{"ancestorTitles":["Frontend: Registro, Planificación y Vista de Actividades"],"failureMessages":[],"fullName":"Frontend: Registro, Planificación y Vista de Actividades CreateActivity debe validar campos obligatorios al registrar actividad","location":null,"status":"passed","title":"CreateActivity debe validar campos obligatorios al registrar actividad"},{"ancestorTitles":["Frontend: Registro, Planificación y Vista de Actividades"],"failureMessages":[],"fullName":"Frontend: Registro, Planificación y Vista de Actividades PlanActividades debe renderizar y mostrar estado sin actividades del plan","location":null,"status":"passed","title":"PlanActividades debe renderizar y mostrar estado sin actividades del plan"},{"ancestorTitles":["Frontend: Registro, Planificación y Vista de Actividades"],"failureMessages":[],"fullName":"Frontend: Registro, Planificación y Vista de Actividades VistaMonitorActividades debe mostrar actividades asignadas y filtros base","location":null,"status":"passed","title":"VistaMonitorActividades debe mostrar actividades asignadas y filtros base"}],"endTime":1775575845728,"message":"","name":"C:\\Users\\Johan\\Desktop\\PDG\\PDG1_SistemaGestionDeMonitorias\\PDG-SIGMA-Front\\src\\__tests__\\ActividadesRegistroPlanVista.test.js","startTime":1775575844606,"status":"passed","summary":""},{"assertionResults":[{"ancestorTitles":["HU2-212 Login monitor flow"],"failureMessages":[],"fullName":"HU2-212 Login monitor flow logs in as monitor and redirects to open calls view","location":null,"status":"passed","title":"logs in as monitor and redirects to open calls view"},{"ancestorTitles":["HU2-212 Login monitor flow"],"failureMessages":[],"fullName":"HU2-212 Login monitor flow shows invalid credentials message when backend rejects login","location":null,"status":"passed","title":"shows invalid credentials message when backend rejects login"},{"ancestorTitles":["HU2-212 Login monitor flow"],"failureMessages":[],"fullName":"HU2-212 Login monitor flow logs in as professor and redirects to professor calls","location":null,"status":"passed","title":"logs in as professor and redirects to professor calls"},{"ancestorTitles":["HU2-212 Login monitor flow"],"failureMessages":[],"fullName":"HU2-212 Login monitor flow logs in as head department and redirects to approvals","location":null,"status":"passed","title":"logs in as head department and redirects to approvals"},{"ancestorTitles":["HU2-212 Login monitor flow"],"failureMessages":[],"fullName":"HU2-212 Login monitor flow logs in as student and uses default student route","location":null,"status":"passed","title":"logs in as student and uses default student route"},{"ancestorTitles":["HU2-212 Login monitor flow"],"failureMessages":[],"fullName":"HU2-212 Login monitor flow uses generic message for unknown roles","location":null,"status":"passed","title":"uses generic message for unknown roles"},{"ancestorTitles":["HU2-212 Login monitor flow"],"failureMessages":[],"fullName":"HU2-212 Login monitor flow toggles password visibility and caps lock warning","location":null,"status":"passed","title":"toggles password visibility and caps lock warning"},{"ancestorTitles":["HU2-212 Login monitor flow"],"failureMessages":[],"fullName":"HU2-212 Login monitor flow handles fetch errors without navigating","location":null,"status":"passed","title":"handles fetch errors without navigating"}],"endTime":1775575845897,"message":"","name":"C:\\Users\\Johan\\Desktop\\PDG\\PDG1_SistemaGestionDeMonitorias\\PDG-SIGMA-Front\\src\\__tests__\\LoginHU212.monitor.test.js","startTime":1775575837815,"status":"passed","summary":""},{"assertionResults":[{"ancestorTitles":["Frontend: Administración de monitorías"],"failureMessages":[],"fullName":"Frontend: Administración de monitorías Debe cancelar reasignación en UI sin llamar endpoint de selección","location":null,"status":"passed","title":"Debe cancelar reasignación en UI sin llamar endpoint de selección"},{"ancestorTitles":["Frontend: Administración de monitorías"],"failureMessages":[],"fullName":"Frontend: Administración de monitorías Debe habilitar acción administrativa solo al ingresar comentario y enviar endpoint correcto","location":null,"status":"passed","title":"Debe habilitar acción administrativa solo al ingresar comentario y enviar endpoint correcto"},{"ancestorTitles":["Frontend: Administración de monitorías"],"failureMessages":[],"fullName":"Frontend: Administración de monitorías Debe rechazar convocatoria y llamar endpoint de rechazo","location":null,"status":"passed","title":"Debe rechazar convocatoria y llamar endpoint de rechazo"},{"ancestorTitles":["Frontend: Administración de monitorías"],"failureMessages":[],"fullName":"Frontend: Administración de monitorías Debe modificar y aprobar convocatoria llamando endpoint PUT","location":null,"status":"passed","title":"Debe modificar y aprobar convocatoria llamando endpoint PUT"}],"endTime":1775575846048,"message":"","name":"C:\\Users\\Johan\\Desktop\\PDG\\PDG1_SistemaGestionDeMonitorias\\PDG-SIGMA-Front\\src\\__tests__\\AdministracionMonitoriasUI.test.js","startTime":1775575844625,"status":"passed","summary":""},{"assertionResults":[{"ancestorTitles":["Frontend: Popups y confirmación"],"failureMessages":[],"fullName":"Frontend: Popups y confirmación Debe permitir cancelar acción crítica en PopupDelete","location":null,"status":"passed","title":"Debe permitir cancelar acción crítica en PopupDelete"},{"ancestorTitles":["Frontend: Popups y confirmación"],"failureMessages":[],"fullName":"Frontend: Popups y confirmación Debe prevenir confirmación accidental cuando no se acepta checkbox","location":null,"status":"passed","title":"Debe prevenir confirmación accidental cuando no se acepta checkbox"},{"ancestorTitles":["Frontend: Popups y confirmación"],"failureMessages":[],"fullName":"Frontend: Popups y confirmación Debe soportar popups encadenados (cerrar uno y abrir el siguiente)","location":null,"status":"passed","title":"Debe soportar popups encadenados (cerrar uno y abrir el siguiente)"}],"endTime":1775575846471,"message":"","name":"C:\\Users\\Johan\\Desktop\\PDG\\PDG1_SistemaGestionDeMonitorias\\PDG-SIGMA-Front\\src\\__tests__\\PopupsConfirmacionFrontend.test.js","startTime":1775575845873,"status":"passed","summary":""},{"assertionResults":[{"ancestorTitles":["Frontend: Infraestructura y Arranque de la Aplicación"],"failureMessages":[],"fullName":"Frontend: Infraestructura y Arranque de la Aplicación debe redirigir de \"/\" a \"/Login\" y montar pantalla de login","location":null,"status":"passed","title":"debe redirigir de \"/\" a \"/Login\" y montar pantalla de login"},{"ancestorTitles":["Frontend: Infraestructura y Arranque de la Aplicación"],"failureMessages":[],"fullName":"Frontend: Infraestructura y Arranque de la Aplicación debe montar rutas principales sin crash","location":null,"status":"passed","title":"debe montar rutas principales sin crash"}],"endTime":1775575846503,"message":"","name":"C:\\Users\\Johan\\Desktop\\PDG\\PDG1_SistemaGestionDeMonitorias\\PDG-SIGMA-Front\\src\\__tests__\\InfraestructuraArranqueApp.test.js","startTime":1775575846010,"status":"passed","summary":""},{"assertionResults":[{"ancestorTitles":["MisEvaluacionesHU015"],"failureMessages":[],"fullName":"MisEvaluacionesHU015 permite registrar la lectura de una evaluación","location":null,"status":"passed","title":"permite registrar la lectura de una evaluación"}],"endTime":1775575846504,"message":"","name":"C:\\Users\\Johan\\Desktop\\PDG\\PDG1_SistemaGestionDeMonitorias\\PDG-SIGMA-Front\\src\\__tests__\\MisEvaluacionesHU015.test.js","startTime":1775575845843,"status":"passed","summary":""},{"assertionResults":[{"ancestorTitles":["Frontend: Componentes compartidos y utilidades"],"failureMessages":[],"fullName":"Frontend: Componentes compartidos y utilidades Alert debe mostrar mensaje por defecto y cerrar automáticamente","location":null,"status":"passed","title":"Alert debe mostrar mensaje por defecto y cerrar automáticamente"},{"ancestorTitles":["Frontend: Componentes compartidos y utilidades"],"failureMessages":[],"fullName":"Frontend: Componentes compartidos y utilidades AlertElect debe mostrar mensaje esperado","location":null,"status":"passed","title":"AlertElect debe mostrar mensaje esperado"},{"ancestorTitles":["Frontend: Componentes compartidos y utilidades"],"failureMessages":[],"fullName":"Frontend: Componentes compartidos y utilidades PopUp no renderiza contenido cuando show es false","location":null,"status":"passed","title":"PopUp no renderiza contenido cuando show es false"},{"ancestorTitles":["Frontend: Componentes compartidos y utilidades"],"failureMessages":[],"fullName":"Frontend: Componentes compartidos y utilidades PopUp debe ejecutar onClose al confirmar","location":null,"status":"passed","title":"PopUp debe ejecutar onClose al confirmar"},{"ancestorTitles":["Frontend: Componentes compartidos y utilidades"],"failureMessages":[],"fullName":"Frontend: Componentes compartidos y utilidades VerticalNavbar debe mostrar accesos base y notificaciones","location":null,"status":"passed","title":"VerticalNavbar debe mostrar accesos base y notificaciones"},{"ancestorTitles":["Frontend: Componentes compartidos y utilidades"],"failureMessages":[],"fullName":"Frontend: Componentes compartidos y utilidades getApiUrl debe construir URL con y sin slash inicial","location":null,"status":"passed","title":"getApiUrl debe construir URL con y sin slash inicial"},{"ancestorTitles":["Frontend: Componentes compartidos y utilidades"],"failureMessages":[],"fullName":"Frontend: Componentes compartidos y utilidades getApiUrl debe manejar path vacío","location":null,"status":"passed","title":"getApiUrl debe manejar path vacío"}],"endTime":1775575846549,"message":"","name":"C:\\Users\\Johan\\Desktop\\PDG\\PDG1_SistemaGestionDeMonitorias\\PDG-SIGMA-Front\\src\\__tests__\\ComponentesCompartidos.test.js","startTime":1775575845812,"status":"passed","summary":""}],"wasInterrupted":false}